{"C:\\Users\\chauh\\OneDrive\\Desktop\\Own AI Model Dream\\veda-ai-mobile\\App.tsx": {"path":"C:\\Users\\chauh\\OneDrive\\Desktop\\Own AI Model Dream\\veda-ai-mobile\\App.tsx","statementMap":{"0":{"start":{"line":33,"column":0},"end":{"line":36,"column":3}},"1":{"start":{"line":39,"column":0},"end":{"line":39,"column":36}},"2":{"start":{"line":43,"column":38},"end":{"line":43,"column":47}},"3":{"start":{"line":44,"column":32},"end":{"line":44,"column":47}},"4":{"start":{"line":45,"column":44},"end":{"line":45,"column":74}},"5":{"start":{"line":47,"column":2},"end":{"line":63,"column":9}},"6":{"start":{"line":49,"column":6},"end":{"line":59,"column":7}},"7":{"start":{"line":50,"column":22},"end":{"line":50,"column":67}},"8":{"start":{"line":51,"column":8},"end":{"line":55,"column":9}},"9":{"start":{"line":52,"column":10},"end":{"line":52,"column":33}},"10":{"start":{"line":54,"column":10},"end":{"line":54,"column":34}},"11":{"start":{"line":57,"column":8},"end":{"line":57,"column":24}},"12":{"start":{"line":58,"column":8},"end":{"line":58,"column":32}},"13":{"start":{"line":62,"column":4},"end":{"line":62,"column":23}},"14":{"start":{"line":66,"column":29},"end":{"line":73,"column":3}},"15":{"start":{"line":67,"column":4},"end":{"line":72,"column":5}},"16":{"start":{"line":68,"column":6},"end":{"line":68,"column":60}},"17":{"start":{"line":69,"column":6},"end":{"line":69,"column":30}},"18":{"start":{"line":71,"column":6},"end":{"line":71,"column":63}},"19":{"start":{"line":75,"column":2},"end":{"line":82,"column":3}},"20":{"start":{"line":77,"column":4},"end":{"line":81,"column":6}},"21":{"start":{"line":86,"column":2},"end":{"line":88,"column":3}},"22":{"start":{"line":87,"column":4},"end":{"line":87,"column":64}},"23":{"start":{"line":91,"column":2},"end":{"line":102,"column":3}},"24":{"start":{"line":92,"column":4},"end":{"line":101,"column":6}},"25":{"start":{"line":96,"column":12},"end":{"line":96,"column":27}},"26":{"start":{"line":97,"column":12},"end":{"line":97,"column":30}},"27":{"start":{"line":105,"column":2},"end":{"line":109,"column":4}},"28":{"start":{"line":107,"column":23},"end":{"line":107,"column":39}},"29":{"start":{"line":113,"column":38},"end":{"line":113,"column":59}},"30":{"start":{"line":116,"column":2},"end":{"line":167,"column":9}},"31":{"start":{"line":117,"column":20},"end":{"line":117,"column":24}},"32":{"start":{"line":122,"column":6},"end":{"line":150,"column":7}},"33":{"start":{"line":124,"column":8},"end":{"line":124,"column":107}},"34":{"start":{"line":124,"column":61},"end":{"line":124,"column":105}},"35":{"start":{"line":127,"column":28},"end":{"line":133,"column":9}},"36":{"start":{"line":135,"column":28},"end":{"line":137,"column":10}},"37":{"start":{"line":136,"column":10},"end":{"line":136,"column":57}},"38":{"start":{"line":140,"column":8},"end":{"line":143,"column":11}},"39":{"start":{"line":142,"column":33},"end":{"line":142,"column":58}},"40":{"start":{"line":145,"column":8},"end":{"line":145,"column":51}},"41":{"start":{"line":147,"column":8},"end":{"line":149,"column":9}},"42":{"start":{"line":148,"column":10},"end":{"line":148,"column":30}},"43":{"start":{"line":153,"column":4},"end":{"line":153,"column":14}},"44":{"start":{"line":156,"column":26},"end":{"line":161,"column":12}},"45":{"start":{"line":157,"column":6},"end":{"line":160,"column":7}},"46":{"start":{"line":158,"column":8},"end":{"line":158,"column":66}},"47":{"start":{"line":159,"column":8},"end":{"line":159,"column":28}},"48":{"start":{"line":163,"column":4},"end":{"line":166,"column":6}},"49":{"start":{"line":164,"column":6},"end":{"line":164,"column":24}},"50":{"start":{"line":165,"column":6},"end":{"line":165,"column":34}},"51":{"start":{"line":170,"column":2},"end":{"line":187,"column":9}},"52":{"start":{"line":171,"column":4},"end":{"line":173,"column":7}},"53":{"start":{"line":172,"column":6},"end":{"line":172,"column":51}},"54":{"start":{"line":172,"column":17},"end":{"line":172,"column":51}},"55":{"start":{"line":175,"column":20},"end":{"line":182,"column":5}},"56":{"start":{"line":177,"column":8},"end":{"line":177,"column":60}},"57":{"start":{"line":180,"column":8},"end":{"line":180,"column":56}},"58":{"start":{"line":184,"column":4},"end":{"line":186,"column":6}},"59":{"start":{"line":185,"column":6},"end":{"line":185,"column":16}},"60":{"start":{"line":190,"column":2},"end":{"line":194,"column":19}},"61":{"start":{"line":191,"column":4},"end":{"line":193,"column":5}},"62":{"start":{"line":192,"column":6},"end":{"line":192,"column":51}},"63":{"start":{"line":196,"column":2},"end":{"line":198,"column":3}},"64":{"start":{"line":197,"column":4},"end":{"line":197,"column":16}},"65":{"start":{"line":200,"column":2},"end":{"line":218,"column":4}},"66":{"start":{"line":221,"column":15},"end":{"line":234,"column":2}}},"fnMap":{"0":{"name":"AppContent","decl":{"start":{"line":42,"column":9},"end":{"line":42,"column":19}},"loc":{"start":{"line":42,"column":22},"end":{"line":110,"column":1}},"line":42},"1":{"name":"(anonymous_1)","decl":{"start":{"line":47,"column":18},"end":{"line":47,"column":19}},"loc":{"start":{"line":47,"column":24},"end":{"line":63,"column":3}},"line":47},"2":{"name":"checkFirstLaunch","decl":{"start":{"line":48,"column":19},"end":{"line":48,"column":35}},"loc":{"start":{"line":48,"column":38},"end":{"line":60,"column":5}},"line":48},"3":{"name":"(anonymous_3)","decl":{"start":{"line":66,"column":29},"end":{"line":66,"column":30}},"loc":{"start":{"line":66,"column":41},"end":{"line":73,"column":3}},"line":66},"4":{"name":"(anonymous_4)","decl":{"start":{"line":95,"column":20},"end":{"line":95,"column":21}},"loc":{"start":{"line":95,"column":32},"end":{"line":98,"column":11}},"line":95},"5":{"name":"(anonymous_5)","decl":{"start":{"line":107,"column":17},"end":{"line":107,"column":18}},"loc":{"start":{"line":107,"column":23},"end":{"line":107,"column":39}},"line":107},"6":{"name":"App","decl":{"start":{"line":112,"column":24},"end":{"line":112,"column":27}},"loc":{"start":{"line":112,"column":30},"end":{"line":219,"column":1}},"line":112},"7":{"name":"(anonymous_7)","decl":{"start":{"line":116,"column":18},"end":{"line":116,"column":19}},"loc":{"start":{"line":116,"column":24},"end":{"line":167,"column":3}},"line":116},"8":{"name":"prepare","decl":{"start":{"line":121,"column":19},"end":{"line":121,"column":26}},"loc":{"start":{"line":121,"column":29},"end":{"line":151,"column":5}},"line":121},"9":{"name":"(anonymous_9)","decl":{"start":{"line":124,"column":54},"end":{"line":124,"column":55}},"loc":{"start":{"line":124,"column":61},"end":{"line":124,"column":105}},"line":124},"10":{"name":"(anonymous_10)","decl":{"start":{"line":135,"column":44},"end":{"line":135,"column":45}},"loc":{"start":{"line":135,"column":53},"end":{"line":137,"column":9}},"line":135},"11":{"name":"(anonymous_11)","decl":{"start":{"line":142,"column":22},"end":{"line":142,"column":23}},"loc":{"start":{"line":142,"column":33},"end":{"line":142,"column":58}},"line":142},"12":{"name":"(anonymous_12)","decl":{"start":{"line":156,"column":37},"end":{"line":156,"column":38}},"loc":{"start":{"line":156,"column":43},"end":{"line":161,"column":5}},"line":156},"13":{"name":"(anonymous_13)","decl":{"start":{"line":163,"column":11},"end":{"line":163,"column":12}},"loc":{"start":{"line":163,"column":17},"end":{"line":166,"column":5}},"line":163},"14":{"name":"(anonymous_14)","decl":{"start":{"line":170,"column":18},"end":{"line":170,"column":19}},"loc":{"start":{"line":170,"column":24},"end":{"line":187,"column":3}},"line":170},"15":{"name":"(anonymous_15)","decl":{"start":{"line":171,"column":45},"end":{"line":171,"column":46}},"loc":{"start":{"line":171,"column":54},"end":{"line":173,"column":5}},"line":171},"16":{"name":"(anonymous_16)","decl":{"start":{"line":176,"column":6},"end":{"line":176,"column":7}},"loc":{"start":{"line":176,"column":22},"end":{"line":178,"column":7}},"line":176},"17":{"name":"(anonymous_17)","decl":{"start":{"line":179,"column":6},"end":{"line":179,"column":7}},"loc":{"start":{"line":179,"column":18},"end":{"line":181,"column":7}},"line":179},"18":{"name":"(anonymous_18)","decl":{"start":{"line":184,"column":11},"end":{"line":184,"column":12}},"loc":{"start":{"line":184,"column":17},"end":{"line":186,"column":5}},"line":184},"19":{"name":"(anonymous_19)","decl":{"start":{"line":190,"column":18},"end":{"line":190,"column":19}},"loc":{"start":{"line":190,"column":24},"end":{"line":194,"column":3}},"line":190}},"branchMap":{"0":{"loc":{"start":{"line":51,"column":8},"end":{"line":55,"column":9}},"type":"if","locations":[{"start":{"line":51,"column":8},"end":{"line":55,"column":9}},{"start":{"line":53,"column":15},"end":{"line":55,"column":9}}],"line":51},"1":{"loc":{"start":{"line":75,"column":2},"end":{"line":82,"column":3}},"type":"if","locations":[{"start":{"line":75,"column":2},"end":{"line":82,"column":3}},{"start":{},"end":{}}],"line":75},"2":{"loc":{"start":{"line":86,"column":2},"end":{"line":88,"column":3}},"type":"if","locations":[{"start":{"line":86,"column":2},"end":{"line":88,"column":3}},{"start":{},"end":{}}],"line":86},"3":{"loc":{"start":{"line":91,"column":2},"end":{"line":102,"column":3}},"type":"if","locations":[{"start":{"line":91,"column":2},"end":{"line":102,"column":3}},{"start":{},"end":{}}],"line":91},"4":{"loc":{"start":{"line":91,"column":6},"end":{"line":91,"column":45}},"type":"binary-expr","locations":[{"start":{"line":91,"column":6},"end":{"line":91,"column":10}},{"start":{"line":91,"column":15},"end":{"line":91,"column":22}},{"start":{"line":91,"column":26},"end":{"line":91,"column":44}}],"line":91},"5":{"loc":{"start":{"line":147,"column":8},"end":{"line":149,"column":9}},"type":"if","locations":[{"start":{"line":147,"column":8},"end":{"line":149,"column":9}},{"start":{},"end":{}}],"line":147},"6":{"loc":{"start":{"line":157,"column":6},"end":{"line":160,"column":7}},"type":"if","locations":[{"start":{"line":157,"column":6},"end":{"line":160,"column":7}},{"start":{},"end":{}}],"line":157},"7":{"loc":{"start":{"line":172,"column":6},"end":{"line":172,"column":51}},"type":"if","locations":[{"start":{"line":172,"column":6},"end":{"line":172,"column":51}},{"start":{},"end":{}}],"line":172},"8":{"loc":{"start":{"line":191,"column":4},"end":{"line":193,"column":5}},"type":"if","locations":[{"start":{"line":191,"column":4},"end":{"line":193,"column":5}},{"start":{},"end":{}}],"line":191},"9":{"loc":{"start":{"line":196,"column":2},"end":{"line":198,"column":3}},"type":"if","locations":[{"start":{"line":196,"column":2},"end":{"line":198,"column":3}},{"start":{},"end":{}}],"line":196}},"s":{"0":0,"1":0,"2":0,"3":0,"4":0,"5":0,"6":0,"7":0,"8":0,"9":0,"10":0,"11":0,"12":0,"13":0,"14":0,"15":0,"16":0,"17":0,"18":0,"19":0,"20":0,"21":0,"22":0,"23":0,"24":0,"25":0,"26":0,"27":0,"28":0,"29":0,"30":0,"31":0,"32":0,"33":0,"34":0,"35":0,"36":0,"37":0,"38":0,"39":0,"40":0,"41":0,"42":0,"43":0,"44":0,"45":0,"46":0,"47":0,"48":0,"49":0,"50":0,"51":0,"52":0,"53":0,"54":0,"55":0,"56":0,"57":0,"58":0,"59":0,"60":0,"61":0,"62":0,"63":0,"64":0,"65":0,"66":0},"f":{"0":0,"1":0,"2":0,"3":0,"4":0,"5":0,"6":0,"7":0,"8":0,"9":0,"10":0,"11":0,"12":0,"13":0,"14":0,"15":0,"16":0,"17":0,"18":0,"19":0},"b":{"0":[0,0],"1":[0,0],"2":[0,0],"3":[0,0],"4":[0,0,0],"5":[0,0],"6":[0,0],"7":[0,0],"8":[0,0],"9":[0,0]}}
,"C:\\Users\\chauh\\OneDrive\\Desktop\\Own AI Model Dream\\veda-ai-mobile\\generate-locales.js": {"path":"C:\\Users\\chauh\\OneDrive\\Desktop\\Own AI Model Dream\\veda-ai-mobile\\generate-locales.js","statementMap":{"0":{"start":{"line":1,"column":11},"end":{"line":1,"column":24}},"1":{"start":{"line":2,"column":13},"end":{"line":2,"column":28}},"2":{"start":{"line":5,"column":19},"end":{"line":5,"column":57}},"3":{"start":{"line":6,"column":15},"end":{"line":6,"column":47}},"4":{"start":{"line":9,"column":0},"end":{"line":12,"column":1}},"5":{"start":{"line":10,"column":4},"end":{"line":10,"column":62}},"6":{"start":{"line":11,"column":4},"end":{"line":11,"column":20}},"7":{"start":{"line":15,"column":18},"end":{"line":15,"column":49}},"8":{"start":{"line":18,"column":18},"end":{"line":24,"column":1}},"9":{"start":{"line":26,"column":0},"end":{"line":26,"column":69}},"10":{"start":{"line":28,"column":0},"end":{"line":44,"column":3}},"11":{"start":{"line":29,"column":21},"end":{"line":29,"column":58}},"12":{"start":{"line":34,"column":4},"end":{"line":43,"column":5}},"13":{"start":{"line":35,"column":8},"end":{"line":40,"column":9}},"14":{"start":{"line":36,"column":12},"end":{"line":36,"column":50}},"15":{"start":{"line":37,"column":12},"end":{"line":37,"column":50}},"16":{"start":{"line":39,"column":12},"end":{"line":39,"column":68}},"17":{"start":{"line":42,"column":8},"end":{"line":42,"column":61}},"18":{"start":{"line":46,"column":0},"end":{"line":46,"column":46}}},"fnMap":{"0":{"name":"(anonymous_0)","decl":{"start":{"line":28,"column":18},"end":{"line":28,"column":19}},"loc":{"start":{"line":28,"column":26},"end":{"line":44,"column":1}},"line":28}},"branchMap":{"0":{"loc":{"start":{"line":9,"column":0},"end":{"line":12,"column":1}},"type":"if","locations":[{"start":{"line":9,"column":0},"end":{"line":12,"column":1}},{"start":{},"end":{}}],"line":9},"1":{"loc":{"start":{"line":35,"column":8},"end":{"line":40,"column":9}},"type":"if","locations":[{"start":{"line":35,"column":8},"end":{"line":40,"column":9}},{"start":{"line":38,"column":15},"end":{"line":40,"column":9}}],"line":35}},"s":{"0":0,"1":0,"2":0,"3":0,"4":0,"5":0,"6":0,"7":0,"8":0,"9":0,"10":0,"11":0,"12":0,"13":0,"14":0,"15":0,"16":0,"17":0,"18":0},"f":{"0":0},"b":{"0":[0,0],"1":[0,0]}}
,"C:\\Users\\chauh\\OneDrive\\Desktop\\Own AI Model Dream\\veda-ai-mobile\\index.ts": {"path":"C:\\Users\\chauh\\OneDrive\\Desktop\\Own AI Model Dream\\veda-ai-mobile\\index.ts","statementMap":{"0":{"start":{"line":9,"column":0},"end":{"line":9,"column":27}}},"fnMap":{},"branchMap":{},"s":{"0":0},"f":{},"b":{}}
,"C:\\Users\\chauh\\OneDrive\\Desktop\\Own AI Model Dream\\veda-ai-mobile\\jest.config.js": {"path":"C:\\Users\\chauh\\OneDrive\\Desktop\\Own AI Model Dream\\veda-ai-mobile\\jest.config.js","statementMap":{"0":{"start":{"line":1,"column":0},"end":{"line":15,"column":2}}},"fnMap":{},"branchMap":{},"s":{"0":0},"f":{},"b":{}}
,"C:\\Users\\chauh\\OneDrive\\Desktop\\Own AI Model Dream\\veda-ai-mobile\\src\\components\\Confetti.tsx": {"path":"C:\\Users\\chauh\\OneDrive\\Desktop\\Own AI Model Dream\\veda-ai-mobile\\src\\components\\Confetti.tsx","statementMap":{"0":{"start":{"line":13,"column":26},"end":{"line":13,"column":50}},"1":{"start":{"line":14,"column":23},"end":{"line":14,"column":25}},"2":{"start":{"line":15,"column":15},"end":{"line":15,"column":70}},"3":{"start":{"line":22,"column":17},"end":{"line":55,"column":1}},"4":{"start":{"line":23,"column":14},"end":{"line":23,"column":51}},"5":{"start":{"line":24,"column":14},"end":{"line":24,"column":33}},"6":{"start":{"line":25,"column":19},"end":{"line":25,"column":36}},"7":{"start":{"line":26,"column":20},"end":{"line":26,"column":37}},"8":{"start":{"line":28,"column":4},"end":{"line":42,"column":11}},"9":{"start":{"line":29,"column":25},"end":{"line":29,"column":52}},"10":{"start":{"line":30,"column":24},"end":{"line":30,"column":61}},"11":{"start":{"line":32,"column":8},"end":{"line":37,"column":11}},"12":{"start":{"line":36,"column":12},"end":{"line":36,"column":48}},"13":{"start":{"line":36,"column":26},"end":{"line":36,"column":48}},"14":{"start":{"line":39,"column":8},"end":{"line":39,"column":52}},"15":{"start":{"line":40,"column":8},"end":{"line":40,"column":57}},"16":{"start":{"line":41,"column":8},"end":{"line":41,"column":95}},"17":{"start":{"line":44,"column":26},"end":{"line":52,"column":7}},"18":{"start":{"line":44,"column":50},"end":{"line":52,"column":5}},"19":{"start":{"line":54,"column":4},"end":{"line":54,"column":70}},"20":{"start":{"line":61,"column":17},"end":{"line":87,"column":2}},"21":{"start":{"line":62,"column":26},"end":{"line":62,"column":37}},"22":{"start":{"line":63,"column":32},"end":{"line":63,"column":47}},"23":{"start":{"line":65,"column":4},"end":{"line":70,"column":8}},"24":{"start":{"line":65,"column":36},"end":{"line":70,"column":5}},"25":{"start":{"line":67,"column":12},"end":{"line":67,"column":37}},"26":{"start":{"line":67,"column":27},"end":{"line":67,"column":35}},"27":{"start":{"line":68,"column":12},"end":{"line":68,"column":28}},"28":{"start":{"line":72,"column":4},"end":{"line":72,"column":29}},"29":{"start":{"line":72,"column":17},"end":{"line":72,"column":29}},"30":{"start":{"line":74,"column":4},"end":{"line":86,"column":6}},"31":{"start":{"line":77,"column":16},"end":{"line":83,"column":18}},"32":{"start":{"line":81,"column":24},"end":{"line":81,"column":71}},"33":{"start":{"line":81,"column":54},"end":{"line":81,"column":71}},"34":{"start":{"line":89,"column":15},"end":{"line":96,"column":2}}},"fnMap":{"0":{"name":"(anonymous_0)","decl":{"start":{"line":22,"column":17},"end":{"line":22,"column":18}},"loc":{"start":{"line":22,"column":59},"end":{"line":55,"column":1}},"line":22},"1":{"name":"(anonymous_1)","decl":{"start":{"line":28,"column":14},"end":{"line":28,"column":15}},"loc":{"start":{"line":28,"column":20},"end":{"line":42,"column":5}},"line":28},"2":{"name":"(anonymous_2)","decl":{"start":{"line":35,"column":11},"end":{"line":35,"column":12}},"loc":{"start":{"line":35,"column":25},"end":{"line":37,"column":9}},"line":35},"3":{"name":"(anonymous_3)","decl":{"start":{"line":44,"column":43},"end":{"line":44,"column":44}},"loc":{"start":{"line":44,"column":50},"end":{"line":52,"column":5}},"line":44},"4":{"name":"(anonymous_4)","decl":{"start":{"line":61,"column":41},"end":{"line":61,"column":42}},"loc":{"start":{"line":61,"column":53},"end":{"line":87,"column":1}},"line":61},"5":{"name":"(anonymous_5)","decl":{"start":{"line":65,"column":29},"end":{"line":65,"column":30}},"loc":{"start":{"line":65,"column":36},"end":{"line":70,"column":5}},"line":65},"6":{"name":"(anonymous_6)","decl":{"start":{"line":66,"column":17},"end":{"line":66,"column":18}},"loc":{"start":{"line":66,"column":23},"end":{"line":69,"column":9}},"line":66},"7":{"name":"(anonymous_7)","decl":{"start":{"line":67,"column":19},"end":{"line":67,"column":20}},"loc":{"start":{"line":67,"column":27},"end":{"line":67,"column":35}},"line":67},"8":{"name":"(anonymous_8)","decl":{"start":{"line":76,"column":56},"end":{"line":76,"column":57}},"loc":{"start":{"line":77,"column":16},"end":{"line":83,"column":18}},"line":77},"9":{"name":"(anonymous_9)","decl":{"start":{"line":80,"column":32},"end":{"line":80,"column":33}},"loc":{"start":{"line":80,"column":38},"end":{"line":82,"column":21}},"line":80}},"branchMap":{"0":{"loc":{"start":{"line":36,"column":12},"end":{"line":36,"column":48}},"type":"if","locations":[{"start":{"line":36,"column":12},"end":{"line":36,"column":48}},{"start":{},"end":{}}],"line":36},"1":{"loc":{"start":{"line":72,"column":4},"end":{"line":72,"column":29}},"type":"if","locations":[{"start":{"line":72,"column":4},"end":{"line":72,"column":29}},{"start":{},"end":{}}],"line":72},"2":{"loc":{"start":{"line":81,"column":24},"end":{"line":81,"column":71}},"type":"if","locations":[{"start":{"line":81,"column":24},"end":{"line":81,"column":71}},{"start":{},"end":{}}],"line":81}},"s":{"0":0,"1":0,"2":0,"3":0,"4":0,"5":0,"6":0,"7":0,"8":0,"9":0,"10":0,"11":0,"12":0,"13":0,"14":0,"15":0,"16":0,"17":0,"18":0,"19":0,"20":0,"21":0,"22":0,"23":0,"24":0,"25":0,"26":0,"27":0,"28":0,"29":0,"30":0,"31":0,"32":0,"33":0,"34":0},"f":{"0":0,"1":0,"2":0,"3":0,"4":0,"5":0,"6":0,"7":0,"8":0,"9":0},"b":{"0":[0,0],"1":[0,0],"2":[0,0]}}
,"C:\\Users\\chauh\\OneDrive\\Desktop\\Own AI Model Dream\\veda-ai-mobile\\src\\components\\LanguageSettingsModal.tsx": {"path":"C:\\Users\\chauh\\OneDrive\\Desktop\\Own AI Model Dream\\veda-ai-mobile\\src\\components\\LanguageSettingsModal.tsx","statementMap":{"0":{"start":{"line":26,"column":31},"end":{"line":26,"column":41}},"1":{"start":{"line":27,"column":21},"end":{"line":27,"column":37}},"2":{"start":{"line":28,"column":42},"end":{"line":28,"column":54}},"3":{"start":{"line":29,"column":44},"end":{"line":29,"column":67}},"4":{"start":{"line":30,"column":19},"end":{"line":30,"column":38}},"5":{"start":{"line":33,"column":40},"end":{"line":33,"column":54}},"6":{"start":{"line":34,"column":40},"end":{"line":34,"column":54}},"7":{"start":{"line":36,"column":4},"end":{"line":40,"column":33}},"8":{"start":{"line":37,"column":8},"end":{"line":39,"column":9}},"9":{"start":{"line":38,"column":12},"end":{"line":38,"column":43}},"10":{"start":{"line":42,"column":30},"end":{"line":45,"column":5}},"11":{"start":{"line":43,"column":5},"end":{"line":44,"column":73}},"12":{"start":{"line":47,"column":28},"end":{"line":47,"column":82}},"13":{"start":{"line":47,"column":58},"end":{"line":47,"column":81}},"14":{"start":{"line":48,"column":28},"end":{"line":48,"column":82}},"15":{"start":{"line":48,"column":58},"end":{"line":48,"column":81}},"16":{"start":{"line":50,"column":25},"end":{"line":56,"column":5}},"17":{"start":{"line":51,"column":8},"end":{"line":51,"column":33}},"18":{"start":{"line":52,"column":8},"end":{"line":52,"column":34}},"19":{"start":{"line":53,"column":8},"end":{"line":53,"column":52}},"20":{"start":{"line":54,"column":8},"end":{"line":54,"column":76}},"21":{"start":{"line":55,"column":8},"end":{"line":55,"column":41}},"22":{"start":{"line":55,"column":25},"end":{"line":55,"column":34}},"23":{"start":{"line":58,"column":31},"end":{"line":94,"column":5}},"24":{"start":{"line":59,"column":27},"end":{"line":59,"column":53}},"25":{"start":{"line":61,"column":24},"end":{"line":61,"column":49}},"26":{"start":{"line":63,"column":8},"end":{"line":93,"column":10}},"27":{"start":{"line":73,"column":31},"end":{"line":73,"column":54}},"28":{"start":{"line":96,"column":32},"end":{"line":117,"column":5}},"29":{"start":{"line":97,"column":8},"end":{"line":116,"column":27}},"30":{"start":{"line":100,"column":16},"end":{"line":100,"column":41}},"31":{"start":{"line":101,"column":16},"end":{"line":101,"column":27}},"32":{"start":{"line":119,"column":4},"end":{"line":213,"column":6}},"33":{"start":{"line":160,"column":61},"end":{"line":160,"column":79}},"34":{"start":{"line":168,"column":42},"end":{"line":168,"column":46}},"35":{"start":{"line":169,"column":44},"end":{"line":169,"column":51}},"36":{"start":{"line":181,"column":50},"end":{"line":181,"column":76}},"37":{"start":{"line":185,"column":77},"end":{"line":185,"column":111}},"38":{"start":{"line":198,"column":50},"end":{"line":198,"column":76}},"39":{"start":{"line":202,"column":77},"end":{"line":202,"column":111}},"40":{"start":{"line":216,"column":15},"end":{"line":303,"column":2}}},"fnMap":{"0":{"name":"LanguageSettingsModal","decl":{"start":{"line":25,"column":24},"end":{"line":25,"column":45}},"loc":{"start":{"line":25,"column":96},"end":{"line":214,"column":1}},"line":25},"1":{"name":"(anonymous_1)","decl":{"start":{"line":36,"column":14},"end":{"line":36,"column":15}},"loc":{"start":{"line":36,"column":20},"end":{"line":40,"column":5}},"line":36},"2":{"name":"(anonymous_2)","decl":{"start":{"line":42,"column":47},"end":{"line":42,"column":48}},"loc":{"start":{"line":43,"column":5},"end":{"line":44,"column":73}},"line":43},"3":{"name":"(anonymous_3)","decl":{"start":{"line":47,"column":53},"end":{"line":47,"column":54}},"loc":{"start":{"line":47,"column":58},"end":{"line":47,"column":81}},"line":47},"4":{"name":"(anonymous_4)","decl":{"start":{"line":48,"column":53},"end":{"line":48,"column":54}},"loc":{"start":{"line":48,"column":58},"end":{"line":48,"column":81}},"line":48},"5":{"name":"(anonymous_5)","decl":{"start":{"line":50,"column":25},"end":{"line":50,"column":26}},"loc":{"start":{"line":50,"column":53},"end":{"line":56,"column":5}},"line":50},"6":{"name":"(anonymous_6)","decl":{"start":{"line":55,"column":19},"end":{"line":55,"column":20}},"loc":{"start":{"line":55,"column":25},"end":{"line":55,"column":34}},"line":55},"7":{"name":"(anonymous_7)","decl":{"start":{"line":58,"column":31},"end":{"line":58,"column":32}},"loc":{"start":{"line":58,"column":76},"end":{"line":94,"column":5}},"line":58},"8":{"name":"(anonymous_8)","decl":{"start":{"line":73,"column":25},"end":{"line":73,"column":26}},"loc":{"start":{"line":73,"column":31},"end":{"line":73,"column":54}},"line":73},"9":{"name":"(anonymous_9)","decl":{"start":{"line":96,"column":32},"end":{"line":96,"column":33}},"loc":{"start":{"line":97,"column":8},"end":{"line":116,"column":27}},"line":97},"10":{"name":"(anonymous_10)","decl":{"start":{"line":99,"column":21},"end":{"line":99,"column":22}},"loc":{"start":{"line":99,"column":27},"end":{"line":102,"column":13}},"line":99},"11":{"name":"(anonymous_11)","decl":{"start":{"line":160,"column":55},"end":{"line":160,"column":56}},"loc":{"start":{"line":160,"column":61},"end":{"line":160,"column":79}},"line":160},"12":{"name":"(anonymous_12)","decl":{"start":{"line":168,"column":36},"end":{"line":168,"column":37}},"loc":{"start":{"line":168,"column":42},"end":{"line":168,"column":46}},"line":168},"13":{"name":"(anonymous_13)","decl":{"start":{"line":169,"column":38},"end":{"line":169,"column":39}},"loc":{"start":{"line":169,"column":44},"end":{"line":169,"column":51}},"line":169},"14":{"name":"(anonymous_14)","decl":{"start":{"line":181,"column":44},"end":{"line":181,"column":45}},"loc":{"start":{"line":181,"column":50},"end":{"line":181,"column":76}},"line":181},"15":{"name":"(anonymous_15)","decl":{"start":{"line":185,"column":69},"end":{"line":185,"column":70}},"loc":{"start":{"line":185,"column":77},"end":{"line":185,"column":111}},"line":185},"16":{"name":"(anonymous_16)","decl":{"start":{"line":198,"column":44},"end":{"line":198,"column":45}},"loc":{"start":{"line":198,"column":50},"end":{"line":198,"column":76}},"line":198},"17":{"name":"(anonymous_17)","decl":{"start":{"line":202,"column":69},"end":{"line":202,"column":70}},"loc":{"start":{"line":202,"column":77},"end":{"line":202,"column":111}},"line":202}},"branchMap":{"0":{"loc":{"start":{"line":37,"column":8},"end":{"line":39,"column":9}},"type":"if","locations":[{"start":{"line":37,"column":8},"end":{"line":39,"column":9}},{"start":{},"end":{}}],"line":37},"1":{"loc":{"start":{"line":43,"column":5},"end":{"line":44,"column":73}},"type":"binary-expr","locations":[{"start":{"line":43,"column":5},"end":{"line":43,"column":64}},{"start":{"line":44,"column":8},"end":{"line":44,"column":73}}],"line":43},"2":{"loc":{"start":{"line":69,"column":41},"end":{"line":69,"column":102}},"type":"cond-expr","locations":[{"start":{"line":69,"column":55},"end":{"line":69,"column":85}},{"start":{"line":69,"column":89},"end":{"line":69,"column":102}}],"line":69},"3":{"loc":{"start":{"line":69,"column":55},"end":{"line":69,"column":85}},"type":"cond-expr","locations":[{"start":{"line":69,"column":64},"end":{"line":69,"column":73}},{"start":{"line":69,"column":76},"end":{"line":69,"column":85}}],"line":69},"4":{"loc":{"start":{"line":70,"column":37},"end":{"line":70,"column":80}},"type":"cond-expr","locations":[{"start":{"line":70,"column":50},"end":{"line":70,"column":64}},{"start":{"line":70,"column":67},"end":{"line":70,"column":80}}],"line":70},"5":{"loc":{"start":{"line":79,"column":35},"end":{"line":79,"column":76}},"type":"cond-expr","locations":[{"start":{"line":79,"column":48},"end":{"line":79,"column":62}},{"start":{"line":79,"column":65},"end":{"line":79,"column":76}}],"line":79},"6":{"loc":{"start":{"line":80,"column":40},"end":{"line":80,"column":66}},"type":"cond-expr","locations":[{"start":{"line":80,"column":53},"end":{"line":80,"column":58}},{"start":{"line":80,"column":61},"end":{"line":80,"column":66}}],"line":80},"7":{"loc":{"start":{"line":89,"column":17},"end":{"line":91,"column":17}},"type":"binary-expr","locations":[{"start":{"line":89,"column":17},"end":{"line":89,"column":27}},{"start":{"line":90,"column":20},"end":{"line":90,"column":89}}],"line":89},"8":{"loc":{"start":{"line":98,"column":61},"end":{"line":98,"column":93}},"type":"cond-expr","locations":[{"start":{"line":98,"column":70},"end":{"line":98,"column":81}},{"start":{"line":98,"column":84},"end":{"line":98,"column":93}}],"line":98},"9":{"loc":{"start":{"line":107,"column":63},"end":{"line":107,"column":93}},"type":"cond-expr","locations":[{"start":{"line":107,"column":72},"end":{"line":107,"column":81}},{"start":{"line":107,"column":84},"end":{"line":107,"column":93}}],"line":107},"10":{"loc":{"start":{"line":112,"column":22},"end":{"line":112,"column":60}},"type":"cond-expr","locations":[{"start":{"line":112,"column":31},"end":{"line":112,"column":43}},{"start":{"line":112,"column":46},"end":{"line":112,"column":60}}],"line":112},"11":{"loc":{"start":{"line":128,"column":31},"end":{"line":128,"column":63}},"type":"cond-expr","locations":[{"start":{"line":128,"column":55},"end":{"line":128,"column":57}},{"start":{"line":128,"column":60},"end":{"line":128,"column":63}}],"line":128},"12":{"loc":{"start":{"line":129,"column":26},"end":{"line":129,"column":51}},"type":"cond-expr","locations":[{"start":{"line":129,"column":35},"end":{"line":129,"column":41}},{"start":{"line":129,"column":44},"end":{"line":129,"column":51}}],"line":129},"13":{"loc":{"start":{"line":136,"column":41},"end":{"line":136,"column":76}},"type":"cond-expr","locations":[{"start":{"line":136,"column":50},"end":{"line":136,"column":67}},{"start":{"line":136,"column":70},"end":{"line":136,"column":76}}],"line":136},"14":{"loc":{"start":{"line":150,"column":77},"end":{"line":150,"column":109}},"type":"cond-expr","locations":[{"start":{"line":150,"column":86},"end":{"line":150,"column":97}},{"start":{"line":150,"column":100},"end":{"line":150,"column":109}}],"line":150},"15":{"loc":{"start":{"line":159,"column":25},"end":{"line":163,"column":25}},"type":"binary-expr","locations":[{"start":{"line":159,"column":25},"end":{"line":159,"column":47}},{"start":{"line":160,"column":28},"end":{"line":162,"column":47}}],"line":159},"16":{"loc":{"start":{"line":175,"column":33},"end":{"line":189,"column":33}},"type":"binary-expr","locations":[{"start":{"line":175,"column":33},"end":{"line":175,"column":59}},{"start":{"line":176,"column":36},"end":{"line":188,"column":43}}],"line":175},"17":{"loc":{"start":{"line":183,"column":41},"end":{"line":187,"column":41}},"type":"binary-expr","locations":[{"start":{"line":183,"column":41},"end":{"line":183,"column":51}},{"start":{"line":184,"column":44},"end":{"line":186,"column":51}}],"line":183},"18":{"loc":{"start":{"line":192,"column":33},"end":{"line":206,"column":33}},"type":"binary-expr","locations":[{"start":{"line":192,"column":33},"end":{"line":192,"column":59}},{"start":{"line":193,"column":36},"end":{"line":205,"column":43}}],"line":192},"19":{"loc":{"start":{"line":200,"column":41},"end":{"line":204,"column":41}},"type":"binary-expr","locations":[{"start":{"line":200,"column":41},"end":{"line":200,"column":51}},{"start":{"line":201,"column":44},"end":{"line":203,"column":51}}],"line":200}},"s":{"0":0,"1":0,"2":0,"3":0,"4":0,"5":0,"6":0,"7":0,"8":0,"9":0,"10":0,"11":0,"12":0,"13":0,"14":0,"15":0,"16":0,"17":0,"18":0,"19":0,"20":0,"21":0,"22":0,"23":0,"24":0,"25":0,"26":0,"27":0,"28":0,"29":0,"30":0,"31":0,"32":0,"33":0,"34":0,"35":0,"36":0,"37":0,"38":0,"39":0,"40":0},"f":{"0":0,"1":0,"2":0,"3":0,"4":0,"5":0,"6":0,"7":0,"8":0,"9":0,"10":0,"11":0,"12":0,"13":0,"14":0,"15":0,"16":0,"17":0},"b":{"0":[0,0],"1":[0,0],"2":[0,0],"3":[0,0],"4":[0,0],"5":[0,0],"6":[0,0],"7":[0,0],"8":[0,0],"9":[0,0],"10":[0,0],"11":[0,0],"12":[0,0],"13":[0,0],"14":[0,0],"15":[0,0],"16":[0,0],"17":[0,0],"18":[0,0],"19":[0,0]}}
,"C:\\Users\\chauh\\OneDrive\\Desktop\\Own AI Model Dream\\veda-ai-mobile\\src\\components\\SourcesCitation.tsx": {"path":"C:\\Users\\chauh\\OneDrive\\Desktop\\Own AI Model Dream\\veda-ai-mobile\\src\\components\\SourcesCitation.tsx","statementMap":{"0":{"start":{"line":36,"column":31},"end":{"line":36,"column":41}},"1":{"start":{"line":39,"column":27},"end":{"line":39,"column":53}},"2":{"start":{"line":39,"column":47},"end":{"line":39,"column":52}},"3":{"start":{"line":41,"column":4},"end":{"line":43,"column":5}},"4":{"start":{"line":42,"column":8},"end":{"line":42,"column":20}},"5":{"start":{"line":45,"column":27},"end":{"line":57,"column":5}},"6":{"start":{"line":46,"column":8},"end":{"line":56,"column":9}},"7":{"start":{"line":47,"column":12},"end":{"line":51,"column":15}},"8":{"start":{"line":53,"column":12},"end":{"line":53,"column":55}},"9":{"start":{"line":55,"column":12},"end":{"line":55,"column":95}},"10":{"start":{"line":55,"column":57},"end":{"line":55,"column":93}},"11":{"start":{"line":59,"column":24},"end":{"line":65,"column":5}},"12":{"start":{"line":60,"column":8},"end":{"line":64,"column":9}},"13":{"start":{"line":61,"column":12},"end":{"line":61,"column":61}},"14":{"start":{"line":63,"column":12},"end":{"line":63,"column":28}},"15":{"start":{"line":67,"column":26},"end":{"line":71,"column":5}},"16":{"start":{"line":68,"column":8},"end":{"line":68,"column":50}},"17":{"start":{"line":68,"column":28},"end":{"line":68,"column":50}},"18":{"start":{"line":69,"column":25},"end":{"line":69,"column":48}},"19":{"start":{"line":70,"column":8},"end":{"line":70,"column":77}},"20":{"start":{"line":73,"column":4},"end":{"line":163,"column":6}},"21":{"start":{"line":99,"column":39},"end":{"line":99,"column":76}},"22":{"start":{"line":121,"column":32},"end":{"line":142,"column":51}},"23":{"start":{"line":127,"column":51},"end":{"line":127,"column":77}},"24":{"start":{"line":172,"column":23},"end":{"line":172,"column":33}},"25":{"start":{"line":174,"column":4},"end":{"line":174,"column":28}},"26":{"start":{"line":174,"column":16},"end":{"line":174,"column":28}},"27":{"start":{"line":176,"column":26},"end":{"line":184,"column":5}},"28":{"start":{"line":177,"column":8},"end":{"line":183,"column":9}},"29":{"start":{"line":178,"column":27},"end":{"line":178,"column":44}},"30":{"start":{"line":179,"column":29},"end":{"line":179,"column":46}},"31":{"start":{"line":180,"column":25},"end":{"line":180,"column":42}},"32":{"start":{"line":181,"column":34},"end":{"line":181,"column":51}},"33":{"start":{"line":182,"column":21},"end":{"line":182,"column":43}},"34":{"start":{"line":186,"column":25},"end":{"line":194,"column":5}},"35":{"start":{"line":187,"column":8},"end":{"line":193,"column":9}},"36":{"start":{"line":188,"column":27},"end":{"line":188,"column":51}},"37":{"start":{"line":189,"column":29},"end":{"line":189,"column":54}},"38":{"start":{"line":190,"column":25},"end":{"line":190,"column":52}},"39":{"start":{"line":191,"column":34},"end":{"line":191,"column":59}},"40":{"start":{"line":192,"column":21},"end":{"line":192,"column":47}},"41":{"start":{"line":196,"column":18},"end":{"line":196,"column":33}},"42":{"start":{"line":198,"column":4},"end":{"line":208,"column":6}},"43":{"start":{"line":211,"column":15},"end":{"line":328,"column":2}}},"fnMap":{"0":{"name":"SourcesCitation","decl":{"start":{"line":28,"column":16},"end":{"line":28,"column":31}},"loc":{"start":{"line":35,"column":25},"end":{"line":164,"column":1}},"line":35},"1":{"name":"(anonymous_1)","decl":{"start":{"line":39,"column":42},"end":{"line":39,"column":43}},"loc":{"start":{"line":39,"column":47},"end":{"line":39,"column":52}},"line":39},"2":{"name":"(anonymous_2)","decl":{"start":{"line":45,"column":27},"end":{"line":45,"column":28}},"loc":{"start":{"line":45,"column":50},"end":{"line":57,"column":5}},"line":45},"3":{"name":"(anonymous_3)","decl":{"start":{"line":55,"column":39},"end":{"line":55,"column":40}},"loc":{"start":{"line":55,"column":57},"end":{"line":55,"column":93}},"line":55},"4":{"name":"(anonymous_4)","decl":{"start":{"line":59,"column":24},"end":{"line":59,"column":25}},"loc":{"start":{"line":59,"column":41},"end":{"line":65,"column":5}},"line":59},"5":{"name":"(anonymous_5)","decl":{"start":{"line":67,"column":26},"end":{"line":67,"column":27}},"loc":{"start":{"line":67,"column":46},"end":{"line":71,"column":5}},"line":67},"6":{"name":"(anonymous_6)","decl":{"start":{"line":99,"column":33},"end":{"line":99,"column":34}},"loc":{"start":{"line":99,"column":39},"end":{"line":99,"column":76}},"line":99},"7":{"name":"(anonymous_7)","decl":{"start":{"line":120,"column":60},"end":{"line":120,"column":61}},"loc":{"start":{"line":121,"column":32},"end":{"line":142,"column":51}},"line":121},"8":{"name":"(anonymous_8)","decl":{"start":{"line":127,"column":45},"end":{"line":127,"column":46}},"loc":{"start":{"line":127,"column":51},"end":{"line":127,"column":77}},"line":127},"9":{"name":"AgentBadge","decl":{"start":{"line":171,"column":16},"end":{"line":171,"column":26}},"loc":{"start":{"line":171,"column":63},"end":{"line":209,"column":1}},"line":171},"10":{"name":"(anonymous_10)","decl":{"start":{"line":176,"column":26},"end":{"line":176,"column":27}},"loc":{"start":{"line":176,"column":32},"end":{"line":184,"column":5}},"line":176},"11":{"name":"(anonymous_11)","decl":{"start":{"line":186,"column":25},"end":{"line":186,"column":26}},"loc":{"start":{"line":186,"column":63},"end":{"line":194,"column":5}},"line":186}},"branchMap":{"0":{"loc":{"start":{"line":29,"column":4},"end":{"line":29,"column":16}},"type":"default-arg","locations":[{"start":{"line":29,"column":14},"end":{"line":29,"column":16}}],"line":29},"1":{"loc":{"start":{"line":30,"column":4},"end":{"line":30,"column":22}},"type":"default-arg","locations":[{"start":{"line":30,"column":17},"end":{"line":30,"column":22}}],"line":30},"2":{"loc":{"start":{"line":31,"column":4},"end":{"line":31,"column":23}},"type":"default-arg","locations":[{"start":{"line":31,"column":21},"end":{"line":31,"column":23}}],"line":31},"3":{"loc":{"start":{"line":32,"column":4},"end":{"line":32,"column":20}},"type":"default-arg","locations":[{"start":{"line":32,"column":15},"end":{"line":32,"column":20}}],"line":32},"4":{"loc":{"start":{"line":33,"column":4},"end":{"line":33,"column":20}},"type":"default-arg","locations":[{"start":{"line":33,"column":17},"end":{"line":33,"column":20}}],"line":33},"5":{"loc":{"start":{"line":34,"column":4},"end":{"line":34,"column":19}},"type":"default-arg","locations":[{"start":{"line":34,"column":14},"end":{"line":34,"column":19}}],"line":34},"6":{"loc":{"start":{"line":41,"column":4},"end":{"line":43,"column":5}},"type":"if","locations":[{"start":{"line":41,"column":4},"end":{"line":43,"column":5}},{"start":{},"end":{}}],"line":41},"7":{"loc":{"start":{"line":41,"column":8},"end":{"line":41,"column":50}},"type":"binary-expr","locations":[{"start":{"line":41,"column":8},"end":{"line":41,"column":35}},{"start":{"line":41,"column":39},"end":{"line":41,"column":50}}],"line":41},"8":{"loc":{"start":{"line":49,"column":30},"end":{"line":49,"column":60}},"type":"cond-expr","locations":[{"start":{"line":49,"column":39},"end":{"line":49,"column":48}},{"start":{"line":49,"column":51},"end":{"line":49,"column":60}}],"line":49},"9":{"loc":{"start":{"line":68,"column":8},"end":{"line":68,"column":50}},"type":"if","locations":[{"start":{"line":68,"column":8},"end":{"line":68,"column":50}},{"start":{},"end":{}}],"line":68},"10":{"loc":{"start":{"line":75,"column":13},"end":{"line":85,"column":13}},"type":"binary-expr","locations":[{"start":{"line":75,"column":13},"end":{"line":75,"column":21}},{"start":{"line":75,"column":25},"end":{"line":75,"column":42}},{"start":{"line":76,"column":16},"end":{"line":84,"column":23}}],"line":75},"11":{"loc":{"start":{"line":77,"column":37},"end":{"line":77,"column":98}},"type":"cond-expr","locations":[{"start":{"line":77,"column":46},"end":{"line":77,"column":70}},{"start":{"line":77,"column":73},"end":{"line":77,"column":98}}],"line":77},"12":{"loc":{"start":{"line":86,"column":13},"end":{"line":147,"column":13}},"type":"binary-expr","locations":[{"start":{"line":86,"column":13},"end":{"line":86,"column":38}},{"start":{"line":87,"column":16},"end":{"line":146,"column":19}}],"line":86},"13":{"loc":{"start":{"line":96,"column":45},"end":{"line":96,"column":107}},"type":"cond-expr","locations":[{"start":{"line":96,"column":54},"end":{"line":96,"column":78}},{"start":{"line":96,"column":81},"end":{"line":96,"column":107}}],"line":96},"14":{"loc":{"start":{"line":108,"column":33},"end":{"line":108,"column":94}},"type":"binary-expr","locations":[{"start":{"line":108,"column":33},"end":{"line":108,"column":56}},{"start":{"line":108,"column":60},"end":{"line":108,"column":94}}],"line":108},"15":{"loc":{"start":{"line":118,"column":21},"end":{"line":145,"column":21}},"type":"binary-expr","locations":[{"start":{"line":118,"column":21},"end":{"line":118,"column":46}},{"start":{"line":119,"column":24},"end":{"line":144,"column":31}}],"line":118},"16":{"loc":{"start":{"line":124,"column":57},"end":{"line":124,"column":119}},"type":"cond-expr","locations":[{"start":{"line":124,"column":66},"end":{"line":124,"column":90}},{"start":{"line":124,"column":93},"end":{"line":124,"column":119}}],"line":124},"17":{"loc":{"start":{"line":139,"column":45},"end":{"line":139,"column":84}},"type":"binary-expr","locations":[{"start":{"line":139,"column":45},"end":{"line":139,"column":57}},{"start":{"line":139,"column":61},"end":{"line":139,"column":84}}],"line":139},"18":{"loc":{"start":{"line":149,"column":13},"end":{"line":161,"column":13}},"type":"binary-expr","locations":[{"start":{"line":149,"column":13},"end":{"line":149,"column":23}},{"start":{"line":150,"column":16},"end":{"line":160,"column":23}}],"line":149},"19":{"loc":{"start":{"line":156,"column":25},"end":{"line":158,"column":66}},"type":"cond-expr","locations":[{"start":{"line":157,"column":30},"end":{"line":157,"column":80}},{"start":{"line":158,"column":30},"end":{"line":158,"column":66}}],"line":156},"20":{"loc":{"start":{"line":174,"column":4},"end":{"line":174,"column":28}},"type":"if","locations":[{"start":{"line":174,"column":4},"end":{"line":174,"column":28}},{"start":{},"end":{}}],"line":174},"21":{"loc":{"start":{"line":177,"column":8},"end":{"line":183,"column":9}},"type":"switch","locations":[{"start":{"line":178,"column":12},"end":{"line":178,"column":44}},{"start":{"line":179,"column":12},"end":{"line":179,"column":46}},{"start":{"line":180,"column":12},"end":{"line":180,"column":42}},{"start":{"line":181,"column":12},"end":{"line":181,"column":51}},{"start":{"line":182,"column":12},"end":{"line":182,"column":43}}],"line":177},"22":{"loc":{"start":{"line":187,"column":8},"end":{"line":193,"column":9}},"type":"switch","locations":[{"start":{"line":188,"column":12},"end":{"line":188,"column":51}},{"start":{"line":189,"column":12},"end":{"line":189,"column":54}},{"start":{"line":190,"column":12},"end":{"line":190,"column":52}},{"start":{"line":191,"column":12},"end":{"line":191,"column":59}},{"start":{"line":192,"column":12},"end":{"line":192,"column":47}}],"line":187}},"s":{"0":0,"1":0,"2":0,"3":0,"4":0,"5":0,"6":0,"7":0,"8":0,"9":0,"10":0,"11":0,"12":0,"13":0,"14":0,"15":0,"16":0,"17":0,"18":0,"19":0,"20":0,"21":0,"22":0,"23":0,"24":0,"25":0,"26":0,"27":0,"28":0,"29":0,"30":0,"31":0,"32":0,"33":0,"34":0,"35":0,"36":0,"37":0,"38":0,"39":0,"40":0,"41":0,"42":0,"43":0},"f":{"0":0,"1":0,"2":0,"3":0,"4":0,"5":0,"6":0,"7":0,"8":0,"9":0,"10":0,"11":0},"b":{"0":[0],"1":[0],"2":[0],"3":[0],"4":[0],"5":[0],"6":[0,0],"7":[0,0],"8":[0,0],"9":[0,0],"10":[0,0,0],"11":[0,0],"12":[0,0],"13":[0,0],"14":[0,0],"15":[0,0],"16":[0,0],"17":[0,0],"18":[0,0],"19":[0,0],"20":[0,0],"21":[0,0,0,0,0],"22":[0,0,0,0,0]}}
,"C:\\Users\\chauh\\OneDrive\\Desktop\\Own AI Model Dream\\veda-ai-mobile\\src\\components\\VoiceButton.tsx": {"path":"C:\\Users\\chauh\\OneDrive\\Desktop\\Own AI Model Dream\\veda-ai-mobile\\src\\components\\VoiceButton.tsx","statementMap":{"0":{"start":{"line":17,"column":42},"end":{"line":17,"column":57}},"1":{"start":{"line":18,"column":42},"end":{"line":18,"column":57}},"2":{"start":{"line":19,"column":44},"end":{"line":19,"column":59}},"3":{"start":{"line":20,"column":38},"end":{"line":20,"column":53}},"4":{"start":{"line":21,"column":30},"end":{"line":21,"column":59}},"5":{"start":{"line":23,"column":22},"end":{"line":23,"column":65}},"6":{"start":{"line":26,"column":4},"end":{"line":37,"column":33}},"7":{"start":{"line":27,"column":8},"end":{"line":36,"column":9}},"8":{"start":{"line":28,"column":12},"end":{"line":33,"column":22}},"9":{"start":{"line":35,"column":12},"end":{"line":35,"column":34}},"10":{"start":{"line":40,"column":4},"end":{"line":67,"column":35}},"11":{"start":{"line":41,"column":8},"end":{"line":59,"column":11}},"12":{"start":{"line":44,"column":16},"end":{"line":44,"column":47}},"13":{"start":{"line":45,"column":16},"end":{"line":45,"column":38}},"14":{"start":{"line":48,"column":16},"end":{"line":48,"column":45}},"15":{"start":{"line":49,"column":16},"end":{"line":49,"column":39}},"16":{"start":{"line":51,"column":32},"end":{"line":51,"column":50}},"17":{"start":{"line":52,"column":30},"end":{"line":52,"column":49}},"18":{"start":{"line":54,"column":16},"end":{"line":54,"column":30}},"19":{"start":{"line":55,"column":16},"end":{"line":55,"column":39}},"20":{"start":{"line":56,"column":16},"end":{"line":56,"column":38}},"21":{"start":{"line":57,"column":16},"end":{"line":57,"column":55}},"22":{"start":{"line":57,"column":33},"end":{"line":57,"column":47}},"23":{"start":{"line":62,"column":8},"end":{"line":62,"column":31}},"24":{"start":{"line":64,"column":8},"end":{"line":66,"column":10}},"25":{"start":{"line":65,"column":12},"end":{"line":65,"column":38}},"26":{"start":{"line":70,"column":26},"end":{"line":81,"column":21}},"27":{"start":{"line":71,"column":8},"end":{"line":74,"column":9}},"28":{"start":{"line":72,"column":12},"end":{"line":72,"column":38}},"29":{"start":{"line":73,"column":12},"end":{"line":73,"column":19}},"30":{"start":{"line":76,"column":24},"end":{"line":76,"column":59}},"31":{"start":{"line":77,"column":8},"end":{"line":80,"column":9}},"32":{"start":{"line":78,"column":12},"end":{"line":78,"column":33}},"33":{"start":{"line":79,"column":12},"end":{"line":79,"column":27}},"34":{"start":{"line":84,"column":27},"end":{"line":89,"column":21}},"35":{"start":{"line":85,"column":8},"end":{"line":88,"column":9}},"36":{"start":{"line":86,"column":12},"end":{"line":86,"column":47}},"37":{"start":{"line":87,"column":12},"end":{"line":87,"column":34}},"38":{"start":{"line":92,"column":27},"end":{"line":98,"column":5}},"39":{"start":{"line":93,"column":8},"end":{"line":93,"column":45}},"40":{"start":{"line":93,"column":23},"end":{"line":93,"column":45}},"41":{"start":{"line":94,"column":8},"end":{"line":94,"column":51}},"42":{"start":{"line":94,"column":26},"end":{"line":94,"column":51}},"43":{"start":{"line":95,"column":8},"end":{"line":95,"column":49}},"44":{"start":{"line":95,"column":25},"end":{"line":95,"column":49}},"45":{"start":{"line":96,"column":8},"end":{"line":96,"column":53}},"46":{"start":{"line":96,"column":26},"end":{"line":96,"column":53}},"47":{"start":{"line":97,"column":8},"end":{"line":97,"column":27}},"48":{"start":{"line":101,"column":20},"end":{"line":107,"column":5}},"49":{"start":{"line":102,"column":8},"end":{"line":102,"column":44}},"50":{"start":{"line":102,"column":23},"end":{"line":102,"column":44}},"51":{"start":{"line":103,"column":8},"end":{"line":103,"column":45}},"52":{"start":{"line":103,"column":26},"end":{"line":103,"column":45}},"53":{"start":{"line":104,"column":8},"end":{"line":104,"column":38}},"54":{"start":{"line":104,"column":25},"end":{"line":104,"column":38}},"55":{"start":{"line":105,"column":8},"end":{"line":105,"column":43}},"56":{"start":{"line":105,"column":26},"end":{"line":105,"column":43}},"57":{"start":{"line":106,"column":8},"end":{"line":106,"column":29}},"58":{"start":{"line":109,"column":4},"end":{"line":135,"column":6}},"59":{"start":{"line":138,"column":15},"end":{"line":191,"column":2}}},"fnMap":{"0":{"name":"VoiceButton","decl":{"start":{"line":16,"column":24},"end":{"line":16,"column":35}},"loc":{"start":{"line":16,"column":102},"end":{"line":136,"column":1}},"line":16},"1":{"name":"(anonymous_1)","decl":{"start":{"line":26,"column":14},"end":{"line":26,"column":15}},"loc":{"start":{"line":26,"column":20},"end":{"line":37,"column":5}},"line":26},"2":{"name":"(anonymous_2)","decl":{"start":{"line":40,"column":14},"end":{"line":40,"column":15}},"loc":{"start":{"line":40,"column":20},"end":{"line":67,"column":5}},"line":40},"3":{"name":"(anonymous_3)","decl":{"start":{"line":43,"column":26},"end":{"line":43,"column":27}},"loc":{"start":{"line":43,"column":83},"end":{"line":46,"column":13}},"line":43},"4":{"name":"(anonymous_4)","decl":{"start":{"line":47,"column":24},"end":{"line":47,"column":25}},"loc":{"start":{"line":47,"column":60},"end":{"line":50,"column":13}},"line":47},"5":{"name":"(anonymous_5)","decl":{"start":{"line":51,"column":26},"end":{"line":51,"column":27}},"loc":{"start":{"line":51,"column":32},"end":{"line":51,"column":50}},"line":51},"6":{"name":"(anonymous_6)","decl":{"start":{"line":52,"column":24},"end":{"line":52,"column":25}},"loc":{"start":{"line":52,"column":30},"end":{"line":52,"column":49}},"line":52},"7":{"name":"(anonymous_7)","decl":{"start":{"line":53,"column":21},"end":{"line":53,"column":22}},"loc":{"start":{"line":53,"column":38},"end":{"line":58,"column":13}},"line":53},"8":{"name":"(anonymous_8)","decl":{"start":{"line":57,"column":27},"end":{"line":57,"column":28}},"loc":{"start":{"line":57,"column":33},"end":{"line":57,"column":47}},"line":57},"9":{"name":"(anonymous_9)","decl":{"start":{"line":64,"column":15},"end":{"line":64,"column":16}},"loc":{"start":{"line":64,"column":21},"end":{"line":66,"column":9}},"line":64},"10":{"name":"(anonymous_10)","decl":{"start":{"line":70,"column":38},"end":{"line":70,"column":39}},"loc":{"start":{"line":70,"column":50},"end":{"line":81,"column":5}},"line":70},"11":{"name":"(anonymous_11)","decl":{"start":{"line":84,"column":39},"end":{"line":84,"column":40}},"loc":{"start":{"line":84,"column":51},"end":{"line":89,"column":5}},"line":84},"12":{"name":"(anonymous_12)","decl":{"start":{"line":92,"column":27},"end":{"line":92,"column":28}},"loc":{"start":{"line":92,"column":33},"end":{"line":98,"column":5}},"line":92},"13":{"name":"(anonymous_13)","decl":{"start":{"line":101,"column":20},"end":{"line":101,"column":21}},"loc":{"start":{"line":101,"column":26},"end":{"line":107,"column":5}},"line":101}},"branchMap":{"0":{"loc":{"start":{"line":16,"column":64},"end":{"line":16,"column":73}},"type":"default-arg","locations":[{"start":{"line":16,"column":71},"end":{"line":16,"column":73}}],"line":16},"1":{"loc":{"start":{"line":27,"column":8},"end":{"line":36,"column":9}},"type":"if","locations":[{"start":{"line":27,"column":8},"end":{"line":36,"column":9}},{"start":{"line":34,"column":15},"end":{"line":36,"column":9}}],"line":27},"2":{"loc":{"start":{"line":71,"column":8},"end":{"line":74,"column":9}},"type":"if","locations":[{"start":{"line":71,"column":8},"end":{"line":74,"column":9}},{"start":{},"end":{}}],"line":71},"3":{"loc":{"start":{"line":77,"column":8},"end":{"line":80,"column":9}},"type":"if","locations":[{"start":{"line":77,"column":8},"end":{"line":80,"column":9}},{"start":{},"end":{}}],"line":77},"4":{"loc":{"start":{"line":85,"column":8},"end":{"line":88,"column":9}},"type":"if","locations":[{"start":{"line":85,"column":8},"end":{"line":88,"column":9}},{"start":{},"end":{}}],"line":85},"5":{"loc":{"start":{"line":93,"column":8},"end":{"line":93,"column":45}},"type":"if","locations":[{"start":{"line":93,"column":8},"end":{"line":93,"column":45}},{"start":{},"end":{}}],"line":93},"6":{"loc":{"start":{"line":94,"column":8},"end":{"line":94,"column":51}},"type":"if","locations":[{"start":{"line":94,"column":8},"end":{"line":94,"column":51}},{"start":{},"end":{}}],"line":94},"7":{"loc":{"start":{"line":95,"column":8},"end":{"line":95,"column":49}},"type":"if","locations":[{"start":{"line":95,"column":8},"end":{"line":95,"column":49}},{"start":{},"end":{}}],"line":95},"8":{"loc":{"start":{"line":96,"column":8},"end":{"line":96,"column":53}},"type":"if","locations":[{"start":{"line":96,"column":8},"end":{"line":96,"column":53}},{"start":{},"end":{}}],"line":96},"9":{"loc":{"start":{"line":102,"column":8},"end":{"line":102,"column":44}},"type":"if","locations":[{"start":{"line":102,"column":8},"end":{"line":102,"column":44}},{"start":{},"end":{}}],"line":102},"10":{"loc":{"start":{"line":103,"column":8},"end":{"line":103,"column":45}},"type":"if","locations":[{"start":{"line":103,"column":8},"end":{"line":103,"column":45}},{"start":{},"end":{}}],"line":103},"11":{"loc":{"start":{"line":104,"column":8},"end":{"line":104,"column":38}},"type":"if","locations":[{"start":{"line":104,"column":8},"end":{"line":104,"column":38}},{"start":{},"end":{}}],"line":104},"12":{"loc":{"start":{"line":105,"column":8},"end":{"line":105,"column":43}},"type":"if","locations":[{"start":{"line":105,"column":8},"end":{"line":105,"column":43}},{"start":{},"end":{}}],"line":105},"13":{"loc":{"start":{"line":116,"column":30},"end":{"line":116,"column":55}},"type":"binary-expr","locations":[{"start":{"line":116,"column":30},"end":{"line":116,"column":42}},{"start":{"line":116,"column":46},"end":{"line":116,"column":55}}],"line":116},"14":{"loc":{"start":{"line":123,"column":13},"end":{"line":127,"column":13}},"type":"binary-expr","locations":[{"start":{"line":123,"column":13},"end":{"line":123,"column":18}},{"start":{"line":124,"column":16},"end":{"line":126,"column":23}}],"line":123},"15":{"loc":{"start":{"line":129,"column":13},"end":{"line":133,"column":13}},"type":"binary-expr","locations":[{"start":{"line":129,"column":13},"end":{"line":129,"column":24}},{"start":{"line":130,"column":16},"end":{"line":132,"column":23}}],"line":129}},"s":{"0":0,"1":0,"2":0,"3":0,"4":0,"5":0,"6":0,"7":0,"8":0,"9":0,"10":0,"11":0,"12":0,"13":0,"14":0,"15":0,"16":0,"17":0,"18":0,"19":0,"20":0,"21":0,"22":0,"23":0,"24":0,"25":0,"26":0,"27":0,"28":0,"29":0,"30":0,"31":0,"32":0,"33":0,"34":0,"35":0,"36":0,"37":0,"38":0,"39":0,"40":0,"41":0,"42":0,"43":0,"44":0,"45":0,"46":0,"47":0,"48":0,"49":0,"50":0,"51":0,"52":0,"53":0,"54":0,"55":0,"56":0,"57":0,"58":0,"59":0},"f":{"0":0,"1":0,"2":0,"3":0,"4":0,"5":0,"6":0,"7":0,"8":0,"9":0,"10":0,"11":0,"12":0,"13":0},"b":{"0":[0],"1":[0,0],"2":[0,0],"3":[0,0],"4":[0,0],"5":[0,0],"6":[0,0],"7":[0,0],"8":[0,0],"9":[0,0],"10":[0,0],"11":[0,0],"12":[0,0],"13":[0,0],"14":[0,0],"15":[0,0]}}
,"C:\\Users\\chauh\\OneDrive\\Desktop\\Own AI Model Dream\\veda-ai-mobile\\src\\components\\VoiceSettingsModal.tsx": {"path":"C:\\Users\\chauh\\OneDrive\\Desktop\\Own AI Model Dream\\veda-ai-mobile\\src\\components\\VoiceSettingsModal.tsx","statementMap":{"0":{"start":{"line":32,"column":30},"end":{"line":99,"column":1}},"1":{"start":{"line":101,"column":22},"end":{"line":108,"column":1}},"2":{"start":{"line":110,"column":22},"end":{"line":114,"column":1}},"3":{"start":{"line":116,"column":53},"end":{"line":124,"column":1}},"4":{"start":{"line":134,"column":31},"end":{"line":134,"column":41}},"5":{"start":{"line":135,"column":46},"end":{"line":135,"column":98}},"6":{"start":{"line":136,"column":30},"end":{"line":136,"column":76}},"7":{"start":{"line":137,"column":30},"end":{"line":137,"column":76}},"8":{"start":{"line":138,"column":38},"end":{"line":138,"column":90}},"9":{"start":{"line":139,"column":38},"end":{"line":139,"column":67}},"10":{"start":{"line":140,"column":22},"end":{"line":140,"column":67}},"11":{"start":{"line":141,"column":21},"end":{"line":141,"column":64}},"12":{"start":{"line":143,"column":4},"end":{"line":177,"column":35}},"13":{"start":{"line":144,"column":8},"end":{"line":176,"column":9}},"14":{"start":{"line":145,"column":12},"end":{"line":145,"column":65}},"15":{"start":{"line":146,"column":12},"end":{"line":146,"column":51}},"16":{"start":{"line":147,"column":12},"end":{"line":147,"column":51}},"17":{"start":{"line":148,"column":12},"end":{"line":148,"column":60}},"18":{"start":{"line":150,"column":12},"end":{"line":162,"column":23}},"19":{"start":{"line":164,"column":12},"end":{"line":175,"column":23}},"20":{"start":{"line":179,"column":23},"end":{"line":193,"column":5}},"21":{"start":{"line":180,"column":22},"end":{"line":180,"column":91}},"22":{"start":{"line":180,"column":47},"end":{"line":180,"column":69}},"23":{"start":{"line":181,"column":43},"end":{"line":189,"column":9}},"24":{"start":{"line":190,"column":8},"end":{"line":190,"column":76}},"25":{"start":{"line":191,"column":8},"end":{"line":191,"column":28}},"26":{"start":{"line":192,"column":8},"end":{"line":192,"column":18}},"27":{"start":{"line":195,"column":28},"end":{"line":216,"column":5}},"28":{"start":{"line":196,"column":8},"end":{"line":200,"column":9}},"29":{"start":{"line":197,"column":12},"end":{"line":197,"column":39}},"30":{"start":{"line":198,"column":12},"end":{"line":198,"column":31}},"31":{"start":{"line":199,"column":12},"end":{"line":199,"column":19}},"32":{"start":{"line":202,"column":22},"end":{"line":202,"column":64}},"33":{"start":{"line":202,"column":47},"end":{"line":202,"column":63}},"34":{"start":{"line":203,"column":8},"end":{"line":203,"column":27}},"35":{"start":{"line":203,"column":20},"end":{"line":203,"column":27}},"36":{"start":{"line":205,"column":8},"end":{"line":205,"column":63}},"37":{"start":{"line":206,"column":8},"end":{"line":206,"column":30}},"38":{"start":{"line":208,"column":8},"end":{"line":215,"column":10}},"39":{"start":{"line":214,"column":18},"end":{"line":214,"column":36}},"40":{"start":{"line":218,"column":30},"end":{"line":218,"column":99}},"41":{"start":{"line":218,"column":55},"end":{"line":218,"column":77}},"42":{"start":{"line":221,"column":32},"end":{"line":223,"column":5}},"43":{"start":{"line":222,"column":8},"end":{"line":222,"column":29}},"44":{"start":{"line":225,"column":4},"end":{"line":439,"column":6}},"45":{"start":{"line":270,"column":55},"end":{"line":270,"column":81}},"46":{"start":{"line":271,"column":54},"end":{"line":271,"column":76}},"47":{"start":{"line":273,"column":36},"end":{"line":312,"column":38}},"48":{"start":{"line":284,"column":48},"end":{"line":284,"column":73}},"49":{"start":{"line":285,"column":48},"end":{"line":285,"column":75}},"50":{"start":{"line":298,"column":63},"end":{"line":298,"column":88}},"51":{"start":{"line":322,"column":36},"end":{"line":344,"column":55}},"52":{"start":{"line":334,"column":44},"end":{"line":334,"column":69}},"53":{"start":{"line":335,"column":44},"end":{"line":335,"column":67}},"54":{"start":{"line":354,"column":36},"end":{"line":377,"column":55}},"55":{"start":{"line":367,"column":44},"end":{"line":367,"column":69}},"56":{"start":{"line":368,"column":44},"end":{"line":368,"column":67}},"57":{"start":{"line":392,"column":40},"end":{"line":392,"column":65}},"58":{"start":{"line":393,"column":40},"end":{"line":393,"column":60}},"59":{"start":{"line":404,"column":43},"end":{"line":404,"column":73}},"60":{"start":{"line":442,"column":15},"end":{"line":624,"column":2}}},"fnMap":{"0":{"name":"VoiceSettingsModal","decl":{"start":{"line":133,"column":24},"end":{"line":133,"column":42}},"loc":{"start":{"line":133,"column":115},"end":{"line":440,"column":1}},"line":133},"1":{"name":"(anonymous_1)","decl":{"start":{"line":143,"column":14},"end":{"line":143,"column":15}},"loc":{"start":{"line":143,"column":20},"end":{"line":177,"column":5}},"line":143},"2":{"name":"(anonymous_2)","decl":{"start":{"line":179,"column":23},"end":{"line":179,"column":24}},"loc":{"start":{"line":179,"column":29},"end":{"line":193,"column":5}},"line":179},"3":{"name":"(anonymous_3)","decl":{"start":{"line":180,"column":42},"end":{"line":180,"column":43}},"loc":{"start":{"line":180,"column":47},"end":{"line":180,"column":69}},"line":180},"4":{"name":"(anonymous_4)","decl":{"start":{"line":195,"column":28},"end":{"line":195,"column":29}},"loc":{"start":{"line":195,"column":55},"end":{"line":216,"column":5}},"line":195},"5":{"name":"(anonymous_5)","decl":{"start":{"line":202,"column":42},"end":{"line":202,"column":43}},"loc":{"start":{"line":202,"column":47},"end":{"line":202,"column":63}},"line":202},"6":{"name":"(anonymous_6)","decl":{"start":{"line":214,"column":12},"end":{"line":214,"column":13}},"loc":{"start":{"line":214,"column":18},"end":{"line":214,"column":36}},"line":214},"7":{"name":"(anonymous_7)","decl":{"start":{"line":218,"column":50},"end":{"line":218,"column":51}},"loc":{"start":{"line":218,"column":55},"end":{"line":218,"column":77}},"line":218},"8":{"name":"(anonymous_8)","decl":{"start":{"line":221,"column":32},"end":{"line":221,"column":33}},"loc":{"start":{"line":221,"column":73},"end":{"line":223,"column":5}},"line":221},"9":{"name":"(anonymous_9)","decl":{"start":{"line":269,"column":52},"end":{"line":269,"column":53}},"loc":{"start":{"line":269,"column":63},"end":{"line":313,"column":33}},"line":269},"10":{"name":"(anonymous_10)","decl":{"start":{"line":283,"column":53},"end":{"line":283,"column":54}},"loc":{"start":{"line":283,"column":59},"end":{"line":286,"column":45}},"line":283},"11":{"name":"(anonymous_11)","decl":{"start":{"line":298,"column":57},"end":{"line":298,"column":58}},"loc":{"start":{"line":298,"column":63},"end":{"line":298,"column":88}},"line":298},"12":{"name":"(anonymous_12)","decl":{"start":{"line":321,"column":51},"end":{"line":321,"column":52}},"loc":{"start":{"line":322,"column":36},"end":{"line":344,"column":55}},"line":322},"13":{"name":"(anonymous_13)","decl":{"start":{"line":333,"column":49},"end":{"line":333,"column":50}},"loc":{"start":{"line":333,"column":55},"end":{"line":336,"column":41}},"line":333},"14":{"name":"(anonymous_14)","decl":{"start":{"line":353,"column":51},"end":{"line":353,"column":52}},"loc":{"start":{"line":354,"column":36},"end":{"line":377,"column":55}},"line":354},"15":{"name":"(anonymous_15)","decl":{"start":{"line":366,"column":49},"end":{"line":366,"column":50}},"loc":{"start":{"line":366,"column":55},"end":{"line":369,"column":41}},"line":366},"16":{"name":"(anonymous_16)","decl":{"start":{"line":391,"column":51},"end":{"line":391,"column":52}},"loc":{"start":{"line":391,"column":62},"end":{"line":394,"column":37}},"line":391},"17":{"name":"(anonymous_17)","decl":{"start":{"line":404,"column":37},"end":{"line":404,"column":38}},"loc":{"start":{"line":404,"column":43},"end":{"line":404,"column":73}},"line":404}},"branchMap":{"0":{"loc":{"start":{"line":135,"column":63},"end":{"line":135,"column":97}},"type":"binary-expr","locations":[{"start":{"line":135,"column":63},"end":{"line":135,"column":86}},{"start":{"line":135,"column":90},"end":{"line":135,"column":97}}],"line":135},"1":{"loc":{"start":{"line":136,"column":47},"end":{"line":136,"column":75}},"type":"binary-expr","locations":[{"start":{"line":136,"column":47},"end":{"line":136,"column":68}},{"start":{"line":136,"column":72},"end":{"line":136,"column":75}}],"line":136},"2":{"loc":{"start":{"line":137,"column":47},"end":{"line":137,"column":75}},"type":"binary-expr","locations":[{"start":{"line":137,"column":47},"end":{"line":137,"column":68}},{"start":{"line":137,"column":72},"end":{"line":137,"column":75}}],"line":137},"3":{"loc":{"start":{"line":138,"column":56},"end":{"line":138,"column":89}},"type":"binary-expr","locations":[{"start":{"line":138,"column":56},"end":{"line":138,"column":81}},{"start":{"line":138,"column":85},"end":{"line":138,"column":89}}],"line":138},"4":{"loc":{"start":{"line":144,"column":8},"end":{"line":176,"column":9}},"type":"if","locations":[{"start":{"line":144,"column":8},"end":{"line":176,"column":9}},{"start":{"line":163,"column":15},"end":{"line":176,"column":9}}],"line":144},"5":{"loc":{"start":{"line":145,"column":29},"end":{"line":145,"column":63}},"type":"binary-expr","locations":[{"start":{"line":145,"column":29},"end":{"line":145,"column":52}},{"start":{"line":145,"column":56},"end":{"line":145,"column":63}}],"line":145},"6":{"loc":{"start":{"line":146,"column":21},"end":{"line":146,"column":49}},"type":"binary-expr","locations":[{"start":{"line":146,"column":21},"end":{"line":146,"column":42}},{"start":{"line":146,"column":46},"end":{"line":146,"column":49}}],"line":146},"7":{"loc":{"start":{"line":147,"column":21},"end":{"line":147,"column":49}},"type":"binary-expr","locations":[{"start":{"line":147,"column":21},"end":{"line":147,"column":42}},{"start":{"line":147,"column":46},"end":{"line":147,"column":49}}],"line":147},"8":{"loc":{"start":{"line":148,"column":25},"end":{"line":148,"column":58}},"type":"binary-expr","locations":[{"start":{"line":148,"column":25},"end":{"line":148,"column":50}},{"start":{"line":148,"column":54},"end":{"line":148,"column":58}}],"line":148},"9":{"loc":{"start":{"line":180,"column":22},"end":{"line":180,"column":91}},"type":"binary-expr","locations":[{"start":{"line":180,"column":22},"end":{"line":180,"column":70}},{"start":{"line":180,"column":74},"end":{"line":180,"column":91}}],"line":180},"10":{"loc":{"start":{"line":196,"column":8},"end":{"line":200,"column":9}},"type":"if","locations":[{"start":{"line":196,"column":8},"end":{"line":200,"column":9}},{"start":{},"end":{}}],"line":196},"11":{"loc":{"start":{"line":203,"column":8},"end":{"line":203,"column":27}},"type":"if","locations":[{"start":{"line":203,"column":8},"end":{"line":203,"column":27}},{"start":{},"end":{}}],"line":203},"12":{"loc":{"start":{"line":218,"column":30},"end":{"line":218,"column":99}},"type":"binary-expr","locations":[{"start":{"line":218,"column":30},"end":{"line":218,"column":78}},{"start":{"line":218,"column":82},"end":{"line":218,"column":99}}],"line":218},"13":{"loc":{"start":{"line":221,"column":46},"end":{"line":221,"column":68}},"type":"default-arg","locations":[{"start":{"line":221,"column":64},"end":{"line":221,"column":68}}],"line":221},"14":{"loc":{"start":{"line":239,"column":45},"end":{"line":239,"column":108}},"type":"cond-expr","locations":[{"start":{"line":239,"column":54},"end":{"line":239,"column":78}},{"start":{"line":239,"column":81},"end":{"line":239,"column":108}}],"line":239},"15":{"loc":{"start":{"line":244,"column":21},"end":{"line":246,"column":21}},"type":"binary-expr","locations":[{"start":{"line":244,"column":21},"end":{"line":244,"column":42}},{"start":{"line":245,"column":24},"end":{"line":245,"column":116}}],"line":244},"16":{"loc":{"start":{"line":245,"column":55},"end":{"line":245,"column":80}},"type":"cond-expr","locations":[{"start":{"line":245,"column":64},"end":{"line":245,"column":70}},{"start":{"line":245,"column":73},"end":{"line":245,"column":80}}],"line":245},"17":{"loc":{"start":{"line":279,"column":69},"end":{"line":279,"column":101}},"type":"cond-expr","locations":[{"start":{"line":279,"column":78},"end":{"line":279,"column":89}},{"start":{"line":279,"column":92},"end":{"line":279,"column":101}}],"line":279},"18":{"loc":{"start":{"line":280,"column":65},"end":{"line":280,"column":105}},"type":"cond-expr","locations":[{"start":{"line":280,"column":78},"end":{"line":280,"column":89}},{"start":{"line":280,"column":92},"end":{"line":280,"column":105}}],"line":280},"19":{"loc":{"start":{"line":297,"column":94},"end":{"line":297,"column":152}},"type":"cond-expr","locations":[{"start":{"line":297,"column":106},"end":{"line":297,"column":117}},{"start":{"line":297,"column":120},"end":{"line":297,"column":152}}],"line":297},"20":{"loc":{"start":{"line":300,"column":49},"end":{"line":304,"column":49}},"type":"cond-expr","locations":[{"start":{"line":301,"column":52},"end":{"line":301,"column":99}},{"start":{"line":303,"column":52},"end":{"line":303,"column":106}}],"line":300},"21":{"loc":{"start":{"line":306,"column":45},"end":{"line":310,"column":45}},"type":"binary-expr","locations":[{"start":{"line":306,"column":45},"end":{"line":306,"column":55}},{"start":{"line":307,"column":48},"end":{"line":309,"column":55}}],"line":306},"22":{"loc":{"start":{"line":327,"column":65},"end":{"line":329,"column":86}},"type":"cond-expr","locations":[{"start":{"line":328,"column":54},"end":{"line":328,"column":77}},{"start":{"line":329,"column":54},"end":{"line":329,"column":86}}],"line":327},"23":{"loc":{"start":{"line":329,"column":54},"end":{"line":329,"column":86}},"type":"cond-expr","locations":[{"start":{"line":329,"column":63},"end":{"line":329,"column":74}},{"start":{"line":329,"column":77},"end":{"line":329,"column":86}}],"line":329},"24":{"loc":{"start":{"line":330,"column":61},"end":{"line":330,"column":125}},"type":"cond-expr","locations":[{"start":{"line":330,"column":86},"end":{"line":330,"column":109}},{"start":{"line":330,"column":112},"end":{"line":330,"column":125}}],"line":330},"25":{"loc":{"start":{"line":340,"column":53},"end":{"line":340,"column":98}},"type":"cond-expr","locations":[{"start":{"line":340,"column":78},"end":{"line":340,"column":84}},{"start":{"line":340,"column":87},"end":{"line":340,"column":98}}],"line":340},"26":{"loc":{"start":{"line":360,"column":65},"end":{"line":362,"column":86}},"type":"cond-expr","locations":[{"start":{"line":361,"column":54},"end":{"line":361,"column":77}},{"start":{"line":362,"column":54},"end":{"line":362,"column":86}}],"line":360},"27":{"loc":{"start":{"line":362,"column":54},"end":{"line":362,"column":86}},"type":"cond-expr","locations":[{"start":{"line":362,"column":63},"end":{"line":362,"column":74}},{"start":{"line":362,"column":77},"end":{"line":362,"column":86}}],"line":362},"28":{"loc":{"start":{"line":363,"column":61},"end":{"line":363,"column":125}},"type":"cond-expr","locations":[{"start":{"line":363,"column":86},"end":{"line":363,"column":109}},{"start":{"line":363,"column":112},"end":{"line":363,"column":125}}],"line":363},"29":{"loc":{"start":{"line":373,"column":53},"end":{"line":373,"column":98}},"type":"cond-expr","locations":[{"start":{"line":373,"column":78},"end":{"line":373,"column":84}},{"start":{"line":373,"column":87},"end":{"line":373,"column":98}}],"line":373},"30":{"loc":{"start":{"line":395,"column":57},"end":{"line":395,"column":87}},"type":"cond-expr","locations":[{"start":{"line":395,"column":66},"end":{"line":395,"column":75}},{"start":{"line":395,"column":78},"end":{"line":395,"column":87}}],"line":395},"31":{"loc":{"start":{"line":396,"column":48},"end":{"line":396,"column":78}},"type":"cond-expr","locations":[{"start":{"line":396,"column":60},"end":{"line":396,"column":66}},{"start":{"line":396,"column":69},"end":{"line":396,"column":78}}],"line":396},"32":{"loc":{"start":{"line":406,"column":29},"end":{"line":416,"column":29}},"type":"cond-expr","locations":[{"start":{"line":407,"column":32},"end":{"line":410,"column":35}},{"start":{"line":412,"column":32},"end":{"line":415,"column":35}}],"line":406},"33":{"loc":{"start":{"line":423,"column":91},"end":{"line":423,"column":123}},"type":"cond-expr","locations":[{"start":{"line":423,"column":100},"end":{"line":423,"column":111}},{"start":{"line":423,"column":114},"end":{"line":423,"column":123}}],"line":423}},"s":{"0":0,"1":0,"2":0,"3":0,"4":0,"5":0,"6":0,"7":0,"8":0,"9":0,"10":0,"11":0,"12":0,"13":0,"14":0,"15":0,"16":0,"17":0,"18":0,"19":0,"20":0,"21":0,"22":0,"23":0,"24":0,"25":0,"26":0,"27":0,"28":0,"29":0,"30":0,"31":0,"32":0,"33":0,"34":0,"35":0,"36":0,"37":0,"38":0,"39":0,"40":0,"41":0,"42":0,"43":0,"44":0,"45":0,"46":0,"47":0,"48":0,"49":0,"50":0,"51":0,"52":0,"53":0,"54":0,"55":0,"56":0,"57":0,"58":0,"59":0,"60":0},"f":{"0":0,"1":0,"2":0,"3":0,"4":0,"5":0,"6":0,"7":0,"8":0,"9":0,"10":0,"11":0,"12":0,"13":0,"14":0,"15":0,"16":0,"17":0},"b":{"0":[0,0],"1":[0,0],"2":[0,0],"3":[0,0],"4":[0,0],"5":[0,0],"6":[0,0],"7":[0,0],"8":[0,0],"9":[0,0],"10":[0,0],"11":[0,0],"12":[0,0],"13":[0],"14":[0,0],"15":[0,0],"16":[0,0],"17":[0,0],"18":[0,0],"19":[0,0],"20":[0,0],"21":[0,0],"22":[0,0],"23":[0,0],"24":[0,0],"25":[0,0],"26":[0,0],"27":[0,0],"28":[0,0],"29":[0,0],"30":[0,0],"31":[0,0],"32":[0,0],"33":[0,0]}}
,"C:\\Users\\chauh\\OneDrive\\Desktop\\Own AI Model Dream\\veda-ai-mobile\\src\\components\\chat\\AiMetadata.tsx": {"path":"C:\\Users\\chauh\\OneDrive\\Desktop\\Own AI Model Dream\\veda-ai-mobile\\src\\components\\chat\\AiMetadata.tsx","statementMap":{"0":{"start":{"line":12,"column":26},"end":{"line":46,"column":1}},"1":{"start":{"line":13,"column":31},"end":{"line":13,"column":41}},"2":{"start":{"line":15,"column":4},"end":{"line":45,"column":6}},"3":{"start":{"line":48,"column":15},"end":{"line":103,"column":2}}},"fnMap":{"0":{"name":"(anonymous_0)","decl":{"start":{"line":12,"column":26},"end":{"line":12,"column":27}},"loc":{"start":{"line":12,"column":82},"end":{"line":46,"column":1}},"line":12}},"branchMap":{"0":{"loc":{"start":{"line":21,"column":58},"end":{"line":21,"column":111}},"type":"cond-expr","locations":[{"start":{"line":21,"column":67},"end":{"line":21,"column":90}},{"start":{"line":21,"column":93},"end":{"line":21,"column":111}}],"line":21},"1":{"loc":{"start":{"line":29,"column":21},"end":{"line":29,"column":43}},"type":"binary-expr","locations":[{"start":{"line":29,"column":21},"end":{"line":29,"column":30}},{"start":{"line":29,"column":34},"end":{"line":29,"column":43}}],"line":29},"2":{"loc":{"start":{"line":31,"column":17},"end":{"line":35,"column":17}},"type":"binary-expr","locations":[{"start":{"line":31,"column":17},"end":{"line":31,"column":25}},{"start":{"line":32,"column":20},"end":{"line":34,"column":27}}],"line":31},"3":{"loc":{"start":{"line":36,"column":17},"end":{"line":42,"column":17}},"type":"binary-expr","locations":[{"start":{"line":36,"column":17},"end":{"line":36,"column":25}},{"start":{"line":37,"column":20},"end":{"line":41,"column":27}}],"line":36}},"s":{"0":0,"1":0,"2":0,"3":0},"f":{"0":0},"b":{"0":[0,0],"1":[0,0],"2":[0,0],"3":[0,0]}}
,"C:\\Users\\chauh\\OneDrive\\Desktop\\Own AI Model Dream\\veda-ai-mobile\\src\\components\\chat\\AttachmentModal.tsx": {"path":"C:\\Users\\chauh\\OneDrive\\Desktop\\Own AI Model Dream\\veda-ai-mobile\\src\\components\\chat\\AttachmentModal.tsx","statementMap":{"0":{"start":{"line":26,"column":34},"end":{"line":26,"column":58}},"1":{"start":{"line":36,"column":47},"end":{"line":65,"column":1}},"2":{"start":{"line":78,"column":31},"end":{"line":78,"column":41}},"3":{"start":{"line":79,"column":19},"end":{"line":79,"column":38}},"4":{"start":{"line":80,"column":22},"end":{"line":80,"column":71}},"5":{"start":{"line":81,"column":25},"end":{"line":81,"column":62}},"6":{"start":{"line":83,"column":4},"end":{"line":112,"column":18}},"7":{"start":{"line":84,"column":8},"end":{"line":111,"column":9}},"8":{"start":{"line":85,"column":12},"end":{"line":97,"column":23}},"9":{"start":{"line":99,"column":12},"end":{"line":110,"column":23}},"10":{"start":{"line":114,"column":25},"end":{"line":118,"column":5}},"11":{"start":{"line":115,"column":8},"end":{"line":115,"column":63}},"12":{"start":{"line":116,"column":8},"end":{"line":116,"column":23}},"13":{"start":{"line":117,"column":8},"end":{"line":117,"column":18}},"14":{"start":{"line":120,"column":24},"end":{"line":123,"column":5}},"15":{"start":{"line":121,"column":8},"end":{"line":121,"column":63}},"16":{"start":{"line":122,"column":8},"end":{"line":122,"column":18}},"17":{"start":{"line":125,"column":4},"end":{"line":231,"column":6}},"18":{"start":{"line":176,"column":28},"end":{"line":208,"column":47}},"19":{"start":{"line":187,"column":47},"end":{"line":187,"column":70}},"20":{"start":{"line":234,"column":15},"end":{"line":314,"column":2}}},"fnMap":{"0":{"name":"AttachmentModal","decl":{"start":{"line":73,"column":24},"end":{"line":73,"column":39}},"loc":{"start":{"line":77,"column":25},"end":{"line":232,"column":1}},"line":77},"1":{"name":"(anonymous_1)","decl":{"start":{"line":83,"column":14},"end":{"line":83,"column":15}},"loc":{"start":{"line":83,"column":20},"end":{"line":112,"column":5}},"line":83},"2":{"name":"(anonymous_2)","decl":{"start":{"line":114,"column":25},"end":{"line":114,"column":26}},"loc":{"start":{"line":114,"column":43},"end":{"line":118,"column":5}},"line":114},"3":{"name":"(anonymous_3)","decl":{"start":{"line":120,"column":24},"end":{"line":120,"column":25}},"loc":{"start":{"line":120,"column":30},"end":{"line":123,"column":5}},"line":120},"4":{"name":"(anonymous_4)","decl":{"start":{"line":175,"column":48},"end":{"line":175,"column":49}},"loc":{"start":{"line":176,"column":28},"end":{"line":208,"column":47}},"line":176},"5":{"name":"(anonymous_5)","decl":{"start":{"line":187,"column":41},"end":{"line":187,"column":42}},"loc":{"start":{"line":187,"column":47},"end":{"line":187,"column":70}},"line":187}},"branchMap":{"0":{"loc":{"start":{"line":84,"column":8},"end":{"line":111,"column":9}},"type":"if","locations":[{"start":{"line":84,"column":8},"end":{"line":111,"column":9}},{"start":{"line":98,"column":15},"end":{"line":111,"column":9}}],"line":84},"1":{"loc":{"start":{"line":154,"column":31},"end":{"line":154,"column":63}},"type":"cond-expr","locations":[{"start":{"line":154,"column":55},"end":{"line":154,"column":57}},{"start":{"line":154,"column":60},"end":{"line":154,"column":63}}],"line":154},"2":{"loc":{"start":{"line":155,"column":26},"end":{"line":155,"column":51}},"type":"cond-expr","locations":[{"start":{"line":155,"column":35},"end":{"line":155,"column":41}},{"start":{"line":155,"column":44},"end":{"line":155,"column":51}}],"line":155},"3":{"loc":{"start":{"line":181,"column":57},"end":{"line":183,"column":65}},"type":"cond-expr","locations":[{"start":{"line":182,"column":46},"end":{"line":182,"column":65}},{"start":{"line":183,"column":46},"end":{"line":183,"column":65}}],"line":181},"4":{"loc":{"start":{"line":217,"column":49},"end":{"line":217,"column":86}},"type":"cond-expr","locations":[{"start":{"line":217,"column":58},"end":{"line":217,"column":69}},{"start":{"line":217,"column":72},"end":{"line":217,"column":86}}],"line":217}},"s":{"0":0,"1":0,"2":0,"3":0,"4":0,"5":0,"6":0,"7":0,"8":0,"9":0,"10":0,"11":0,"12":0,"13":0,"14":0,"15":0,"16":0,"17":0,"18":0,"19":0,"20":0},"f":{"0":0,"1":0,"2":0,"3":0,"4":0,"5":0},"b":{"0":[0,0],"1":[0,0],"2":[0,0],"3":[0,0],"4":[0,0]}}
,"C:\\Users\\chauh\\OneDrive\\Desktop\\Own AI Model Dream\\veda-ai-mobile\\src\\components\\chat\\ChatEmptyState.tsx": {"path":"C:\\Users\\chauh\\OneDrive\\Desktop\\Own AI Model Dream\\veda-ai-mobile\\src\\components\\chat\\ChatEmptyState.tsx","statementMap":{"0":{"start":{"line":22,"column":23},"end":{"line":61,"column":1}},"1":{"start":{"line":28,"column":23},"end":{"line":28,"column":33}},"2":{"start":{"line":30,"column":4},"end":{"line":60,"column":6}},"3":{"start":{"line":36,"column":20},"end":{"line":43,"column":39}},"4":{"start":{"line":39,"column":39},"end":{"line":39,"column":71}},"5":{"start":{"line":50,"column":28},"end":{"line":50,"column":53}},"6":{"start":{"line":51,"column":28},"end":{"line":51,"column":56}},"7":{"start":{"line":65,"column":15},"end":{"line":98,"column":2}}},"fnMap":{"0":{"name":"(anonymous_0)","decl":{"start":{"line":22,"column":23},"end":{"line":22,"column":24}},"loc":{"start":{"line":27,"column":27},"end":{"line":61,"column":1}},"line":27},"1":{"name":"(anonymous_1)","decl":{"start":{"line":35,"column":42},"end":{"line":35,"column":43}},"loc":{"start":{"line":36,"column":20},"end":{"line":43,"column":39}},"line":36},"2":{"name":"(anonymous_2)","decl":{"start":{"line":39,"column":33},"end":{"line":39,"column":34}},"loc":{"start":{"line":39,"column":39},"end":{"line":39,"column":71}},"line":39},"3":{"name":"(anonymous_3)","decl":{"start":{"line":49,"column":33},"end":{"line":49,"column":34}},"loc":{"start":{"line":49,"column":39},"end":{"line":52,"column":25}},"line":49}},"branchMap":{"0":{"loc":{"start":{"line":46,"column":17},"end":{"line":57,"column":17}},"type":"binary-expr","locations":[{"start":{"line":46,"column":17},"end":{"line":46,"column":36}},{"start":{"line":47,"column":20},"end":{"line":56,"column":39}}],"line":46}},"s":{"0":0,"1":0,"2":0,"3":0,"4":0,"5":0,"6":0,"7":0},"f":{"0":0,"1":0,"2":0,"3":0},"b":{"0":[0,0]}}
[...]
,"C:\\Users\\chauh\\OneDrive\\Desktop\\Own AI Model Dream\\veda-ai-mobile\\src\\services\\voiceService.js": {"path":"C:\\Users\\chauh\\OneDrive\\Desktop\\Own AI Model Dream\\veda-ai-mobile\\src\\services\\voiceService.js","statementMap":{"0":{"start":{"line":8,"column":16},"end":{"line":8,"column":113}},"1":{"start":{"line":9,"column":15},"end":{"line":9,"column":65}},"2":{"start":{"line":13,"column":8},"end":{"line":13,"column":23}},"3":{"start":{"line":14,"column":8},"end":{"line":14,"column":30}},"4":{"start":{"line":15,"column":8},"end":{"line":15,"column":26}},"5":{"start":{"line":16,"column":8},"end":{"line":23,"column":10}},"6":{"start":{"line":24,"column":8},"end":{"line":24,"column":33}},"7":{"start":{"line":25,"column":8},"end":{"line":25,"column":30}},"8":{"start":{"line":30,"column":8},"end":{"line":30,"column":61}},"9":{"start":{"line":35,"column":8},"end":{"line":35,"column":69}},"10":{"start":{"line":35,"column":62},"end":{"line":35,"column":69}},"11":{"start":{"line":37,"column":8},"end":{"line":91,"column":9}},"12":{"start":{"line":38,"column":12},"end":{"line":38,"column":44}},"13":{"start":{"line":40,"column":12},"end":{"line":44,"column":14}},"14":{"start":{"line":41,"column":16},"end":{"line":41,"column":40}},"15":{"start":{"line":42,"column":16},"end":{"line":42,"column":58}},"16":{"start":{"line":43,"column":16},"end":{"line":43,"column":57}},"17":{"start":{"line":46,"column":12},"end":{"line":52,"column":14}},"18":{"start":{"line":47,"column":16},"end":{"line":47,"column":41}},"19":{"start":{"line":48,"column":16},"end":{"line":48,"column":59}},"20":{"start":{"line":49,"column":16},"end":{"line":49,"column":60}},"21":{"start":{"line":51,"column":16},"end":{"line":51,"column":55}},"22":{"start":{"line":51,"column":33},"end":{"line":51,"column":47}},"23":{"start":{"line":54,"column":12},"end":{"line":57,"column":14}},"24":{"start":{"line":55,"column":16},"end":{"line":55,"column":63}},"25":{"start":{"line":56,"column":16},"end":{"line":56,"column":61}},"26":{"start":{"line":59,"column":12},"end":{"line":87,"column":14}},"27":{"start":{"line":61,"column":16},"end":{"line":86,"column":17}},"28":{"start":{"line":62,"column":35},"end":{"line":62,"column":75}},"29":{"start":{"line":63,"column":20},"end":{"line":63,"column":66}},"30":{"start":{"line":65,"column":33},"end":{"line":65,"column":55}},"31":{"start":{"line":67,"column":20},"end":{"line":85,"column":21}},"32":{"start":{"line":69,"column":28},"end":{"line":69,"column":101}},"33":{"start":{"line":70,"column":28},"end":{"line":70,"column":34}},"34":{"start":{"line":72,"column":28},"end":{"line":72,"column":82}},"35":{"start":{"line":73,"column":28},"end":{"line":73,"column":34}},"36":{"start":{"line":75,"column":28},"end":{"line":75,"column":50}},"37":{"start":{"line":76,"column":28},"end":{"line":76,"column":60}},"38":{"start":{"line":77,"column":28},"end":{"line":77,"column":34}},"39":{"start":{"line":79,"column":28},"end":{"line":79,"column":45}},"40":{"start":{"line":80,"column":28},"end":{"line":80,"column":58}},"41":{"start":{"line":81,"column":28},"end":{"line":81,"column":34}},"42":{"start":{"line":83,"column":28},"end":{"line":83,"column":67}},"43":{"start":{"line":84,"column":28},"end":{"line":84,"column":34}},"44":{"start":{"line":89,"column":12},"end":{"line":89,"column":64}},"45":{"start":{"line":90,"column":12},"end":{"line":90,"column":58}},"46":{"start":{"line":96,"column":8},"end":{"line":101,"column":11}},"47":{"start":{"line":97,"column":27},"end":{"line":97,"column":43}},"48":{"start":{"line":98,"column":12},"end":{"line":98,"column":57}},"49":{"start":{"line":98,"column":34},"end":{"line":98,"column":56}},"50":{"start":{"line":99,"column":12},"end":{"line":99,"column":36}},"51":{"start":{"line":100,"column":12},"end":{"line":100,"column":43}},"52":{"start":{"line":106,"column":8},"end":{"line":109,"column":9}},"53":{"start":{"line":107,"column":12},"end":{"line":107,"column":28}},"54":{"start":{"line":108,"column":12},"end":{"line":108,"column":27}},"55":{"start":{"line":114,"column":8},"end":{"line":117,"column":9}},"56":{"start":{"line":115,"column":12},"end":{"line":115,"column":70}},"57":{"start":{"line":116,"column":12},"end":{"line":116,"column":25}},"58":{"start":{"line":119,"column":8},"end":{"line":145,"column":9}},"59":{"start":{"line":121,"column":31},"end":{"line":121,"column":68}},"60":{"start":{"line":122,"column":12},"end":{"line":125,"column":13}},"61":{"start":{"line":123,"column":16},"end":{"line":123,"column":73}},"62":{"start":{"line":124,"column":16},"end":{"line":124,"column":29}},"63":{"start":{"line":128,"column":12},"end":{"line":132,"column":15}},"64":{"start":{"line":135,"column":34},"end":{"line":137,"column":13}},"65":{"start":{"line":138,"column":12},"end":{"line":138,"column":39}},"66":{"start":{"line":139,"column":12},"end":{"line":139,"column":45}},"67":{"start":{"line":140,"column":12},"end":{"line":140,"column":24}},"68":{"start":{"line":142,"column":12},"end":{"line":142,"column":61}},"69":{"start":{"line":143,"column":12},"end":{"line":143,"column":57}},"70":{"start":{"line":144,"column":12},"end":{"line":144,"column":25}},"71":{"start":{"line":150,"column":8},"end":{"line":150,"column":36}},"72":{"start":{"line":150,"column":29},"end":{"line":150,"column":36}},"73":{"start":{"line":152,"column":8},"end":{"line":183,"column":9}},"74":{"start":{"line":153,"column":12},"end":{"line":153,"column":54}},"75":{"start":{"line":154,"column":24},"end":{"line":154,"column":47}},"76":{"start":{"line":155,"column":12},"end":{"line":155,"column":56}},"77":{"start":{"line":158,"column":30},"end":{"line":160,"column":14}},"78":{"start":{"line":163,"column":33},"end":{"line":163,"column":48}},"79":{"start":{"line":164,"column":26},"end":{"line":164,"column":61}},"80":{"start":{"line":165,"column":12},"end":{"line":167,"column":13}},"81":{"start":{"line":165,"column":25},"end":{"line":165,"column":26}},"82":{"start":{"line":166,"column":16},"end":{"line":166,"column":54}},"83":{"start":{"line":170,"column":12},"end":{"line":170,"column":39}},"84":{"start":{"line":171,"column":12},"end":{"line":171,"column":65}},"85":{"start":{"line":174,"column":12},"end":{"line":174,"column":34}},"86":{"start":{"line":177,"column":12},"end":{"line":179,"column":15}},"87":{"start":{"line":181,"column":12},"end":{"line":181,"column":60}},"88":{"start":{"line":182,"column":12},"end":{"line":182,"column":68}},"89":{"start":{"line":188,"column":8},"end":{"line":188,"column":50}},"90":{"start":{"line":188,"column":43},"end":{"line":188,"column":50}},"91":{"start":{"line":190,"column":8},"end":{"line":213,"column":9}},"92":{"start":{"line":192,"column":32},"end":{"line":192,"column":94}},"93":{"start":{"line":192,"column":72},"end":{"line":192,"column":90}},"94":{"start":{"line":193,"column":29},"end":{"line":193,"column":56}},"95":{"start":{"line":194,"column":25},"end":{"line":194,"column":26}},"96":{"start":{"line":195,"column":12},"end":{"line":198,"column":13}},"97":{"start":{"line":196,"column":16},"end":{"line":196,"column":44}},"98":{"start":{"line":197,"column":16},"end":{"line":197,"column":39}},"99":{"start":{"line":201,"column":24},"end":{"line":201,"column":72}},"100":{"start":{"line":202,"column":27},"end":{"line":202,"column":65}},"101":{"start":{"line":203,"column":12},"end":{"line":205,"column":15}},"102":{"start":{"line":208,"column":30},"end":{"line":208,"column":68}},"103":{"start":{"line":209,"column":12},"end":{"line":209,"column":31}},"104":{"start":{"line":210,"column":12},"end":{"line":210,"column":36}},"105":{"start":{"line":212,"column":12},"end":{"line":212,"column":56}},"106":{"start":{"line":218,"column":28},"end":{"line":218,"column":46}}},"fnMap":{"0":{"name":"(anonymous_0)","decl":{"start":{"line":12,"column":4},"end":{"line":12,"column":5}},"loc":{"start":{"line":12,"column":18},"end":{"line":26,"column":5}},"line":12},"1":{"name":"(anonymous_1)","decl":{"start":{"line":29,"column":4},"end":{"line":29,"column":5}},"loc":{"start":{"line":29,"column":28},"end":{"line":31,"column":5}},"line":29},"2":{"name":"(anonymous_2)","decl":{"start":{"line":34,"column":4},"end":{"line":34,"column":5}},"loc":{"start":{"line":34,"column":14},"end":{"line":92,"column":5}},"line":34},"3":{"name":"(anonymous_3)","decl":{"start":{"line":40,"column":29},"end":{"line":40,"column":30}},"loc":{"start":{"line":40,"column":35},"end":{"line":44,"column":13}},"line":40},"4":{"name":"(anonymous_4)","decl":{"start":{"line":46,"column":30},"end":{"line":46,"column":31}},"loc":{"start":{"line":46,"column":36},"end":{"line":52,"column":13}},"line":46},"5":{"name":"(anonymous_5)","decl":{"start":{"line":51,"column":27},"end":{"line":51,"column":28}},"loc":{"start":{"line":51,"column":33},"end":{"line":51,"column":47}},"line":51},"6":{"name":"(anonymous_6)","decl":{"start":{"line":54,"column":30},"end":{"line":54,"column":31}},"loc":{"start":{"line":54,"column":41},"end":{"line":57,"column":13}},"line":54},"7":{"name":"(anonymous_7)","decl":{"start":{"line":59,"column":32},"end":{"line":59,"column":33}},"loc":{"start":{"line":59,"column":49},"end":{"line":87,"column":13}},"line":59},"8":{"name":"(anonymous_8)","decl":{"start":{"line":95,"column":4},"end":{"line":95,"column":5}},"loc":{"start":{"line":95,"column":34},"end":{"line":102,"column":5}},"line":95},"9":{"name":"(anonymous_9)","decl":{"start":{"line":96,"column":27},"end":{"line":96,"column":28}},"loc":{"start":{"line":96,"column":48},"end":{"line":101,"column":9}},"line":96},"10":{"name":"(anonymous_10)","decl":{"start":{"line":98,"column":28},"end":{"line":98,"column":29}},"loc":{"start":{"line":98,"column":34},"end":{"line":98,"column":56}},"line":98},"11":{"name":"(anonymous_11)","decl":{"start":{"line":105,"column":4},"end":{"line":105,"column":5}},"loc":{"start":{"line":105,"column":17},"end":{"line":110,"column":5}},"line":105},"12":{"name":"(anonymous_12)","decl":{"start":{"line":113,"column":4},"end":{"line":113,"column":5}},"loc":{"start":{"line":113,"column":27},"end":{"line":146,"column":5}},"line":113},"13":{"name":"(anonymous_13)","decl":{"start":{"line":149,"column":4},"end":{"line":149,"column":5}},"loc":{"start":{"line":149,"column":26},"end":{"line":184,"column":5}},"line":149},"14":{"name":"(anonymous_14)","decl":{"start":{"line":187,"column":4},"end":{"line":187,"column":5}},"loc":{"start":{"line":187,"column":22},"end":{"line":214,"column":5}},"line":187},"15":{"name":"(anonymous_15)","decl":{"start":{"line":192,"column":56},"end":{"line":192,"column":57}},"loc":{"start":{"line":192,"column":72},"end":{"line":192,"column":90}},"line":192}},"branchMap":{"0":{"loc":{"start":{"line":8,"column":16},"end":{"line":8,"column":113}},"type":"binary-expr","locations":[{"start":{"line":8,"column":16},"end":{"line":8,"column":51}},{"start":{"line":8,"column":55},"end":{"line":8,"column":86}},{"start":{"line":8,"column":90},"end":{"line":8,"column":113}}],"line":8},"1":{"loc":{"start":{"line":35,"column":8},"end":{"line":35,"column":69}},"type":"if","locations":[{"start":{"line":35,"column":8},"end":{"line":35,"column":69}},{"start":{},"end":{}}],"line":35},"2":{"loc":{"start":{"line":35,"column":12},"end":{"line":35,"column":60}},"type":"binary-expr","locations":[{"start":{"line":35,"column":12},"end":{"line":35,"column":19}},{"start":{"line":35,"column":23},"end":{"line":35,"column":60}}],"line":35},"3":{"loc":{"start":{"line":61,"column":16},"end":{"line":86,"column":17}},"type":"if","locations":[{"start":{"line":61,"column":16},"end":{"line":86,"column":17}},{"start":{"line":64,"column":23},"end":{"line":86,"column":17}}],"line":61},"4":{"loc":{"start":{"line":67,"column":20},"end":{"line":85,"column":21}},"type":"switch","locations":[{"start":{"line":68,"column":24},"end":{"line":70,"column":34}},{"start":{"line":71,"column":24},"end":{"line":73,"column":34}},{"start":{"line":74,"column":24},"end":{"line":77,"column":34}},{"start":{"line":78,"column":24},"end":{"line":81,"column":34}},{"start":{"line":82,"column":24},"end":{"line":84,"column":34}}],"line":67},"5":{"loc":{"start":{"line":106,"column":8},"end":{"line":109,"column":9}},"type":"if","locations":[{"start":{"line":106,"column":8},"end":{"line":109,"column":9}},{"start":{},"end":{}}],"line":106},"6":{"loc":{"start":{"line":114,"column":8},"end":{"line":117,"column":9}},"type":"if","locations":[{"start":{"line":114,"column":8},"end":{"line":117,"column":9}},{"start":{},"end":{}}],"line":114},"7":{"loc":{"start":{"line":122,"column":12},"end":{"line":125,"column":13}},"type":"if","locations":[{"start":{"line":122,"column":12},"end":{"line":125,"column":13}},{"start":{},"end":{}}],"line":122},"8":{"loc":{"start":{"line":150,"column":8},"end":{"line":150,"column":36}},"type":"if","locations":[{"start":{"line":150,"column":8},"end":{"line":150,"column":36}},{"start":{},"end":{}}],"line":150},"9":{"loc":{"start":{"line":188,"column":8},"end":{"line":188,"column":50}},"type":"if","locations":[{"start":{"line":188,"column":8},"end":{"line":188,"column":50}},{"start":{},"end":{}}],"line":188}},"s":{"0":0,"1":0,"2":0,"3":0,"4":0,"5":0,"6":0,"7":0,"8":0,"9":0,"10":0,"11":0,"12":0,"13":0,"14":0,"15":0,"16":0,"17":0,"18":0,"19":0,"20":0,"21":0,"22":0,"23":0,"24":0,"25":0,"26":0,"27":0,"28":0,"29":0,"30":0,"31":0,"32":0,"33":0,"34":0,"35":0,"36":0,"37":0,"38":0,"39":0,"40":0,"41":0,"42":0,"43":0,"44":0,"45":0,"46":0,"47":0,"48":0,"49":0,"50":0,"51":0,"52":0,"53":0,"54":0,"55":0,"56":0,"57":0,"58":0,"59":0,"60":0,"61":0,"62":0,"63":0,"64":0,"65":0,"66":0,"67":0,"68":0,"69":0,"70":0,"71":0,"72":0,"73":0,"74":0,"75":0,"76":0,"77":0,"78":0,"79":0,"80":0,"81":0,"82":0,"83":0,"84":0,"85":0,"86":0,"87":0,"88":0,"89":0,"90":0,"91":0,"92":0,"93":0,"94":0,"95":0,"96":0,"97":0,"98":0,"99":0,"100":0,"101":0,"102":0,"103":0,"104":0,"105":0,"106":0},"f":{"0":0,"1":0,"2":0,"3":0,"4":0,"5":0,"6":0,"7":0,"8":0,"9":0,"10":0,"11":0,"12":0,"13":0,"14":0,"15":0},"b":{"0":[0,0,0],"1":[0,0],"2":[0,0],"3":[0,0],"4":[0,0,0,0,0],"5":[0,0],"6":[0,0],"7":[0,0],"8":[0,0],"9":[0,0]}}
,"C:\\Users\\chauh\\OneDrive\\Desktop\\Own AI Model Dream\\veda-ai-mobile\\src\\types\\chat.ts": {"path":"C:\\Users\\chauh\\OneDrive\\Desktop\\Own AI Model Dream\\veda-ai-mobile\\src\\types\\chat.ts","statementMap":{},"fnMap":{},"branchMap":{},"s":{},"f":{},"b":{}}
,"C:\\Users\\chauh\\OneDrive\\Desktop\\Own AI Model Dream\\veda-ai-mobile\\src\\types\\syntax-highlighter.d.ts": {"path":"C:\\Users\\chauh\\OneDrive\\Desktop\\Own AI Model Dream\\veda-ai-mobile\\src\\types\\syntax-highlighter.d.ts","statementMap":{},"fnMap":{},"branchMap":{},"s":{},"f":{},"b":{}}
,"C:\\Users\\chauh\\OneDrive\\Desktop\\Own AI Model Dream\\veda-ai-mobile\\src\\utils\\PerformanceMonitor.ts": {"path":"C:\\Users\\chauh\\OneDrive\\Desktop\\Own AI Model Dream\\veda-ai-mobile\\src\\utils\\PerformanceMonitor.ts","statementMap":{"0":{"start":{"line":3,"column":30},"end":{"line":10,"column":1}},"1":{"start":{"line":4,"column":18},"end":{"line":4,"column":27}},"2":{"start":{"line":6,"column":4},"end":{"line":9,"column":7}},"3":{"start":{"line":7,"column":8},"end":{"line":7,"column":24}},"4":{"start":{"line":8,"column":8},"end":{"line":8,"column":86}},"5":{"start":{"line":13,"column":51},"end":{"line":13,"column":53}},"6":{"start":{"line":16,"column":8},"end":{"line":18,"column":9}},"7":{"start":{"line":17,"column":12},"end":{"line":17,"column":50}},"8":{"start":{"line":22,"column":8},"end":{"line":26,"column":9}},"9":{"start":{"line":23,"column":29},"end":{"line":23,"column":66}},"10":{"start":{"line":24,"column":12},"end":{"line":24,"column":76}},"11":{"start":{"line":25,"column":12},"end":{"line":25,"column":37}}},"fnMap":{"0":{"name":"(anonymous_0)","decl":{"start":{"line":3,"column":30},"end":{"line":3,"column":31}},"loc":{"start":{"line":3,"column":57},"end":{"line":10,"column":1}},"line":3},"1":{"name":"(anonymous_1)","decl":{"start":{"line":6,"column":14},"end":{"line":6,"column":15}},"loc":{"start":{"line":6,"column":20},"end":{"line":9,"column":5}},"line":6},"2":{"name":"(anonymous_2)","decl":{"start":{"line":15,"column":4},"end":{"line":15,"column":5}},"loc":{"start":{"line":15,"column":32},"end":{"line":19,"column":5}},"line":15},"3":{"name":"(anonymous_3)","decl":{"start":{"line":21,"column":4},"end":{"line":21,"column":5}},"loc":{"start":{"line":21,"column":30},"end":{"line":27,"column":5}},"line":21}},"branchMap":{"0":{"loc":{"start":{"line":16,"column":8},"end":{"line":18,"column":9}},"type":"if","locations":[{"start":{"line":16,"column":8},"end":{"line":18,"column":9}},{"start":{},"end":{}}],"line":16},"1":{"loc":{"start":{"line":22,"column":8},"end":{"line":26,"column":9}},"type":"if","locations":[{"start":{"line":22,"column":8},"end":{"line":26,"column":9}},{"start":{},"end":{}}],"line":22},"2":{"loc":{"start":{"line":22,"column":12},"end":{"line":22,"column":40}},"type":"binary-expr","locations":[{"start":{"line":22,"column":12},"end":{"line":22,"column":19}},{"start":{"line":22,"column":23},"end":{"line":22,"column":40}}],"line":22}},"s":{"0":0,"1":0,"2":0,"3":0,"4":0,"5":0,"6":0,"7":0,"8":0,"9":0,"10":0,"11":0},"f":{"0":0,"1":0,"2":0,"3":0},"b":{"0":[0,0],"1":[0,0],"2":[0,0]}}
,"C:\\Users\\chauh\\OneDrive\\Desktop\\Own AI Model Dream\\veda-ai-mobile\\src\\utils\\errorLogger.ts": {"path":"C:\\Users\\chauh\\OneDrive\\Desktop\\Own AI Model Dream\\veda-ai-mobile\\src\\utils\\errorLogger.ts","statementMap":{"0":{"start":{"line":16,"column":21},"end":{"line":23,"column":5}},"1":{"start":{"line":25,"column":4},"end":{"line":25,"column":69}},"2":{"start":{"line":33,"column":21},"end":{"line":39,"column":5}},"3":{"start":{"line":41,"column":4},"end":{"line":41,"column":58}}},"fnMap":{"0":{"name":"logError","decl":{"start":{"line":15,"column":16},"end":{"line":15,"column":24}},"loc":{"start":{"line":15,"column":100},"end":{"line":26,"column":1}},"line":15},"1":{"name":"logEvent","decl":{"start":{"line":32,"column":16},"end":{"line":32,"column":24}},"loc":{"start":{"line":32,"column":90},"end":{"line":42,"column":1}},"line":32}},"branchMap":{"0":{"loc":{"start":{"line":15,"column":66},"end":{"line":15,"column":92}},"type":"default-arg","locations":[{"start":{"line":15,"column":90},"end":{"line":15,"column":92}}],"line":15},"1":{"loc":{"start":{"line":20,"column":17},"end":{"line":20,"column":66}},"type":"cond-expr","locations":[{"start":{"line":20,"column":45},"end":{"line":20,"column":50}},{"start":{"line":20,"column":53},"end":{"line":20,"column":66}}],"line":20},"2":{"loc":{"start":{"line":21,"column":15},"end":{"line":21,"column":66}},"type":"cond-expr","locations":[{"start":{"line":21,"column":43},"end":{"line":21,"column":54}},{"start":{"line":21,"column":57},"end":{"line":21,"column":66}}],"line":21},"3":{"loc":{"start":{"line":32,"column":59},"end":{"line":32,"column":82}},"type":"default-arg","locations":[{"start":{"line":32,"column":80},"end":{"line":32,"column":82}}],"line":32}},"s":{"0":0,"1":0,"2":0,"3":0},"f":{"0":0,"1":0},"b":{"0":[0],"1":[0,0],"2":[0,0],"3":[0]}}
}
