TN:
SF:App.tsx
FN:42,AppContent
FN:47,(anonymous_1)
FN:48,checkFirstLaunch
FN:66,(anonymous_3)
FN:95,(anonymous_4)
FN:107,(anonymous_5)
FN:112,App
FN:116,(anonymous_7)
FN:121,prepare
FN:124,(anonymous_9)
FN:135,(anonymous_10)
FN:142,(anonymous_11)
FN:156,(anonymous_12)
FN:163,(anonymous_13)
FN:170,(anonymous_14)
FN:171,(anonymous_15)
FN:176,(anonymous_16)
FN:179,(anonymous_17)
FN:184,(anonymous_18)
FN:190,(anonymous_19)
FNF:20
FNH:0
FNDA:0,AppContent
FNDA:0,(anonymous_1)
FNDA:0,checkFirstLaunch
FNDA:0,(anonymous_3)
FNDA:0,(anonymous_4)
FNDA:0,(anonymous_5)
FNDA:0,App
FNDA:0,(anonymous_7)
FNDA:0,prepare
FNDA:0,(anonymous_9)
FNDA:0,(anonymous_10)
FNDA:0,(anonymous_11)
FNDA:0,(anonymous_12)
FNDA:0,(anonymous_13)
FNDA:0,(anonymous_14)
FNDA:0,(anonymous_15)
FNDA:0,(anonymous_16)
FNDA:0,(anonymous_17)
FNDA:0,(anonymous_18)
FNDA:0,(anonymous_19)
DA:33,0
DA:39,0
DA:43,0
DA:44,0
DA:45,0
DA:47,0
DA:49,0
DA:50,0
DA:51,0
DA:52,0
DA:54,0
DA:57,0
DA:58,0
DA:62,0
DA:66,0
DA:67,0
DA:68,0
DA:69,0
DA:71,0
DA:75,0
DA:77,0
DA:86,0
DA:87,0
DA:91,0
DA:92,0
DA:96,0
DA:97,0
DA:105,0
DA:107,0
DA:113,0
DA:116,0
DA:117,0
DA:122,0
DA:124,0
DA:127,0
DA:135,0
DA:136,0
DA:140,0
DA:142,0
DA:145,0
DA:147,0
DA:148,0
DA:153,0
DA:156,0
DA:157,0
DA:158,0
DA:159,0
DA:163,0
DA:164,0
DA:165,0
DA:170,0
DA:171,0
DA:172,0
DA:175,0
DA:177,0
DA:180,0
DA:184,0
DA:185,0
DA:190,0
DA:191,0
DA:192,0
DA:196,0
DA:197,0
DA:200,0
DA:221,0
LF:65
LH:0
BRDA:51,0,0,0
BRDA:51,0,1,0
BRDA:75,1,0,0
BRDA:75,1,1,0
BRDA:86,2,0,0
BRDA:86,2,1,0
BRDA:91,3,0,0
BRDA:91,3,1,0
BRDA:91,4,0,0
BRDA:91,4,1,0
BRDA:91,4,2,0
BRDA:147,5,0,0
BRDA:147,5,1,0
BRDA:157,6,0,0
BRDA:157,6,1,0
BRDA:172,7,0,0
BRDA:172,7,1,0
BRDA:191,8,0,0
BRDA:191,8,1,0
BRDA:196,9,0,0
BRDA:196,9,1,0
BRF:21
BRH:0
end_of_record
TN:
SF:generate-locales.js
FN:28,(anonymous_0)
FNF:1
FNH:0
FNDA:0,(anonymous_0)
DA:1,0
DA:2,0
DA:5,0
DA:6,0
DA:9,0
DA:10,0
DA:11,0
DA:15,0
DA:18,0
DA:26,0
DA:28,0
DA:29,0
DA:34,0
DA:35,0
DA:36,0
DA:37,0
DA:39,0
DA:42,0
DA:46,0
LF:19
LH:0
BRDA:9,0,0,0
BRDA:9,0,1,0
BRDA:35,1,0,0
BRDA:35,1,1,0
BRF:4
BRH:0
end_of_record
TN:
SF:index.ts
FNF:0
FNH:0
DA:9,0
LF:1
LH:0
BRF:0
BRH:0
end_of_record
TN:
SF:jest.config.js
FNF:0
FNH:0
DA:1,0
LF:1
LH:0
BRF:0
BRH:0
end_of_record
TN:
SF:src\components\Confetti.tsx
FN:22,(anonymous_0)
FN:28,(anonymous_1)
FN:35,(anonymous_2)
FN:44,(anonymous_3)
FN:61,(anonymous_4)
FN:65,(anonymous_5)
FN:66,(anonymous_6)
FN:67,(anonymous_7)
FN:76,(anonymous_8)
FN:80,(anonymous_9)
FNF:10
FNH:0
FNDA:0,(anonymous_0)
FNDA:0,(anonymous_1)
FNDA:0,(anonymous_2)
FNDA:0,(anonymous_3)
FNDA:0,(anonymous_4)
FNDA:0,(anonymous_5)
FNDA:0,(anonymous_6)
FNDA:0,(anonymous_7)
FNDA:0,(anonymous_8)
FNDA:0,(anonymous_9)
DA:13,0
DA:14,0
DA:15,0
DA:22,0
DA:23,0
DA:24,0
DA:25,0
DA:26,0
DA:28,0
DA:29,0
DA:30,0
DA:32,0
DA:36,0
DA:39,0
DA:40,0
DA:41,0
DA:44,0
DA:54,0
DA:61,0
DA:62,0
DA:63,0
DA:65,0
DA:67,0
DA:68,0
DA:72,0
DA:74,0
DA:77,0
DA:81,0
DA:89,0
LF:29
LH:0
BRDA:36,0,0,0
BRDA:36,0,1,0
BRDA:72,1,0,0
BRDA:72,1,1,0
BRDA:81,2,0,0
BRDA:81,2,1,0
BRF:6
BRH:0
end_of_record
TN:
SF:src\components\LanguageSettingsModal.tsx
FN:25,LanguageSettingsModal
FN:36,(anonymous_1)
FN:42,(anonymous_2)
FN:47,(anonymous_3)
FN:48,(anonymous_4)
FN:50,(anonymous_5)
FN:55,(anonymous_6)
FN:58,(anonymous_7)
FN:73,(anonymous_8)
FN:96,(anonymous_9)
FN:99,(anonymous_10)
FN:160,(anonymous_11)
FN:168,(anonymous_12)
FN:169,(anonymous_13)
FN:181,(anonymous_14)
FN:185,(anonymous_15)
FN:198,(anonymous_16)
FN:202,(anonymous_17)
FNF:18
FNH:0
FNDA:0,LanguageSettingsModal
FNDA:0,(anonymous_1)
FNDA:0,(anonymous_2)
FNDA:0,(anonymous_3)
FNDA:0,(anonymous_4)
FNDA:0,(anonymous_5)
FNDA:0,(anonymous_6)
FNDA:0,(anonymous_7)
FNDA:0,(anonymous_8)
FNDA:0,(anonymous_9)
FNDA:0,(anonymous_10)
FNDA:0,(anonymous_11)
FNDA:0,(anonymous_12)
FNDA:0,(anonymous_13)
FNDA:0,(anonymous_14)
FNDA:0,(anonymous_15)
FNDA:0,(anonymous_16)
FNDA:0,(anonymous_17)
DA:26,0
DA:27,0
DA:28,0
DA:29,0
DA:30,0
DA:33,0
DA:34,0
DA:36,0
DA:37,0
DA:38,0
DA:42,0
DA:43,0
DA:47,0
DA:48,0
DA:50,0
DA:51,0
DA:52,0
DA:53,0
DA:54,0
DA:55,0
DA:58,0
DA:59,0
DA:61,0
DA:63,0
DA:73,0
DA:96,0
DA:97,0
DA:100,0
DA:101,0
DA:119,0
DA:160,0
DA:168,0
DA:169,0
DA:181,0
DA:185,0
DA:198,0
DA:202,0
DA:216,0
LF:38
LH:0
BRDA:37,0,0,0
BRDA:37,0,1,0
BRDA:43,1,0,0
BRDA:43,1,1,0
BRDA:69,2,0,0
BRDA:69,2,1,0
BRDA:69,3,0,0
BRDA:69,3,1,0
BRDA:70,4,0,0
BRDA:70,4,1,0
BRDA:79,5,0,0
BRDA:79,5,1,0
BRDA:80,6,0,0
BRDA:80,6,1,0
BRDA:89,7,0,0
BRDA:89,7,1,0
BRDA:98,8,0,0
BRDA:98,8,1,0
BRDA:107,9,0,0
BRDA:107,9,1,0
BRDA:112,10,0,0
BRDA:112,10,1,0
BRDA:128,11,0,0
BRDA:128,11,1,0
BRDA:129,12,0,0
BRDA:129,12,1,0
BRDA:136,13,0,0
BRDA:136,13,1,0
BRDA:150,14,0,0
BRDA:150,14,1,0
BRDA:159,15,0,0
BRDA:159,15,1,0
BRDA:175,16,0,0
BRDA:175,16,1,0
BRDA:183,17,0,0
BRDA:183,17,1,0
BRDA:192,18,0,0
BRDA:192,18,1,0
BRDA:200,19,0,0
BRDA:200,19,1,0
BRF:40
BRH:0
end_of_record
TN:
SF:src\components\SourcesCitation.tsx
FN:28,SourcesCitation
FN:39,(anonymous_1)
FN:45,(anonymous_2)
FN:55,(anonymous_3)
FN:59,(anonymous_4)
FN:67,(anonymous_5)
FN:99,(anonymous_6)
FN:120,(anonymous_7)
FN:127,(anonymous_8)
FN:171,AgentBadge
FN:176,(anonymous_10)
FN:186,(anonymous_11)
FNF:12
FNH:0
FNDA:0,SourcesCitation
FNDA:0,(anonymous_1)
FNDA:0,(anonymous_2)
FNDA:0,(anonymous_3)
FNDA:0,(anonymous_4)
FNDA:0,(anonymous_5)
FNDA:0,(anonymous_6)
FNDA:0,(anonymous_7)
FNDA:0,(anonymous_8)
FNDA:0,AgentBadge
FNDA:0,(anonymous_10)
FNDA:0,(anonymous_11)
DA:36,0
DA:39,0
DA:41,0
DA:42,0
DA:45,0
DA:46,0
DA:47,0
DA:53,0
DA:55,0
DA:59,0
DA:60,0
DA:61,0
DA:63,0
DA:67,0
DA:68,0
DA:69,0
DA:70,0
DA:73,0
DA:99,0
DA:121,0
DA:127,0
DA:172,0
DA:174,0
DA:176,0
DA:177,0
DA:178,0
DA:179,0
DA:180,0
DA:181,0
DA:182,0
DA:186,0
DA:187,0
DA:188,0
DA:189,0
DA:190,0
DA:191,0
DA:192,0
DA:196,0
DA:198,0
DA:211,0
LF:40
LH:0
BRDA:29,0,0,0
BRDA:30,1,0,0
BRDA:31,2,0,0
BRDA:32,3,0,0
BRDA:33,4,0,0
BRDA:34,5,0,0
BRDA:41,6,0,0
BRDA:41,6,1,0
BRDA:41,7,0,0
BRDA:41,7,1,0
BRDA:49,8,0,0
BRDA:49,8,1,0
BRDA:68,9,0,0
BRDA:68,9,1,0
BRDA:75,10,0,0
BRDA:75,10,1,0
BRDA:75,10,2,0
BRDA:77,11,0,0
BRDA:77,11,1,0
BRDA:86,12,0,0
BRDA:86,12,1,0
BRDA:96,13,0,0
BRDA:96,13,1,0
BRDA:108,14,0,0
BRDA:108,14,1,0
BRDA:118,15,0,0
BRDA:118,15,1,0
BRDA:124,16,0,0
BRDA:124,16,1,0
BRDA:139,17,0,0
BRDA:139,17,1,0
BRDA:149,18,0,0
BRDA:149,18,1,0
BRDA:156,19,0,0
BRDA:156,19,1,0
BRDA:174,20,0,0
BRDA:174,20,1,0
BRDA:177,21,0,0
BRDA:177,21,1,0
BRDA:177,21,2,0
BRDA:177,21,3,0
BRDA:177,21,4,0
BRDA:187,22,0,0
BRDA:187,22,1,0
BRDA:187,22,2,0
BRDA:187,22,3,0
BRDA:187,22,4,0
BRF:47
BRH:0
end_of_record
TN:
SF:src\components\VoiceButton.tsx
FN:16,VoiceButton
FN:26,(anonymous_1)
FN:40,(anonymous_2)
FN:43,(anonymous_3)
FN:47,(anonymous_4)
FN:51,(anonymous_5)
FN:52,(anonymous_6)
FN:53,(anonymous_7)
FN:57,(anonymous_8)
FN:64,(anonymous_9)
FN:70,(anonymous_10)
FN:84,(anonymous_11)
FN:92,(anonymous_12)
FN:101,(anonymous_13)
FNF:14
FNH:0
FNDA:0,VoiceButton
FNDA:0,(anonymous_1)
FNDA:0,(anonymous_2)
FNDA:0,(anonymous_3)
FNDA:0,(anonymous_4)
FNDA:0,(anonymous_5)
FNDA:0,(anonymous_6)
FNDA:0,(anonymous_7)
FNDA:0,(anonymous_8)
FNDA:0,(anonymous_9)
FNDA:0,(anonymous_10)
FNDA:0,(anonymous_11)
FNDA:0,(anonymous_12)
FNDA:0,(anonymous_13)
DA:17,0
DA:18,0
DA:19,0
DA:20,0
DA:21,0
DA:23,0
DA:26,0
DA:27,0
DA:28,0
DA:35,0
DA:40,0
DA:41,0
DA:44,0
DA:45,0
DA:48,0
DA:49,0
DA:51,0
DA:52,0
DA:54,0
DA:55,0
DA:56,0
DA:57,0
DA:62,0
DA:64,0
DA:65,0
DA:70,0
DA:71,0
DA:72,0
DA:73,0
DA:76,0
DA:77,0
DA:78,0
DA:79,0
DA:84,0
DA:85,0
DA:86,0
DA:87,0
DA:92,0
DA:93,0
DA:94,0
DA:95,0
DA:96,0
DA:97,0
DA:101,0
DA:102,0
DA:103,0
DA:104,0
DA:105,0
DA:106,0
DA:109,0
DA:138,0
LF:51
LH:0
BRDA:16,0,0,0
BRDA:27,1,0,0
BRDA:27,1,1,0
BRDA:71,2,0,0
BRDA:71,2,1,0
BRDA:77,3,0,0
BRDA:77,3,1,0
BRDA:85,4,0,0
BRDA:85,4,1,0
BRDA:93,5,0,0
BRDA:93,5,1,0
BRDA:94,6,0,0
BRDA:94,6,1,0
BRDA:95,7,0,0
BRDA:95,7,1,0
BRDA:96,8,0,0
BRDA:96,8,1,0
BRDA:102,9,0,0
BRDA:102,9,1,0
BRDA:103,10,0,0
BRDA:103,10,1,0
BRDA:104,11,0,0
BRDA:104,11,1,0
BRDA:105,12,0,0
BRDA:105,12,1,0
BRDA:116,13,0,0
BRDA:116,13,1,0
BRDA:123,14,0,0
BRDA:123,14,1,0
BRDA:129,15,0,0
BRDA:129,15,1,0
BRF:31
BRH:0
end_of_record
TN:
SF:src\components\VoiceSettingsModal.tsx
FN:133,VoiceSettingsModal
FN:143,(anonymous_1)
FN:179,(anonymous_2)
FN:180,(anonymous_3)
FN:195,(anonymous_4)
FN:202,(anonymous_5)
FN:214,(anonymous_6)
FN:218,(anonymous_7)
FN:221,(anonymous_8)
FN:269,(anonymous_9)
FN:283,(anonymous_10)
FN:298,(anonymous_11)
FN:321,(anonymous_12)
FN:333,(anonymous_13)
FN:353,(anonymous_14)
FN:366,(anonymous_15)
FN:391,(anonymous_16)
FN:404,(anonymous_17)
FNF:18
FNH:0
FNDA:0,VoiceSettingsModal
FNDA:0,(anonymous_1)
FNDA:0,(anonymous_2)
FNDA:0,(anonymous_3)
FNDA:0,(anonymous_4)
FNDA:0,(anonymous_5)
FNDA:0,(anonymous_6)
FNDA:0,(anonymous_7)
FNDA:0,(anonymous_8)
FNDA:0,(anonymous_9)
FNDA:0,(anonymous_10)
FNDA:0,(anonymous_11)
FNDA:0,(anonymous_12)
FNDA:0,(anonymous_13)
FNDA:0,(anonymous_14)
FNDA:0,(anonymous_15)
FNDA:0,(anonymous_16)
FNDA:0,(anonymous_17)
DA:32,0
DA:101,0
DA:110,0
DA:116,0
DA:134,0
DA:135,0
DA:136,0
DA:137,0
DA:138,0
DA:139,0
DA:140,0
DA:141,0
DA:143,0
DA:144,0
DA:145,0
DA:146,0
DA:147,0
DA:148,0
DA:150,0
DA:164,0
DA:179,0
DA:180,0
DA:181,0
DA:190,0
DA:191,0
DA:192,0
DA:195,0
DA:196,0
DA:197,0
DA:198,0
DA:199,0
DA:202,0
DA:203,0
DA:205,0
DA:206,0
DA:208,0
DA:214,0
DA:218,0
DA:221,0
DA:222,0
DA:225,0
DA:270,0
DA:271,0
DA:273,0
DA:284,0
DA:285,0
DA:298,0
DA:322,0
DA:334,0
DA:335,0
DA:354,0
DA:367,0
DA:368,0
DA:392,0
DA:393,0
DA:404,0
DA:442,0
LF:57
LH:0
BRDA:135,0,0,0
BRDA:135,0,1,0
BRDA:136,1,0,0
BRDA:136,1,1,0
BRDA:137,2,0,0
BRDA:137,2,1,0
BRDA:138,3,0,0
BRDA:138,3,1,0
BRDA:144,4,0,0
BRDA:144,4,1,0
BRDA:145,5,0,0
BRDA:145,5,1,0
BRDA:146,6,0,0
BRDA:146,6,1,0
BRDA:147,7,0,0
BRDA:147,7,1,0
BRDA:148,8,0,0
BRDA:148,8,1,0
BRDA:180,9,0,0
BRDA:180,9,1,0
BRDA:196,10,0,0
BRDA:196,10,1,0
BRDA:203,11,0,0
BRDA:203,11,1,0
BRDA:218,12,0,0
BRDA:218,12,1,0
BRDA:221,13,0,0
BRDA:239,14,0,0
BRDA:239,14,1,0
BRDA:244,15,0,0
BRDA:244,15,1,0
BRDA:245,16,0,0
BRDA:245,16,1,0
BRDA:279,17,0,0
BRDA:279,17,1,0
BRDA:280,18,0,0
BRDA:280,18,1,0
BRDA:297,19,0,0
BRDA:297,19,1,0
BRDA:300,20,0,0
BRDA:300,20,1,0
BRDA:306,21,0,0
BRDA:306,21,1,0
BRDA:327,22,0,0
BRDA:327,22,1,0
BRDA:329,23,0,0
BRDA:329,23,1,0
BRDA:330,24,0,0
BRDA:330,24,1,0
BRDA:340,25,0,0
BRDA:340,25,1,0
BRDA:360,26,0,0
BRDA:360,26,1,0
BRDA:362,27,0,0
BRDA:362,27,1,0
BRDA:363,28,0,0
BRDA:363,28,1,0
BRDA:373,29,0,0
BRDA:373,29,1,0
BRDA:395,30,0,0
BRDA:395,30,1,0
BRDA:396,31,0,0
BRDA:396,31,1,0
BRDA:406,32,0,0
BRDA:406,32,1,0
BRDA:423,33,0,0
BRDA:423,33,1,0
BRF:67
BRH:0
end_of_record
TN:
SF:src\components\chat\AiMetadata.tsx
FN:12,(anonymous_0)
FNF:1
FNH:0
FNDA:0,(anonymous_0)
DA:12,0
DA:13,0
DA:15,0
DA:48,0
LF:4
LH:0
BRDA:21,0,0,0
BRDA:21,0,1,0
BRDA:29,1,0,0
BRDA:29,1,1,0
BRDA:31,2,0,0
BRDA:31,2,1,0
BRDA:36,3,0,0
BRDA:36,3,1,0
BRF:8
BRH:0
end_of_record
TN:
SF:src\components\chat\AttachmentModal.tsx
FN:73,AttachmentModal
FN:83,(anonymous_1)
FN:114,(anonymous_2)
FN:120,(anonymous_3)
FN:175,(anonymous_4)
FN:187,(anonymous_5)
FNF:6
FNH:0
FNDA:0,AttachmentModal
FNDA:0,(anonymous_1)
FNDA:0,(anonymous_2)
FNDA:0,(anonymous_3)
FNDA:0,(anonymous_4)
FNDA:0,(anonymous_5)
DA:26,0
DA:36,0
DA:78,0
DA:79,0
DA:80,0
DA:81,0
DA:83,0
DA:84,0
DA:85,0
DA:99,0
DA:114,0
DA:115,0
DA:116,0
DA:117,0
DA:120,0
DA:121,0
DA:122,0
DA:125,0
DA:176,0
DA:187,0
DA:234,0
LF:21
LH:0
BRDA:84,0,0,0
BRDA:84,0,1,0
BRDA:154,1,0,0
BRDA:154,1,1,0
BRDA:155,2,0,0
BRDA:155,2,1,0
BRDA:181,3,0,0
BRDA:181,3,1,0
BRDA:217,4,0,0
BRDA:217,4,1,0
BRF:10
BRH:0
end_of_record
TN:
SF:src\components\chat\ChatEmptyState.tsx
FN:22,(anonymous_0)
FN:35,(anonymous_1)
FN:39,(anonymous_2)
FN:49,(anonymous_3)
FNF:4
FNH:0
FNDA:0,(anonymous_0)
FNDA:0,(anonymous_1)
FNDA:0,(anonymous_2)
FNDA:0,(anonymous_3)
DA:22,0
DA:28,0
DA:30,0
DA:36,0
DA:39,0
DA:50,0
DA:51,0
DA:65,0
LF:8
LH:0
BRDA:46,0,0,0
BRDA:46,0,1,0
BRF:2
BRH:0
end_of_record
TN:
SF:src\components\chat\ChatHeader.tsx
FN:21,ChatHeader
FN:29,(anonymous_1)
FN:30,(anonymous_2)
FN:64,(anonymous_3)
FN:90,(anonymous_4)
FN:103,(anonymous_5)
FNF:6
FNH:0
FNDA:0,ChatHeader
FNDA:0,(anonymous_1)
FNDA:0,(anonymous_2)
FNDA:0,(anonymous_3)
FNDA:0,(anonymous_4)
FNDA:0,(anonymous_5)
DA:22,0
DA:23,0
DA:24,0
DA:25,0
DA:26,0
DA:28,0
DA:30,0
DA:31,0
DA:32,0
DA:33,0
DA:34,0
DA:35,0
DA:36,0
DA:40,0
DA:44,0
DA:65,0
DA:66,0
DA:91,0
DA:92,0
DA:104,0
DA:105,0
DA:127,0
LF:22
LH:0
BRDA:21,0,0,0
BRDA:26,1,0,0
BRDA:26,1,1,0
BRDA:31,2,0,0
BRDA:31,2,1,0
BRDA:33,3,0,0
BRDA:33,3,1,0
BRDA:35,4,0,0
BRDA:35,4,1,0
BRDA:68,5,0,0
BRDA:68,5,1,0
BRDA:88,6,0,0
BRDA:88,6,1,0
BRDA:94,7,0,0
BRDA:94,7,1,0
BRDA:107,8,0,0
BRDA:107,8,1,0
BRDA:112,9,0,0
BRDA:112,9,1,0
BRF:19
BRH:0
end_of_record
TN:
SF:src\components\chat\ChatInput.tsx
FN:24,ChatInput
FNF:1
FNH:0
FNDA:0,ChatInput
DA:36,0
DA:38,0
DA:104,0
LF:3
LH:0
BRDA:36,0,0,0
BRDA:36,0,1,0
BRDA:36,0,2,0
BRDA:56,1,0,0
BRDA:56,1,1,0
BRDA:63,2,0,0
BRDA:63,2,1,0
BRDA:65,3,0,0
BRDA:65,3,1,0
BRDA:73,4,0,0
BRDA:73,4,1,0
BRDA:80,5,0,0
BRDA:80,5,1,0
BRDA:82,6,0,0
BRDA:82,6,1,0
BRDA:94,7,0,0
BRDA:94,7,1,0
BRDA:95,8,0,0
BRDA:95,8,1,0
BRDA:97,9,0,0
BRDA:97,9,1,0
BRF:21
BRH:0
end_of_record
TN:
SF:src\components\chat\ChatInputBar.tsx
FN:50,(anonymous_0)
FN:79,(anonymous_1)
FN:83,(anonymous_2)
FN:92,(anonymous_3)
FN:119,(anonymous_4)
FN:129,(anonymous_5)
FN:137,(anonymous_6)
FN:146,(anonymous_7)
FN:186,(anonymous_8)
FN:195,(anonymous_9)
FN:271,(anonymous_10)
FN:272,(anonymous_11)
FNF:12
FNH:0
FNDA:0,(anonymous_0)
FNDA:0,(anonymous_1)
FNDA:0,(anonymous_2)
FNDA:0,(anonymous_3)
FNDA:0,(anonymous_4)
FNDA:0,(anonymous_5)
FNDA:0,(anonymous_6)
FNDA:0,(anonymous_7)
FNDA:0,(anonymous_8)
FNDA:0,(anonymous_9)
FNDA:0,(anonymous_10)
FNDA:0,(anonymous_11)
DA:50,0
DA:68,0
DA:69,0
DA:70,0
DA:73,0
DA:74,0
DA:75,0
DA:76,0
DA:77,0
DA:79,0
DA:83,0
DA:84,0
DA:92,0
DA:93,0
DA:94,0
DA:110,0
DA:113,0
DA:119,0
DA:121,0
DA:129,0
DA:130,0
DA:131,0
DA:132,0
DA:133,0
DA:137,0
DA:138,0
DA:143,0
DA:146,0
DA:147,0
DA:148,0
DA:154,0
DA:159,0
DA:187,0
DA:195,0
DA:271,0
DA:272,0
DA:366,0
LF:37
LH:0
BRDA:58,0,0,0
BRDA:60,1,0,0
BRDA:62,2,0,0
BRDA:63,3,0,0
BRDA:73,4,0,0
BRDA:73,4,1,0
BRDA:85,5,0,0
BRDA:85,5,1,0
BRDA:93,6,0,0
BRDA:93,6,1,0
BRDA:130,7,0,0
BRDA:130,7,1,0
BRDA:130,8,0,0
BRDA:130,8,1,0
BRDA:130,8,2,0
BRDA:139,9,0,0
BRDA:139,9,1,0
BRDA:164,10,0,0
BRDA:164,10,1,0
BRDA:168,11,0,0
BRDA:168,11,1,0
BRDA:168,11,2,0
BRDA:172,12,0,0
BRDA:172,12,1,0
BRDA:180,13,0,0
BRDA:180,13,1,0
BRDA:188,14,0,0
BRDA:188,14,1,0
BRDA:205,15,0,0
BRDA:205,15,1,0
BRDA:206,16,0,0
BRDA:206,16,1,0
BRDA:225,17,0,0
BRDA:225,17,1,0
BRDA:226,18,0,0
BRDA:226,18,1,0
BRDA:245,19,0,0
BRDA:245,19,1,0
BRDA:260,20,0,0
BRDA:260,20,1,0
BRDA:261,21,0,0
BRDA:261,21,1,0
BRDA:261,22,0,0
BRDA:261,22,1,0
BRDA:267,23,0,0
BRDA:267,23,1,0
BRDA:277,24,0,0
BRDA:277,24,1,0
BRDA:288,25,0,0
BRDA:288,25,1,0
BRDA:297,26,0,0
BRDA:297,26,1,0
BRDA:299,27,0,0
BRDA:299,27,1,0
BRDA:310,28,0,0
BRDA:310,28,1,0
BRDA:315,29,0,0
BRDA:315,29,1,0
BRDA:317,30,0,0
BRDA:317,30,1,0
BRDA:320,31,0,0
BRDA:320,31,1,0
BRDA:322,32,0,0
BRDA:322,32,1,0
BRDA:337,33,0,0
BRDA:337,33,1,0
BRDA:342,34,0,0
BRDA:342,34,1,0
BRDA:349,35,0,0
BRDA:349,35,1,0
BRDA:444,36,0,0
BRDA:444,36,1,0
BRDA:445,37,0,0
BRDA:445,37,1,0
BRF:74
BRH:0
end_of_record
TN:
SF:src\components\chat\CodeBlock.tsx
FN:20,CodeBlock
FN:25,(anonymous_1)
FN:29,(anonymous_2)
FNF:3
FNH:0
FNDA:0,CodeBlock
FNDA:0,(anonymous_1)
FNDA:0,(anonymous_2)
DA:21,0
DA:22,0
DA:23,0
DA:25,0
DA:26,0
DA:27,0
DA:28,0
DA:29,0
DA:33,0
DA:43,0
DA:45,0
DA:84,0
LF:12
LH:0
BRDA:20,0,0,0
BRDA:23,1,0,0
BRDA:23,1,1,0
BRDA:43,2,0,0
BRDA:43,2,1,0
BRDA:46,3,0,0
BRDA:46,3,1,0
BRDA:48,4,0,0
BRDA:48,4,1,0
BRDA:49,5,0,0
BRDA:49,5,1,0
BRDA:60,6,0,0
BRDA:60,6,1,0
BRDA:62,7,0,0
BRDA:62,7,1,0
BRDA:64,8,0,0
BRDA:64,8,1,0
BRDA:65,9,0,0
BRDA:65,9,1,0
BRDA:73,10,0,0
BRDA:73,10,1,0
BRDA:121,11,0,0
BRDA:121,11,1,0
BRF:23
BRH:0
end_of_record
TN:
SF:src\components\chat\MarkdownContent.tsx
FN:14,(anonymous_0)
FN:86,(anonymous_1)
FNF:2
FNH:0
FNDA:0,(anonymous_0)
FNDA:0,(anonymous_1)
DA:14,0
DA:15,0
DA:17,0
DA:82,0
DA:87,0
DA:88,0
LF:6
LH:0
BRDA:19,0,0,0
BRDA:19,0,1,0
BRDA:19,1,0,0
BRDA:19,1,1,0
BRDA:22,2,0,0
BRDA:22,2,1,0
BRDA:35,3,0,0
BRDA:35,3,1,0
BRDA:37,4,0,0
BRDA:37,4,1,0
BRDA:41,5,0,0
BRDA:41,5,1,0
BRDA:45,6,0,0
BRDA:45,6,1,0
BRDA:51,7,0,0
BRDA:51,7,1,0
BRDA:54,8,0,0
BRDA:54,8,1,0
BRDA:57,9,0,0
BRDA:57,9,1,0
BRDA:60,10,0,0
BRDA:60,10,1,0
BRDA:60,11,0,0
BRDA:60,11,1,0
BRDA:64,12,0,0
BRDA:64,12,1,0
BRDA:87,13,0,0
BRDA:87,13,1,0
BRF:28
BRH:0
end_of_record
TN:
SF:src\components\chat\MarkdownToolbar.tsx
FN:32,MarkdownToolbar
FN:37,(anonymous_1)
FN:58,(anonymous_2)
FN:62,(anonymous_3)
FNF:4
FNH:0
FNDA:0,MarkdownToolbar
FNDA:0,(anonymous_1)
FNDA:0,(anonymous_2)
FNDA:0,(anonymous_3)
DA:24,0
DA:33,0
DA:35,0
DA:37,0
DA:38,0
DA:39,0
DA:40,0
DA:42,0
DA:46,0
DA:59,0
DA:62,0
DA:77,0
LF:12
LH:0
BRDA:35,0,0,0
BRDA:35,0,1,0
BRDA:39,1,0,0
BRDA:39,1,1,0
BRDA:53,2,0,0
BRDA:53,2,1,0
BRDA:61,3,0,0
BRDA:61,3,1,0
BRF:8
BRH:0
end_of_record
TN:
SF:src\components\chat\MessageActions.tsx
FN:16,(anonymous_0)
FN:30,(anonymous_1)
FN:55,(anonymous_2)
FN:64,(anonymous_3)
FN:76,(anonymous_4)
FN:89,(anonymous_5)
FN:109,(anonymous_6)
FNF:7
FNH:0
FNDA:0,(anonymous_0)
FNDA:0,(anonymous_1)
FNDA:0,(anonymous_2)
FNDA:0,(anonymous_3)
FNDA:0,(anonymous_4)
FNDA:0,(anonymous_5)
FNDA:0,(anonymous_6)
DA:16,0
DA:17,0
DA:30,0
DA:31,0
DA:32,0
DA:38,0
DA:55,0
DA:56,0
DA:57,0
DA:59,0
DA:65,0
DA:66,0
DA:67,0
DA:77,0
DA:78,0
DA:79,0
DA:80,0
DA:90,0
DA:91,0
DA:92,0
DA:109,0
DA:110,0
DA:111,0
DA:113,0
DA:133,0
LF:25
LH:0
BRDA:16,0,0,0
BRDA:18,1,0,0
BRDA:18,1,1,0
BRDA:61,2,0,0
BRDA:61,2,1,0
BRDA:73,3,0,0
BRDA:73,3,1,0
BRDA:86,4,0,0
BRDA:86,4,1,0
BRDA:111,5,0,0
BRDA:111,5,1,0
BRDA:119,6,0,0
BRDA:119,6,1,0
BRDA:121,7,0,0
BRDA:121,7,1,0
BRDA:126,8,0,0
BRDA:126,8,1,0
BRF:17
BRH:0
end_of_record
TN:
SF:src\components\chat\MessageAttachments.tsx
FN:13,(anonymous_0)
FN:18,(anonymous_1)
FN:20,(anonymous_2)
FN:23,(anonymous_3)
FN:36,(anonymous_4)
FN:42,(anonymous_5)
FN:49,(anonymous_6)
FN:66,(anonymous_7)
FN:66,(anonymous_8)
FNF:9
FNH:0
FNDA:0,(anonymous_0)
FNDA:0,(anonymous_1)
FNDA:0,(anonymous_2)
FNDA:0,(anonymous_3)
FNDA:0,(anonymous_4)
FNDA:0,(anonymous_5)
FNDA:0,(anonymous_6)
FNDA:0,(anonymous_7)
FNDA:0,(anonymous_8)
DA:13,0
DA:14,0
DA:15,0
DA:16,0
DA:18,0
DA:19,0
DA:20,0
DA:21,0
DA:23,0
DA:24,0
DA:25,0
DA:26,0
DA:27,0
DA:28,0
DA:31,0
DA:35,0
DA:36,0
DA:40,0
DA:42,0
DA:45,0
DA:47,0
DA:50,0
DA:66,0
DA:90,0
LF:24
LH:0
BRDA:24,0,0,0
BRDA:24,0,1,0
BRDA:27,1,0,0
BRDA:27,1,1,0
BRDA:27,2,0,0
BRDA:27,2,1,0
BRDA:35,3,0,0
BRDA:35,3,1,0
BRDA:45,4,0,0
BRDA:45,4,1,0
BRDA:45,5,0,0
BRDA:45,5,1,0
BRDA:54,6,0,0
BRDA:54,6,1,0
BRDA:57,7,0,0
BRDA:57,7,1,0
BRDA:61,8,0,0
BRDA:61,8,1,0
BRDA:64,9,0,0
BRDA:64,9,1,0
BRDA:68,10,0,0
BRDA:68,10,1,0
BRDA:69,11,0,0
BRDA:69,11,1,0
BRDA:79,12,0,0
BRDA:79,12,1,0
BRF:26
BRH:0
end_of_record
TN:
SF:src\components\chat\MessageBubble.tsx
FN:45,(anonymous_0)
FN:75,(anonymous_1)
FN:83,(anonymous_2)
FN:98,(anonymous_3)
FN:103,(anonymous_4)
FN:104,(anonymous_5)
FN:107,(anonymous_6)
FN:112,(anonymous_7)
FN:124,(anonymous_8)
FN:135,(anonymous_9)
FN:171,(anonymous_10)
FN:182,(anonymous_11)
FN:222,(anonymous_12)
FN:297,(anonymous_13)
FNF:14
FNH:0
FNDA:0,(anonymous_0)
FNDA:0,(anonymous_1)
FNDA:0,(anonymous_2)
FNDA:0,(anonymous_3)
FNDA:0,(anonymous_4)
FNDA:0,(anonymous_5)
FNDA:0,(anonymous_6)
FNDA:0,(anonymous_7)
FNDA:0,(anonymous_8)
FNDA:0,(anonymous_9)
FNDA:0,(anonymous_10)
FNDA:0,(anonymous_11)
FNDA:0,(anonymous_12)
FNDA:0,(anonymous_13)
DA:45,0
DA:64,0
DA:65,0
DA:66,0
DA:69,0
DA:70,0
DA:71,0
DA:73,0
DA:75,0
DA:76,0
DA:77,0
DA:78,0
DA:79,0
DA:83,0
DA:84,0
DA:85,0
DA:94,0
DA:98,0
DA:103,0
DA:104,0
DA:107,0
DA:108,0
DA:112,0
DA:117,0
DA:118,0
DA:125,0
DA:126,0
DA:127,0
DA:136,0
DA:137,0
DA:162,0
DA:172,0
DA:173,0
DA:174,0
DA:183,0
DA:184,0
DA:223,0
DA:224,0
DA:245,0
DA:299,0
DA:309,0
DA:313,0
DA:314,0
DA:315,0
DA:318,0
DA:319,0
DA:320,0
DA:322,0
LF:48
LH:0
BRDA:51,0,0,0
BRDA:52,1,0,0
BRDA:76,2,0,0
BRDA:76,2,1,0
BRDA:84,3,0,0
BRDA:84,3,1,0
BRDA:117,4,0,0
BRDA:117,4,1,0
BRDA:122,5,0,0
BRDA:122,5,1,0
BRDA:123,6,0,0
BRDA:123,6,1,0
BRDA:123,7,0,0
BRDA:123,7,1,0
BRDA:123,7,2,0
BRDA:141,8,0,0
BRDA:141,8,1,0
BRDA:146,9,0,0
BRDA:146,9,1,0
BRDA:146,9,2,0
BRDA:151,10,0,0
BRDA:151,10,1,0
BRDA:169,11,0,0
BRDA:169,11,1,0
BRDA:170,12,0,0
BRDA:170,12,1,0
BRDA:170,13,0,0
BRDA:170,13,1,0
BRDA:170,13,2,0
BRDA:189,14,0,0
BRDA:189,14,1,0
BRDA:190,15,0,0
BRDA:190,15,1,0
BRDA:194,16,0,0
BRDA:194,16,1,0
BRDA:197,17,0,0
BRDA:197,17,1,0
BRDA:203,18,0,0
BRDA:203,18,1,0
BRDA:213,19,0,0
BRDA:213,19,1,0
BRDA:233,20,0,0
BRDA:233,20,1,0
BRDA:233,20,2,0
BRDA:299,21,0,0
BRDA:299,21,1,0
BRDA:300,22,0,0
BRDA:300,22,1,0
BRDA:300,22,2,0
BRDA:300,22,3,0
BRDA:300,22,4,0
BRDA:300,22,5,0
BRDA:300,22,6,0
BRDA:300,22,7,0
BRDA:313,23,0,0
BRDA:313,23,1,0
BRDA:314,24,0,0
BRDA:314,24,1,0
BRDA:315,25,0,0
BRDA:315,25,1,0
BRDA:320,26,0,0
BRDA:320,26,1,0
BRF:62
BRH:0
end_of_record
TN:
SF:src\components\chat\MessageList.tsx
FN:19,(anonymous_0)
FN:29,(anonymous_1)
FN:30,(anonymous_2)
FN:31,(anonymous_3)
FN:32,(anonymous_4)
FN:64,(anonymous_5)
FN:75,(anonymous_6)
FN:88,(anonymous_7)
FN:104,(anonymous_8)
FN:112,(anonymous_9)
FNF:10
FNH:0
FNDA:0,(anonymous_0)
FNDA:0,(anonymous_1)
FNDA:0,(anonymous_2)
FNDA:0,(anonymous_3)
FNDA:0,(anonymous_4)
FNDA:0,(anonymous_5)
FNDA:0,(anonymous_6)
FNDA:0,(anonymous_7)
FNDA:0,(anonymous_8)
FNDA:0,(anonymous_9)
DA:19,0
DA:29,0
DA:30,0
DA:31,0
DA:32,0
DA:34,0
DA:64,0
DA:75,0
DA:76,0
DA:88,0
DA:90,0
DA:104,0
DA:123,0
LF:13
LH:0
BRDA:42,0,0,0
BRDA:42,0,1,0
BRDA:106,1,0,0
BRDA:106,1,1,0
BRF:4
BRH:0
end_of_record
TN:
SF:src\components\chat\ReactionMenu.tsx
FN:31,ReactionMenu
FN:42,(anonymous_1)
FN:75,(anonymous_2)
FN:81,(anonymous_3)
FN:120,(anonymous_4)
FN:124,(anonymous_5)
FN:140,(anonymous_6)
FN:153,(anonymous_7)
FN:166,(anonymous_8)
FN:179,(anonymous_9)
FNF:10
FNH:0
FNDA:0,ReactionMenu
FNDA:0,(anonymous_1)
FNDA:0,(anonymous_2)
FNDA:0,(anonymous_3)
FNDA:0,(anonymous_4)
FNDA:0,(anonymous_5)
FNDA:0,(anonymous_6)
FNDA:0,(anonymous_7)
FNDA:0,(anonymous_8)
FNDA:0,(anonymous_9)
DA:19,0
DA:29,0
DA:38,0
DA:39,0
DA:40,0
DA:42,0
DA:43,0
DA:44,0
DA:58,0
DA:73,0
DA:75,0
DA:76,0
DA:77,0
DA:78,0
DA:81,0
DA:82,0
DA:83,0
DA:84,0
DA:87,0
DA:121,0
DA:124,0
DA:140,0
DA:153,0
DA:166,0
DA:179,0
DA:196,0
LF:26
LH:0
BRDA:43,0,0,0
BRDA:43,0,1,0
BRDA:73,1,0,0
BRDA:73,1,1,0
BRDA:100,2,0,0
BRDA:100,2,1,0
BRDA:101,3,0,0
BRDA:101,3,1,0
BRDA:111,4,0,0
BRDA:111,4,1,0
BRDA:123,5,0,0
BRDA:123,5,1,0
BRDA:134,6,0,0
BRDA:134,6,1,0
BRDA:145,7,0,0
BRDA:145,7,1,0
BRDA:158,8,0,0
BRDA:158,8,1,0
BRDA:171,9,0,0
BRDA:171,9,1,0
BRDA:209,10,0,0
BRDA:209,10,1,0
BRF:22
BRH:0
end_of_record
TN:
SF:src\components\chat\ReactionPicker.tsx
FN:15,(anonymous_0)
FN:20,(anonymous_1)
FN:40,(anonymous_2)
FN:44,(anonymous_3)
FNF:4
FNH:0
FNDA:0,(anonymous_0)
FNDA:0,(anonymous_1)
FNDA:0,(anonymous_2)
FNDA:0,(anonymous_3)
DA:13,0
DA:15,0
DA:16,0
DA:18,0
DA:20,0
DA:21,0
DA:22,0
DA:23,0
DA:26,0
DA:41,0
DA:44,0
DA:56,0
LF:12
LH:0
BRDA:18,0,0,0
BRDA:18,0,1,0
BRDA:35,1,0,0
BRDA:35,1,1,0
BRDA:38,2,0,0
BRDA:38,2,1,0
BRF:6
BRH:0
end_of_record
TN:
SF:src\components\chat\ReactionsList.tsx
FN:12,(anonymous_0)
FN:18,(anonymous_1)
FN:28,(anonymous_2)
FN:38,(anonymous_3)
FNF:4
FNH:0
FNDA:0,(anonymous_0)
FNDA:0,(anonymous_1)
FNDA:0,(anonymous_2)
FNDA:0,(anonymous_3)
DA:12,0
DA:13,0
DA:15,0
DA:18,0
DA:19,0
DA:20,0
DA:23,0
DA:29,0
DA:38,0
DA:50,0
LF:10
LH:0
BRDA:15,0,0,0
BRDA:15,0,1,0
BRDA:15,1,0,0
BRDA:15,1,1,0
BRDA:19,2,0,0
BRDA:19,2,1,0
BRDA:26,3,0,0
BRDA:26,3,1,0
BRDA:34,4,0,0
BRDA:34,4,1,0
BRDA:35,5,0,0
BRDA:35,5,1,0
BRDA:41,6,0,0
BRDA:41,6,1,0
BRF:14
BRH:0
end_of_record
TN:
SF:src\components\chat\SidebarDrawer.tsx
FN:44,(anonymous_0)
FN:50,(anonymous_1)
FN:55,SidebarDrawer
FN:71,(anonymous_3)
FN:112,(anonymous_4)
FN:117,(anonymous_5)
FN:122,(anonymous_6)
FN:137,(anonymous_7)
FN:162,(anonymous_8)
FN:167,(anonymous_9)
FN:186,(anonymous_10)
FN:202,(anonymous_11)
FN:206,(anonymous_12)
FN:211,(anonymous_13)
FN:221,(anonymous_14)
FN:224,(anonymous_15)
FN:224,(anonymous_16)
FN:236,(anonymous_17)
FN:240,(anonymous_18)
FN:240,(anonymous_19)
FN:245,(anonymous_20)
FN:246,(anonymous_21)
FN:248,(anonymous_22)
FN:252,(anonymous_23)
FN:252,(anonymous_24)
FN:264,(anonymous_25)
FN:274,(anonymous_26)
FN:283,(anonymous_27)
FN:293,(anonymous_28)
FN:307,(anonymous_29)
FN:360,(anonymous_30)
FN:370,(anonymous_31)
FN:378,(anonymous_32)
FN:398,(anonymous_33)
FN:417,(anonymous_34)
FN:427,(anonymous_35)
FN:428,(anonymous_36)
FN:429,(anonymous_37)
FN:431,(anonymous_38)
FN:432,(anonymous_39)
FN:438,(anonymous_40)
FN:466,(anonymous_41)
FN:484,(anonymous_42)
FN:511,(anonymous_43)
FN:538,(anonymous_44)
FN:552,(anonymous_45)
FN:594,(anonymous_46)
FN:595,(anonymous_47)
FNF:48
FNH:0
FNDA:0,(anonymous_0)
FNDA:0,(anonymous_1)
FNDA:0,SidebarDrawer
FNDA:0,(anonymous_3)
FNDA:0,(anonymous_4)
FNDA:0,(anonymous_5)
FNDA:0,(anonymous_6)
FNDA:0,(anonymous_7)
FNDA:0,(anonymous_8)
FNDA:0,(anonymous_9)
FNDA:0,(anonymous_10)
FNDA:0,(anonymous_11)
FNDA:0,(anonymous_12)
FNDA:0,(anonymous_13)
FNDA:0,(anonymous_14)
FNDA:0,(anonymous_15)
FNDA:0,(anonymous_16)
FNDA:0,(anonymous_17)
FNDA:0,(anonymous_18)
FNDA:0,(anonymous_19)
FNDA:0,(anonymous_20)
FNDA:0,(anonymous_21)
FNDA:0,(anonymous_22)
FNDA:0,(anonymous_23)
FNDA:0,(anonymous_24)
FNDA:0,(anonymous_25)
FNDA:0,(anonymous_26)
FNDA:0,(anonymous_27)
FNDA:0,(anonymous_28)
FNDA:0,(anonymous_29)
FNDA:0,(anonymous_30)
FNDA:0,(anonymous_31)
FNDA:0,(anonymous_32)
FNDA:0,(anonymous_33)
FNDA:0,(anonymous_34)
FNDA:0,(anonymous_35)
FNDA:0,(anonymous_36)
FNDA:0,(anonymous_37)
FNDA:0,(anonymous_38)
FNDA:0,(anonymous_39)
FNDA:0,(anonymous_40)
FNDA:0,(anonymous_41)
FNDA:0,(anonymous_42)
FNDA:0,(anonymous_43)
FNDA:0,(anonymous_44)
FNDA:0,(anonymous_45)
FNDA:0,(anonymous_46)
FNDA:0,(anonymous_47)
DA:40,0
DA:41,0
DA:44,0
DA:45,0
DA:50,0
DA:51,0
DA:52,0
DA:56,0
DA:57,0
DA:58,0
DA:59,0
DA:60,0
DA:61,0
DA:63,0
DA:65,0
DA:66,0
DA:67,0
DA:68,0
DA:71,0
DA:72,0
DA:73,0
DA:87,0
DA:103,0
DA:109,0
DA:112,0
DA:113,0
DA:116,0
DA:117,0
DA:121,0
DA:122,0
DA:123,0
DA:128,0
DA:129,0
DA:130,0
DA:132,0
DA:133,0
DA:134,0
DA:135,0
DA:137,0
DA:138,0
DA:140,0
DA:141,0
DA:142,0
DA:143,0
DA:144,0
DA:145,0
DA:147,0
DA:151,0
DA:152,0
DA:153,0
DA:154,0
DA:155,0
DA:157,0
DA:160,0
DA:162,0
DA:163,0
DA:164,0
DA:165,0
DA:166,0
DA:167,0
DA:176,0
DA:178,0
DA:179,0
DA:181,0
DA:186,0
DA:187,0
DA:188,0
DA:189,0
DA:190,0
DA:202,0
DA:203,0
DA:204,0
DA:206,0
DA:208,0
DA:211,0
DA:212,0
DA:213,0
DA:222,0
DA:223,0
DA:224,0
DA:226,0
DA:227,0
DA:236,0
DA:237,0
DA:240,0
DA:241,0
DA:242,0
DA:244,0
DA:245,0
DA:246,0
DA:249,0
DA:250,0
DA:251,0
DA:252,0
DA:253,0
DA:255,0
DA:259,0
DA:261,0
DA:264,0
DA:265,0
DA:271,0
DA:274,0
DA:283,0
DA:284,0
DA:290,0
DA:293,0
DA:302,0
DA:307,0
DA:308,0
DA:309,0
DA:312,0
DA:360,0
DA:371,0
DA:379,0
DA:380,0
DA:398,0
DA:418,0
DA:427,0
DA:428,0
DA:430,0
DA:431,0
DA:432,0
DA:439,0
DA:440,0
DA:467,0
DA:485,0
DA:486,0
DA:487,0
DA:511,0
DA:539,0
DA:540,0
DA:553,0
DA:554,0
DA:556,0
DA:594,0
DA:596,0
DA:597,0
DA:598,0
DA:605,0
LF:139
LH:0
BRDA:45,0,0,0
BRDA:45,0,1,0
BRDA:45,0,2,0
BRDA:72,1,0,0
BRDA:72,1,1,0
BRDA:116,2,0,0
BRDA:116,2,1,0
BRDA:121,3,0,0
BRDA:121,3,1,0
BRDA:123,4,0,0
BRDA:123,4,1,0
BRDA:123,4,2,0
BRDA:138,5,0,0
BRDA:138,5,1,0
BRDA:140,6,0,0
BRDA:140,6,1,0
BRDA:142,7,0,0
BRDA:142,7,1,0
BRDA:144,8,0,0
BRDA:144,8,1,0
BRDA:152,9,0,0
BRDA:152,9,1,0
BRDA:153,10,0,0
BRDA:153,10,1,0
BRDA:154,11,0,0
BRDA:154,11,1,0
BRDA:155,12,0,0
BRDA:155,12,1,0
BRDA:163,13,0,0
BRDA:163,13,1,0
BRDA:166,14,0,0
BRDA:166,14,1,0
BRDA:166,14,2,0
BRDA:168,15,0,0
BRDA:168,15,1,0
BRDA:169,16,0,0
BRDA:169,16,1,0
BRDA:169,16,2,0
BRDA:170,17,0,0
BRDA:170,17,1,0
BRDA:170,17,2,0
BRDA:171,18,0,0
BRDA:171,18,1,0
BRDA:171,18,2,0
BRDA:172,19,0,0
BRDA:172,19,1,0
BRDA:173,20,0,0
BRDA:173,20,1,0
BRDA:174,21,0,0
BRDA:174,21,1,0
BRDA:187,22,0,0
BRDA:187,22,1,0
BRDA:187,23,0,0
BRDA:187,23,1,0
BRDA:189,24,0,0
BRDA:189,24,1,0
BRDA:189,25,0,0
BRDA:189,25,1,0
BRDA:252,26,0,0
BRDA:252,26,1,0
BRDA:302,27,0,0
BRDA:302,27,1,0
BRDA:302,28,0,0
BRDA:302,28,1,0
BRDA:359,29,0,0
BRDA:359,29,1,0
BRDA:375,30,0,0
BRDA:375,30,1,0
BRDA:375,31,0,0
BRDA:375,31,1,0
BRDA:376,32,0,0
BRDA:376,32,1,0
BRDA:386,33,0,0
BRDA:386,33,1,0
BRDA:390,34,0,0
BRDA:390,34,1,0
BRDA:406,35,0,0
BRDA:406,35,1,0
BRDA:406,36,0,0
BRDA:406,36,1,0
BRDA:410,37,0,0
BRDA:410,37,1,0
BRDA:411,38,0,0
BRDA:411,38,1,0
BRDA:461,39,0,0
BRDA:461,39,1,0
BRDA:492,40,0,0
BRDA:492,40,1,0
BRDA:493,41,0,0
BRDA:493,41,1,0
BRDA:500,42,0,0
BRDA:500,42,1,0
BRDA:562,43,0,0
BRDA:562,43,1,0
BRDA:570,44,0,0
BRDA:570,44,1,0
BRDA:570,44,2,0
BRDA:577,45,0,0
BRDA:577,45,1,0
BRDA:579,46,0,0
BRDA:579,46,1,0
BRDA:579,46,2,0
BRDA:582,47,0,0
BRDA:582,47,1,0
BRDA:583,48,0,0
BRDA:583,48,1,0
BRF:106
BRH:0
end_of_record
TN:
SF:src\components\chat\SkeletonBubble.tsx
FN:10,SkeletonBubble
FN:14,(anonymous_1)
FN:24,(anonymous_2)
FNF:3
FNH:0
FNDA:0,SkeletonBubble
FNDA:0,(anonymous_1)
FNDA:0,(anonymous_2)
DA:8,0
DA:11,0
DA:12,0
DA:14,0
DA:15,0
DA:23,0
DA:24,0
DA:27,0
DA:32,0
DA:75,0
LF:10
LH:0
BRDA:35,0,0,0
BRDA:35,0,1,0
BRDA:42,1,0,0
BRDA:42,1,1,0
BRDA:43,2,0,0
BRDA:43,2,1,0
BRDA:53,3,0,0
BRDA:53,3,1,0
BRDA:57,4,0,0
BRDA:57,4,1,0
BRDA:66,5,0,0
BRDA:66,5,1,0
BRDA:67,6,0,0
BRDA:67,6,1,0
BRDA:68,7,0,0
BRDA:68,7,1,0
BRF:16
BRH:0
end_of_record
TN:
SF:src\components\chat\SuggestionsCarousel.tsx
FN:26,SuggestionsCarousel
FN:41,(anonymous_1)
FN:57,(anonymous_2)
FN:72,(anonymous_3)
FNF:4
FNH:0
FNDA:0,SuggestionsCarousel
FNDA:0,(anonymous_1)
FNDA:0,(anonymous_2)
FNDA:0,(anonymous_3)
DA:27,0
DA:29,0
DA:39,0
DA:41,0
DA:42,0
DA:43,0
DA:46,0
DA:58,0
DA:72,0
DA:85,0
LF:10
LH:0
BRDA:29,0,0,0
BRDA:29,0,1,0
BRDA:29,1,0,0
BRDA:29,1,1,0
BRDA:39,2,0,0
BRDA:39,2,1,0
BRDA:67,3,0,0
BRDA:67,3,1,0
BRDA:69,4,0,0
BRDA:69,4,1,0
BRF:10
BRH:0
end_of_record
TN:
SF:src\components\chat\ThinkingBubble.tsx
FN:33,(anonymous_0)
FN:42,(anonymous_1)
FN:59,(anonymous_2)
FN:72,(anonymous_3)
FNF:4
FNH:0
FNDA:0,(anonymous_0)
FNDA:0,(anonymous_1)
FNDA:0,(anonymous_2)
FNDA:0,(anonymous_3)
DA:23,0
DA:24,0
DA:33,0
DA:38,0
DA:39,0
DA:40,0
DA:42,0
DA:43,0
DA:45,0
DA:51,0
DA:54,0
DA:59,0
DA:60,0
DA:62,0
DA:64,0
DA:66,0
DA:68,0
DA:72,0
DA:73,0
DA:75,0
DA:77,0
DA:79,0
DA:81,0
DA:85,0
DA:87,0
DA:156,0
LF:26
LH:0
BRDA:23,0,0,0
BRDA:23,0,1,0
BRDA:23,1,0,0
BRDA:23,1,1,0
BRDA:35,2,0,0
BRDA:36,3,0,0
BRDA:40,4,0,0
BRDA:40,4,1,0
BRDA:46,5,0,0
BRDA:46,5,1,0
BRDA:60,6,0,0
BRDA:60,6,1,0
BRDA:60,6,2,0
BRDA:60,6,3,0
BRDA:73,7,0,0
BRDA:73,7,1,0
BRDA:73,7,2,0
BRDA:73,7,3,0
BRDA:95,8,0,0
BRDA:95,8,1,0
BRDA:98,9,0,0
BRDA:98,9,1,0
BRDA:103,10,0,0
BRDA:103,10,1,0
BRDA:132,11,0,0
BRDA:132,11,1,0
BRDA:134,12,0,0
BRDA:134,12,1,0
BRDA:141,13,0,0
BRDA:141,13,1,0
BRF:30
BRH:0
end_of_record
TN:
SF:src\components\chat\TypingIndicator.tsx
FN:26,(anonymous_0)
FN:30,(anonymous_1)
FN:58,(anonymous_2)
FN:74,TypingIndicator
FNF:4
FNH:0
FNDA:0,(anonymous_0)
FNDA:0,(anonymous_1)
FNDA:0,(anonymous_2)
FNDA:0,TypingIndicator
DA:26,0
DA:27,0
DA:28,0
DA:30,0
DA:31,0
DA:33,0
DA:45,0
DA:58,0
DA:63,0
DA:79,0
DA:80,0
DA:82,0
DA:109,0
LF:13
LH:0
BRDA:75,0,0,0
BRDA:77,1,0,0
BRDA:80,2,0,0
BRDA:80,2,1,0
BRDA:84,3,0,0
BRDA:84,3,1,0
BRDA:97,4,0,0
BRDA:97,4,1,0
BRF:8
BRH:0
end_of_record
TN:
SF:src\components\chat\VoiceVisualizer.tsx
FN:13,(anonymous_0)
FN:15,(anonymous_1)
FN:17,(anonymous_2)
FN:20,(anonymous_3)
FN:29,(anonymous_4)
FN:36,(anonymous_5)
FN:38,(anonymous_6)
FN:55,(anonymous_7)
FN:56,(anonymous_8)
FNF:9
FNH:0
FNDA:0,(anonymous_0)
FNDA:0,(anonymous_1)
FNDA:0,(anonymous_2)
FNDA:0,(anonymous_3)
FNDA:0,(anonymous_4)
FNDA:0,(anonymous_5)
FNDA:0,(anonymous_6)
FNDA:0,(anonymous_7)
FNDA:0,(anonymous_8)
DA:11,0
DA:13,0
DA:15,0
DA:17,0
DA:18,0
DA:20,0
DA:22,0
DA:23,0
DA:25,0
DA:29,0
DA:30,0
DA:36,0
DA:37,0
DA:38,0
DA:39,0
DA:51,0
DA:53,0
DA:56,0
DA:62,0
DA:73,0
LF:20
LH:0
BRDA:13,0,0,0
BRDA:18,1,0,0
BRDA:18,1,1,0
BRDA:37,2,0,0
BRDA:37,2,1,0
BRDA:37,3,0,0
BRDA:37,3,1,0
BRDA:51,4,0,0
BRDA:51,4,1,0
BRF:9
BRH:0
end_of_record
TN:
SF:src\components\common\AnimatedButton.tsx
FN:67,AnimatedButton
FN:86,(anonymous_1)
FN:95,(anonymous_2)
FN:104,(anonymous_3)
FN:111,(anonymous_4)
FNF:5
FNH:0
FNDA:0,AnimatedButton
FNDA:0,(anonymous_1)
FNDA:0,(anonymous_2)
FNDA:0,(anonymous_3)
FNDA:0,(anonymous_4)
DA:46,0
DA:82,0
DA:83,0
DA:84,0
DA:86,0
DA:87,0
DA:95,0
DA:96,0
DA:104,0
DA:105,0
DA:106,0
DA:108,0
DA:111,0
DA:112,0
DA:114,0
DA:120,0
DA:128,0
DA:138,0
DA:146,0
DA:154,0
DA:162,0
DA:163,0
DA:164,0
DA:167,0
DA:206,0
DA:245,0
LF:26
LH:0
BRDA:70,0,0,0
BRDA:71,1,0,0
BRDA:73,2,0,0
BRDA:74,3,0,0
BRDA:75,4,0,0
BRDA:76,5,0,0
BRDA:79,6,0,0
BRDA:105,7,0,0
BRDA:105,7,1,0
BRDA:112,8,0,0
BRDA:112,8,1,0
BRDA:112,8,2,0
BRDA:112,8,3,0
BRDA:112,8,4,0
BRDA:112,8,5,0
BRDA:122,9,0,0
BRDA:122,9,1,0
BRDA:163,10,0,0
BRDA:163,10,1,0
BRDA:164,11,0,0
BRDA:164,11,1,0
BRDA:168,12,0,0
BRDA:168,12,1,0
BRDA:175,13,0,0
BRDA:175,13,1,0
BRDA:175,13,2,0
BRDA:193,14,0,0
BRDA:193,14,1,0
BRDA:193,14,2,0
BRDA:210,15,0,0
BRDA:210,15,1,0
BRDA:224,16,0,0
BRDA:224,16,1,0
BRDA:227,17,0,0
BRDA:227,17,1,0
BRDA:231,18,0,0
BRDA:231,18,1,0
BRF:37
BRH:0
end_of_record
TN:
SF:src\components\common\AsyncBoundary.tsx
FN:18,(anonymous_0)
FNF:1
FNH:0
FNDA:0,(anonymous_0)
DA:18,0
DA:26,0
DA:27,0
DA:35,0
DA:36,0
DA:51,0
DA:54,0
LF:7
LH:0
BRDA:23,0,0,0
BRDA:24,1,0,0
BRDA:26,2,0,0
BRDA:26,2,1,0
BRDA:35,3,0,0
BRDA:35,3,1,0
BRDA:40,4,0,0
BRDA:40,4,1,0
BRDA:41,5,0,0
BRDA:41,5,1,0
BRF:10
BRH:0
end_of_record
TN:
SF:src\components\common\ErrorBoundary.tsx
FN:23,(anonymous_0)
FN:32,(anonymous_1)
FN:37,(anonymous_2)
FN:43,(anonymous_3)
FN:47,(anonymous_4)
FNF:5
FNH:0
FNDA:0,(anonymous_0)
FNDA:0,(anonymous_1)
FNDA:0,(anonymous_2)
FNDA:0,(anonymous_3)
FNDA:0,(anonymous_4)
DA:24,0
DA:25,0
DA:34,0
DA:39,0
DA:40,0
DA:43,0
DA:44,0
DA:48,0
DA:49,0
DA:50,0
DA:53,0
DA:90,0
DA:94,0
LF:13
LH:0
BRDA:48,0,0,0
BRDA:48,0,1,0
BRDA:49,1,0,0
BRDA:49,1,1,0
BRDA:65,2,0,0
BRDA:65,2,1,0
BRDA:65,2,2,0
BRDA:70,3,0,0
BRDA:70,3,1,0
BRF:9
BRH:0
end_of_record
TN:
SF:src\components\common\GlassView.tsx
FN:20,(anonymous_0)
FNF:1
FNH:0
FNDA:0,(anonymous_0)
DA:20,0
DA:27,0
DA:30,0
DA:33,0
DA:37,0
DA:66,0
LF:6
LH:0
BRDA:23,0,0,0
BRDA:25,1,0,0
BRDA:30,2,0,0
BRDA:30,2,1,0
BRDA:30,3,0,0
BRDA:30,3,1,0
BRDA:33,4,0,0
BRDA:33,4,1,0
BRDA:41,5,0,0
BRDA:41,5,1,0
BRDA:49,6,0,0
BRDA:49,6,1,0
BRF:12
BRH:0
end_of_record
TN:
SF:src\components\common\ScreenErrorBoundary.tsx
FN:20,(anonymous_0)
FN:25,(anonymous_1)
FN:29,(anonymous_2)
FN:33,(anonymous_3)
FN:44,(anonymous_4)
FNF:5
FNH:0
FNDA:0,(anonymous_0)
FNDA:0,(anonymous_1)
FNDA:0,(anonymous_2)
FNDA:0,(anonymous_3)
FNDA:0,(anonymous_4)
DA:21,0
DA:22,0
DA:26,0
DA:30,0
DA:34,0
DA:35,0
DA:44,0
DA:52,0
DA:56,0
LF:9
LH:0
BRDA:34,0,0,0
BRDA:34,0,1,0
BRF:2
BRH:0
end_of_record
TN:
SF:src\components\common\SkeletonLoader.tsx
FN:44,SkeletonItem
FN:60,(anonymous_1)
FN:114,SkeletonLoader
FN:124,(anonymous_3)
FN:132,MessageSkeleton
FN:147,ListItemSkeleton
FN:159,CardSkeleton
FNF:7
FNH:0
FNDA:0,SkeletonItem
FNDA:0,(anonymous_1)
FNDA:0,SkeletonLoader
FNDA:0,(anonymous_3)
FNDA:0,MessageSkeleton
FNDA:0,ListItemSkeleton
FNDA:0,CardSkeleton
DA:32,0
DA:34,0
DA:52,0
DA:53,0
DA:54,0
DA:56,0
DA:57,0
DA:58,0
DA:60,0
DA:61,0
DA:62,0
DA:72,0
DA:77,0
DA:78,0
DA:82,0
DA:118,0
DA:119,0
DA:122,0
DA:125,0
DA:133,0
DA:135,0
DA:148,0
DA:160,0
DA:172,0
LF:24
LH:0
BRDA:45,0,0,0
BRDA:50,1,0,0
BRDA:56,2,0,0
BRDA:56,2,1,0
BRDA:57,3,0,0
BRDA:57,3,1,0
BRDA:58,4,0,0
BRDA:58,4,1,0
BRDA:61,5,0,0
BRDA:61,5,1,0
BRDA:77,6,0,0
BRDA:77,6,1,0
BRDA:78,7,0,0
BRDA:78,7,1,0
BRDA:95,8,0,0
BRDA:95,8,1,0
BRDA:115,9,0,0
BRDA:118,10,0,0
BRDA:118,10,1,0
BRDA:125,11,0,0
BRDA:125,11,1,0
BRF:21
BRH:0
end_of_record
TN:
SF:src\components\common\Toast.tsx
FN:45,useToast
FN:62,ToastItem
FN:90,(anonymous_2)
FN:117,(anonymous_3)
FN:120,(anonymous_4)
FN:124,(anonymous_5)
FN:137,(anonymous_6)
FN:174,(anonymous_7)
FN:194,ToastProvider
FN:203,(anonymous_9)
FN:205,(anonymous_10)
FN:208,(anonymous_11)
FN:209,(anonymous_12)
FN:209,(anonymous_13)
FN:216,(anonymous_14)
FN:220,(anonymous_15)
FNF:16
FNH:0
FNDA:0,useToast
FNDA:0,ToastItem
FNDA:0,(anonymous_2)
FNDA:0,(anonymous_3)
FNDA:0,(anonymous_4)
FNDA:0,(anonymous_5)
FNDA:0,(anonymous_6)
FNDA:0,(anonymous_7)
FNDA:0,ToastProvider
FNDA:0,(anonymous_9)
FNDA:0,(anonymous_10)
FNDA:0,(anonymous_11)
FNDA:0,(anonymous_12)
FNDA:0,(anonymous_13)
FNDA:0,(anonymous_14)
FNDA:0,(anonymous_15)
DA:42,0
DA:46,0
DA:47,0
DA:48,0
DA:50,0
DA:54,0
DA:71,0
DA:72,0
DA:73,0
DA:74,0
DA:75,0
DA:77,0
DA:78,0
DA:79,0
DA:81,0
DA:88,0
DA:90,0
DA:92,0
DA:93,0
DA:94,0
DA:95,0
DA:97,0
DA:101,0
DA:116,0
DA:117,0
DA:118,0
DA:120,0
DA:124,0
DA:125,0
DA:138,0
DA:139,0
DA:143,0
DA:145,0
DA:175,0
DA:176,0
DA:201,0
DA:203,0
DA:204,0
DA:205,0
DA:208,0
DA:209,0
DA:212,0
DA:217,0
DA:220,0
DA:229,0
LF:45
LH:0
BRDA:47,0,0,0
BRDA:47,0,1,0
BRDA:73,1,0,0
BRDA:73,1,1,0
BRDA:77,2,0,0
BRDA:77,2,1,0
BRDA:79,3,0,0
BRDA:79,3,1,0
BRDA:82,4,0,0
BRDA:82,4,1,0
BRDA:83,5,0,0
BRDA:83,5,1,0
BRDA:84,6,0,0
BRDA:84,6,1,0
BRDA:85,7,0,0
BRDA:85,7,1,0
BRDA:92,8,0,0
BRDA:92,8,1,0
BRDA:94,9,0,0
BRDA:94,9,1,0
BRDA:116,10,0,0
BRDA:116,10,1,0
BRDA:127,11,0,0
BRDA:127,11,1,0
BRDA:143,12,0,0
BRDA:143,12,1,0
BRDA:155,13,0,0
BRDA:155,13,1,0
BRDA:156,14,0,0
BRDA:156,14,1,0
BRDA:172,15,0,0
BRDA:172,15,1,0
BRDA:196,16,0,0
BRDA:215,17,0,0
BRDA:215,17,1,0
BRF:35
BRH:0
end_of_record
TN:
SF:src\components\common\index.ts
FNF:0
FNH:0
LF:0
LH:0
BRF:0
BRH:0
end_of_record
TN:
SF:src\components\modals\KnowledgeBaseModal.tsx
FN:32,KnowledgeBaseModal
FN:40,(anonymous_1)
FN:46,(anonymous_2)
FN:52,(anonymous_3)
FN:64,(anonymous_4)
FN:80,(anonymous_5)
FN:172,(anonymous_6)
FN:176,(anonymous_7)
FNF:8
FNH:0
FNDA:0,KnowledgeBaseModal
FNDA:0,(anonymous_1)
FNDA:0,(anonymous_2)
FNDA:0,(anonymous_3)
FNDA:0,(anonymous_4)
FNDA:0,(anonymous_5)
FNDA:0,(anonymous_6)
FNDA:0,(anonymous_7)
DA:33,0
DA:34,0
DA:35,0
DA:36,0
DA:37,0
DA:38,0
DA:40,0
DA:41,0
DA:42,0
DA:43,0
DA:46,0
DA:47,0
DA:48,0
DA:52,0
DA:53,0
DA:54,0
DA:55,0
DA:56,0
DA:57,0
DA:59,0
DA:60,0
DA:64,0
DA:65,0
DA:67,0
DA:68,0
DA:70,0
DA:71,0
DA:72,0
DA:74,0
DA:76,0
DA:80,0
DA:81,0
DA:87,0
DA:93,0
DA:101,0
DA:173,0
DA:176,0
DA:205,0
LF:38
LH:0
BRDA:47,0,0,0
BRDA:47,0,1,0
BRDA:65,1,0,0
BRDA:65,1,1,0
BRDA:72,2,0,0
BRDA:72,2,1,0
BRDA:81,3,0,0
BRDA:81,3,1,0
BRDA:82,4,0,0
BRDA:82,4,1,0
BRDA:87,5,0,0
BRDA:87,5,1,0
BRDA:109,6,0,0
BRDA:109,6,1,0
BRDA:109,7,0,0
BRDA:109,7,1,0
BRDA:111,8,0,0
BRDA:111,8,1,0
BRDA:132,9,0,0
BRDA:132,9,1,0
BRDA:135,10,0,0
BRDA:135,10,1,0
BRDA:140,11,0,0
BRDA:140,11,1,0
BRDA:166,12,0,0
BRDA:166,12,1,0
BRDA:179,13,0,0
BRDA:179,13,1,0
BRDA:184,14,0,0
BRDA:184,14,1,0
BRDA:192,15,0,0
BRDA:192,15,1,0
BRDA:192,15,2,0
BRDA:192,15,3,0
BRF:34
BRH:0
end_of_record
TN:
SF:src\components\settings\SettingsRow.tsx
FN:22,SettingsRow
FN:39,(anonymous_1)
FNF:2
FNH:0
FNDA:0,SettingsRow
FNDA:0,(anonymous_1)
DA:37,0
DA:39,0
DA:40,0
DA:41,0
DA:51,0
DA:52,0
DA:55,0
DA:65,0
DA:67,0
DA:92,0
LF:10
LH:0
BRDA:40,0,0,0
BRDA:40,0,1,0
BRDA:51,1,0,0
BRDA:51,1,1,0
BRDA:57,2,0,0
BRDA:57,2,1,0
BRDA:65,3,0,0
BRDA:65,3,1,0
BRDA:71,4,0,0
BRDA:71,4,1,0
BRDA:73,5,0,0
BRDA:73,5,1,0
BRDA:74,6,0,0
BRDA:74,6,1,0
BRDA:75,7,0,0
BRDA:75,7,1,0
BRDA:77,8,0,0
BRDA:77,8,1,0
BRDA:77,9,0,0
BRDA:77,9,1,0
BRDA:80,10,0,0
BRDA:80,10,1,0
BRDA:81,11,0,0
BRDA:81,11,1,0
BRDA:82,12,0,0
BRDA:82,12,1,0
BRDA:85,13,0,0
BRDA:85,13,1,0
BRF:28
BRH:0
end_of_record
TN:
SF:src\components\settings\SettingsSection.tsx
FN:10,SettingsSection
FNF:1
FNH:0
FNDA:0,SettingsSection
DA:11,0
DA:13,0
DA:23,0
LF:3
LH:0
BRF:0
BRH:0
end_of_record
TN:
SF:src\components\settings\UsageStats.tsx
FN:30,AnimatedBar
FN:33,(anonymous_1)
FN:62,UsageStats
FN:69,(anonymous_3)
FN:70,(anonymous_4)
FN:80,(anonymous_5)
FN:117,(anonymous_6)
FNF:7
FNH:0
FNDA:0,AnimatedBar
FNDA:0,(anonymous_1)
FNDA:0,UsageStats
FNDA:0,(anonymous_3)
FNDA:0,(anonymous_4)
FNDA:0,(anonymous_5)
FNDA:0,(anonymous_6)
DA:8,0
DA:16,0
DA:19,0
DA:31,0
DA:33,0
DA:34,0
DA:43,0
DA:48,0
DA:63,0
DA:64,0
DA:65,0
DA:66,0
DA:67,0
DA:69,0
DA:70,0
DA:71,0
DA:72,0
DA:73,0
DA:76,0
DA:77,0
DA:78,0
DA:80,0
DA:82,0
DA:84,0
DA:86,0
DA:87,0
DA:88,0
DA:91,0
DA:93,0
DA:95,0
DA:98,0
DA:101,0
DA:102,0
DA:109,0
DA:118,0
DA:147,0
LF:36
LH:0
BRDA:78,0,0,0
BRDA:78,0,1,0
BRDA:86,1,0,0
BRDA:86,1,1,0
BRDA:101,2,0,0
BRDA:101,2,1,0
BRDA:103,3,0,0
BRDA:103,3,1,0
BRDA:110,4,0,0
BRDA:110,4,1,0
BRDA:119,5,0,0
BRDA:119,5,1,0
BRDA:127,6,0,0
BRDA:127,6,1,0
BRDA:129,7,0,0
BRDA:129,7,1,0
BRDA:134,8,0,0
BRDA:134,8,1,0
BRDA:139,9,0,0
BRDA:139,9,1,0
BRF:20
BRH:0
end_of_record
TN:
SF:src\components\voice\AudioVisualizer.tsx
FN:21,(anonymous_0)
FN:31,(anonymous_1)
FN:44,(anonymous_2)
FN:57,(anonymous_3)
FNF:4
FNH:0
FNDA:0,(anonymous_0)
FNDA:0,(anonymous_1)
FNDA:0,(anonymous_2)
FNDA:0,(anonymous_3)
DA:13,0
DA:21,0
DA:27,0
DA:28,0
DA:31,0
DA:32,0
DA:34,0
DA:35,0
DA:36,0
DA:38,0
DA:39,0
DA:44,0
DA:45,0
DA:46,0
DA:57,0
DA:58,0
DA:64,0
DA:77,0
LF:18
LH:0
BRDA:24,0,0,0
BRDA:32,1,0,0
BRDA:32,1,1,0
BRDA:45,2,0,0
BRDA:45,2,1,0
BRDA:45,3,0,0
BRDA:45,3,1,0
BRDA:70,4,0,0
BRDA:70,4,1,0
BRF:9
BRH:0
end_of_record
TN:
SF:src\components\voice\VoiceModeModal.tsx
FN:16,(anonymous_0)
FNF:1
FNH:0
FNDA:0,(anonymous_0)
DA:16,0
DA:23,0
DA:74,0
LF:3
LH:0
BRDA:41,0,0,0
BRDA:41,0,1,0
BRDA:42,1,0,0
BRDA:42,1,1,0
BRDA:43,2,0,0
BRDA:43,2,1,0
BRDA:50,3,0,0
BRDA:50,3,1,0
BRDA:51,4,0,0
BRDA:51,4,1,0
BRDA:51,5,0,0
BRDA:51,5,1,0
BRDA:57,6,0,0
BRDA:57,6,1,0
BRF:14
BRH:0
end_of_record
TN:
SF:src\config\animations.ts
FNF:0
FNH:0
DA:11,0
DA:32,0
DA:62,0
DA:116,0
DA:152,0
DA:170,0
DA:181,0
DA:239,0
DA:248,0
LF:9
LH:0
BRF:0
BRH:0
end_of_record
TN:
SF:src\config\colors.ts
FN:108,(anonymous_0)
FNF:1
FNH:0
FNDA:0,(anonymous_0)
DA:9,0
DA:39,0
DA:65,0
DA:79,0
DA:108,0
DA:120,0
DA:131,0
LF:7
LH:0
BRF:0
BRH:0
end_of_record
TN:
SF:src\config\firebase.ts
FNF:0
FNH:0
DA:12,0
DA:24,0
DA:25,0
DA:26,0
DA:28,0
DA:29,0
DA:32,0
DA:34,0
LF:8
LH:0
BRDA:25,0,0,0
BRDA:25,0,1,0
BRF:2
BRH:0
end_of_record
TN:
SF:src\config\index.ts
FNF:0
FNH:0
LF:0
LH:0
BRF:0
BRH:0
end_of_record
TN:
SF:src\config\spacing.ts
FNF:0
FNH:0
DA:9,0
DA:40,0
DA:62,0
DA:73,0
DA:87,0
DA:101,0
DA:118,0
DA:152,0
LF:8
LH:0
BRF:0
BRH:0
end_of_record
TN:
SF:src\config\typography.ts
FNF:0
FNH:0
DA:11,0
DA:50,0
DA:67,0
DA:78,0
DA:90,0
DA:101,0
LF:6
LH:0
BRF:0
BRH:0
end_of_record
TN:
SF:src\context\AuthContext.tsx
FN:46,mapFirebaseUser
FN:56,AuthProvider
FN:68,(anonymous_2)
FN:74,(anonymous_3)
FN:80,(anonymous_4)
FN:89,(anonymous_5)
FN:90,(anonymous_6)
FN:99,(anonymous_7)
FN:102,login
FN:115,signup
FN:139,logout
FN:148,loginAsGuest
FN:158,signInWithGoogle
FN:195,useAuth
FN:204,getErrorMessage
FNF:15
FNH:0
FNDA:0,mapFirebaseUser
FNDA:0,AuthProvider
FNDA:0,(anonymous_2)
FNDA:0,(anonymous_3)
FNDA:0,(anonymous_4)
FNDA:0,(anonymous_5)
FNDA:0,(anonymous_6)
FNDA:0,(anonymous_7)
FNDA:0,login
FNDA:0,signup
FNDA:0,logout
FNDA:0,loginAsGuest
FNDA:0,signInWithGoogle
FNDA:0,useAuth
FNDA:0,getErrorMessage
DA:22,0
DA:44,0
DA:47,0
DA:57,0
DA:58,0
DA:59,0
DA:62,0
DA:68,0
DA:69,0
DA:70,0
DA:74,0
DA:75,0
DA:76,0
DA:77,0
DA:78,0
DA:79,0
DA:81,0
DA:82,0
DA:83,0
DA:89,0
DA:90,0
DA:91,0
DA:92,0
DA:94,0
DA:96,0
DA:99,0
DA:103,0
DA:104,0
DA:105,0
DA:106,0
DA:108,0
DA:109,0
DA:110,0
DA:111,0
DA:116,0
DA:117,0
DA:118,0
DA:121,0
DA:122,0
DA:125,0
DA:132,0
DA:133,0
DA:134,0
DA:135,0
DA:140,0
DA:141,0
DA:142,0
DA:144,0
DA:149,0
DA:159,0
DA:160,0
DA:161,0
DA:162,0
DA:163,0
DA:164,0
DA:166,0
DA:170,0
DA:171,0
DA:172,0
DA:176,0
DA:196,0
DA:197,0
DA:198,0
DA:200,0
DA:205,0
DA:207,0
DA:209,0
DA:211,0
DA:213,0
DA:215,0
DA:217,0
DA:219,0
DA:221,0
DA:223,0
LF:74
LH:0
BRDA:49,0,0,0
BRDA:49,0,1,0
BRDA:50,1,0,0
BRDA:50,1,1,0
BRDA:51,2,0,0
BRDA:51,2,1,0
BRDA:69,3,0,0
BRDA:69,3,1,0
BRDA:75,4,0,0
BRDA:75,4,1,0
BRDA:91,5,0,0
BRDA:91,5,1,0
BRDA:108,6,0,0
BRDA:108,6,1,0
BRDA:121,7,0,0
BRDA:121,7,1,0
BRDA:121,8,0,0
BRDA:121,8,1,0
BRDA:127,9,0,0
BRDA:127,9,1,0
BRDA:132,10,0,0
BRDA:132,10,1,0
BRDA:162,11,0,0
BRDA:162,11,1,0
BRDA:163,12,0,0
BRDA:163,12,1,0
BRDA:197,13,0,0
BRDA:197,13,1,0
BRDA:205,14,0,0
BRDA:205,14,1,0
BRDA:205,14,2,0
BRDA:205,14,3,0
BRDA:205,14,4,0
BRDA:205,14,5,0
BRDA:205,14,6,0
BRDA:205,14,7,0
BRDA:205,14,8,0
BRF:37
BRH:0
end_of_record
TN:
SF:src\context\LanguageContext.tsx
FN:20,LanguageProvider
FN:23,(anonymous_1)
FN:34,(anonymous_2)
FNF:3
FNH:0
FNDA:0,LanguageProvider
FNDA:0,(anonymous_1)
FNDA:0,(anonymous_2)
DA:18,0
DA:21,0
DA:23,0
DA:24,0
DA:27,0
DA:34,0
DA:35,0
DA:36,0
DA:37,0
DA:39,0
LF:10
LH:0
BRDA:36,0,0,0
BRDA:36,0,1,0
BRF:2
BRH:0
end_of_record
TN:
SF:src\context\ThemeContext.tsx
FN:40,ThemeProvider
FN:50,(anonymous_1)
FN:57,(anonymous_2)
FN:60,(anonymous_3)
FN:61,(anonymous_4)
FN:81,(anonymous_5)
FN:87,(anonymous_6)
FN:93,(anonymous_7)
FN:98,(anonymous_8)
FN:128,(anonymous_9)
FNF:10
FNH:0
FNDA:0,ThemeProvider
FNDA:0,(anonymous_1)
FNDA:0,(anonymous_2)
FNDA:0,(anonymous_3)
FNDA:0,(anonymous_4)
FNDA:0,(anonymous_5)
FNDA:0,(anonymous_6)
FNDA:0,(anonymous_7)
FNDA:0,(anonymous_8)
FNDA:0,(anonymous_9)
DA:17,0
DA:38,0
DA:41,0
DA:42,0
DA:43,0
DA:47,0
DA:50,0
DA:51,0
DA:52,0
DA:54,0
DA:57,0
DA:60,0
DA:61,0
DA:62,0
DA:63,0
DA:64,0
DA:65,0
DA:66,0
DA:69,0
DA:70,0
DA:71,0
DA:74,0
DA:77,0
DA:81,0
DA:82,0
DA:83,0
DA:87,0
DA:88,0
DA:89,0
DA:90,0
DA:93,0
DA:94,0
DA:95,0
DA:98,0
DA:101,0
DA:104,0
DA:107,0
DA:109,0
DA:128,0
DA:129,0
DA:130,0
DA:131,0
DA:133,0
LF:43
LH:0
BRDA:51,0,0,0
BRDA:51,0,1,0
BRDA:52,1,0,0
BRDA:52,1,1,0
BRDA:64,2,0,0
BRDA:64,2,1,0
BRDA:70,3,0,0
BRDA:70,3,1,0
BRDA:82,4,0,0
BRDA:82,4,1,0
BRDA:83,5,0,0
BRDA:83,5,1,0
BRDA:101,6,0,0
BRDA:101,6,1,0
BRDA:102,7,0,0
BRDA:102,7,1,0
BRDA:103,8,0,0
BRDA:103,8,1,0
BRDA:117,9,0,0
BRDA:117,9,1,0
BRDA:130,10,0,0
BRDA:130,10,1,0
BRF:22
BRH:0
end_of_record
TN:
SF:src\hooks\useChatFlow.ts
FN:91,(anonymous_0)
FN:103,(anonymous_1)
FN:137,(anonymous_2)
FN:149,(anonymous_3)
FN:150,(anonymous_4)
FN:160,(anonymous_5)
FN:162,(anonymous_6)
FN:163,(anonymous_7)
FN:165,(anonymous_8)
FN:166,(anonymous_9)
FN:167,(anonymous_10)
FN:177,(anonymous_11)
FN:189,(anonymous_12)
FN:200,(anonymous_13)
FN:243,(anonymous_14)
FN:259,(anonymous_15)
FN:285,(anonymous_16)
FN:289,(anonymous_17)
FN:293,(anonymous_18)
FN:319,(anonymous_19)
FN:323,(anonymous_20)
FN:340,(anonymous_21)
FN:353,(anonymous_22)
FN:366,(anonymous_23)
FN:378,(anonymous_24)
FN:389,(anonymous_25)
FN:421,(anonymous_26)
FN:437,(anonymous_27)
FN:439,(anonymous_28)
FN:439,(anonymous_29)
FN:443,(anonymous_30)
FN:452,(anonymous_31)
FN:463,(anonymous_32)
FN:463,(anonymous_33)
FNF:34
FNH:0
FNDA:0,(anonymous_0)
FNDA:0,(anonymous_1)
FNDA:0,(anonymous_2)
FNDA:0,(anonymous_3)
FNDA:0,(anonymous_4)
FNDA:0,(anonymous_5)
FNDA:0,(anonymous_6)
FNDA:0,(anonymous_7)
FNDA:0,(anonymous_8)
FNDA:0,(anonymous_9)
FNDA:0,(anonymous_10)
FNDA:0,(anonymous_11)
FNDA:0,(anonymous_12)
FNDA:0,(anonymous_13)
FNDA:0,(anonymous_14)
FNDA:0,(anonymous_15)
FNDA:0,(anonymous_16)
FNDA:0,(anonymous_17)
FNDA:0,(anonymous_18)
FNDA:0,(anonymous_19)
FNDA:0,(anonymous_20)
FNDA:0,(anonymous_21)
FNDA:0,(anonymous_22)
FNDA:0,(anonymous_23)
FNDA:0,(anonymous_24)
FNDA:0,(anonymous_25)
FNDA:0,(anonymous_26)
FNDA:0,(anonymous_27)
FNDA:0,(anonymous_28)
FNDA:0,(anonymous_29)
FNDA:0,(anonymous_30)
FNDA:0,(anonymous_31)
FNDA:0,(anonymous_32)
FNDA:0,(anonymous_33)
DA:77,0
DA:91,0
DA:92,0
DA:94,0
DA:99,0
DA:101,0
DA:103,0
DA:106,0
DA:108,0
DA:110,0
DA:112,0
DA:117,0
DA:119,0
DA:121,0
DA:123,0
DA:125,0
DA:127,0
DA:129,0
DA:131,0
DA:133,0
DA:137,0
DA:143,0
DA:145,0
DA:146,0
DA:149,0
DA:150,0
DA:151,0
DA:152,0
DA:153,0
DA:156,0
DA:160,0
DA:161,0
DA:162,0
DA:163,0
DA:164,0
DA:165,0
DA:166,0
DA:167,0
DA:177,0
DA:186,0
DA:190,0
DA:200,0
DA:201,0
DA:202,0
DA:203,0
DA:205,0
DA:206,0
DA:215,0
DA:218,0
DA:226,0
DA:227,0
DA:228,0
DA:232,0
DA:233,0
DA:234,0
DA:235,0
DA:237,0
DA:238,0
DA:239,0
DA:242,0
DA:243,0
DA:245,0
DA:246,0
DA:247,0
DA:254,0
DA:255,0
DA:257,0
DA:258,0
DA:259,0
DA:261,0
DA:262,0
DA:263,0
DA:270,0
DA:271,0
DA:272,0
DA:274,0
DA:275,0
DA:279,0
DA:281,0
DA:282,0
DA:283,0
DA:286,0
DA:287,0
DA:290,0
DA:291,0
DA:294,0
DA:305,0
DA:309,0
DA:310,0
DA:311,0
DA:314,0
DA:315,0
DA:316,0
DA:318,0
DA:319,0
DA:320,0
DA:324,0
DA:325,0
DA:334,0
DA:336,0
DA:340,0
DA:341,0
DA:342,0
DA:351,0
DA:352,0
DA:353,0
DA:354,0
DA:355,0
DA:356,0
DA:357,0
DA:358,0
DA:359,0
DA:362,0
DA:363,0
DA:364,0
DA:365,0
DA:366,0
DA:367,0
DA:368,0
DA:369,0
DA:370,0
DA:378,0
DA:379,0
DA:380,0
DA:382,0
DA:388,0
DA:389,0
DA:395,0
DA:396,0
DA:398,0
DA:400,0
DA:401,0
DA:402,0
DA:408,0
DA:409,0
DA:411,0
DA:414,0
DA:415,0
DA:420,0
DA:421,0
DA:427,0
DA:428,0
DA:431,0
DA:433,0
DA:437,0
DA:438,0
DA:439,0
DA:440,0
DA:441,0
DA:442,0
DA:443,0
DA:445,0
DA:447,0
DA:449,0
DA:452,0
DA:453,0
DA:454,0
DA:456,0
DA:457,0
DA:458,0
DA:460,0
DA:461,0
DA:463,0
DA:464,0
DA:468,0
LF:165
LH:0
BRDA:92,0,0,0
BRDA:92,0,1,0
BRDA:92,0,2,0
BRDA:92,0,3,0
BRDA:92,0,4,0
BRDA:92,0,5,0
BRDA:92,0,6,0
BRDA:92,0,7,0
BRDA:92,0,8,0
BRDA:92,0,9,0
BRDA:92,0,10,0
BRDA:92,0,11,0
BRDA:92,0,12,0
BRDA:92,0,13,0
BRDA:92,0,14,0
BRDA:92,0,15,0
BRDA:96,1,0,0
BRDA:96,1,1,0
BRDA:103,2,0,0
BRDA:103,2,1,0
BRDA:114,3,0,0
BRDA:114,3,1,0
BRDA:152,4,0,0
BRDA:152,4,1,0
BRDA:201,5,0,0
BRDA:201,5,1,0
BRDA:202,6,0,0
BRDA:202,6,1,0
BRDA:202,7,0,0
BRDA:202,7,1,0
BRDA:205,8,0,0
BRDA:205,8,1,0
BRDA:205,9,0,0
BRDA:205,9,1,0
BRDA:228,10,0,0
BRDA:228,10,1,0
BRDA:237,11,0,0
BRDA:237,11,1,0
BRDA:245,12,0,0
BRDA:245,12,1,0
BRDA:246,13,0,0
BRDA:246,13,1,0
BRDA:250,14,0,0
BRDA:250,14,1,0
BRDA:257,15,0,0
BRDA:257,15,1,0
BRDA:257,16,0,0
BRDA:257,16,1,0
BRDA:261,17,0,0
BRDA:261,17,1,0
BRDA:314,18,0,0
BRDA:314,18,1,0
BRDA:316,19,0,0
BRDA:316,19,1,0
BRDA:341,20,0,0
BRDA:341,20,1,0
BRDA:351,21,0,0
BRDA:351,21,1,0
BRDA:356,22,0,0
BRDA:356,22,1,0
BRDA:359,23,0,0
BRDA:359,23,1,0
BRDA:363,24,0,0
BRDA:363,24,1,0
BRDA:367,25,0,0
BRDA:367,25,1,0
BRDA:380,26,0,0
BRDA:380,26,1,0
BRDA:380,26,2,0
BRDA:380,26,3,0
BRDA:388,27,0,0
BRDA:388,27,1,0
BRDA:388,28,0,0
BRDA:388,28,1,0
BRDA:393,29,0,0
BRDA:393,29,1,0
BRDA:401,30,0,0
BRDA:401,30,1,0
BRDA:401,31,0,0
BRDA:401,31,1,0
BRDA:416,32,0,0
BRDA:416,32,1,0
BRDA:420,33,0,0
BRDA:420,33,1,0
BRDA:420,34,0,0
BRDA:420,34,1,0
BRDA:425,35,0,0
BRDA:425,35,1,0
BRDA:425,36,0,0
BRDA:425,36,1,0
BRDA:438,37,0,0
BRDA:438,37,1,0
BRDA:440,38,0,0
BRDA:440,38,1,0
BRDA:441,39,0,0
BRDA:441,39,1,0
BRDA:442,40,0,0
BRDA:442,40,1,0
BRDA:453,41,0,0
BRDA:453,41,1,0
BRDA:454,42,0,0
BRDA:454,42,1,0
BRDA:454,42,2,0
BRF:103
BRH:0
end_of_record
TN:
SF:src\hooks\useVoiceConversation.ts
FN:14,(anonymous_0)
FN:27,(anonymous_1)
FN:33,(anonymous_2)
FN:40,(anonymous_3)
FN:54,(anonymous_4)
FN:56,(anonymous_5)
FN:60,(anonymous_6)
FN:90,(anonymous_7)
FN:96,(anonymous_8)
FN:102,(anonymous_9)
FN:108,(anonymous_10)
FN:112,(anonymous_11)
FNF:12
FNH:0
FNDA:0,(anonymous_0)
FNDA:0,(anonymous_1)
FNDA:0,(anonymous_2)
FNDA:0,(anonymous_3)
FNDA:0,(anonymous_4)
FNDA:0,(anonymous_5)
FNDA:0,(anonymous_6)
FNDA:0,(anonymous_7)
FNDA:0,(anonymous_8)
FNDA:0,(anonymous_9)
FNDA:0,(anonymous_10)
FNDA:0,(anonymous_11)
DA:14,0
DA:20,0
DA:21,0
DA:22,0
DA:25,0
DA:27,0
DA:28,0
DA:29,0
DA:30,0
DA:33,0
DA:34,0
DA:35,0
DA:36,0
DA:37,0
DA:40,0
DA:41,0
DA:43,0
DA:44,0
DA:46,0
DA:47,0
DA:48,0
DA:49,0
DA:54,0
DA:55,0
DA:61,0
DA:64,0
DA:67,0
DA:68,0
DA:70,0
DA:71,0
DA:72,0
DA:75,0
DA:79,0
DA:80,0
DA:85,0
DA:86,0
DA:93,0
DA:94,0
DA:97,0
DA:98,0
DA:102,0
DA:108,0
DA:109,0
DA:111,0
DA:112,0
DA:114,0
DA:115,0
DA:120,0
LF:48
LH:0
BRDA:41,0,0,0
BRDA:41,0,1,0
BRDA:47,1,0,0
BRDA:47,1,1,0
BRDA:61,2,0,0
BRDA:61,2,1,0
BRDA:61,3,0,0
BRDA:61,3,1,0
BRDA:68,4,0,0
BRDA:68,4,1,0
BRDA:71,5,0,0
BRDA:71,5,1,0
BRDA:71,6,0,0
BRDA:71,6,1,0
BRDA:79,7,0,0
BRDA:79,7,1,0
BRDA:85,8,0,0
BRDA:85,8,1,0
BRDA:109,9,0,0
BRDA:109,9,1,0
BRDA:114,10,0,0
BRDA:114,10,1,0
BRF:22
BRH:0
end_of_record
TN:
SF:src\i18n\index.ts
FN:85,(anonymous_0)
FNF:1
FNH:0
FNDA:0,(anonymous_0)
DA:8,0
DA:66,0
DA:67,0
DA:69,0
DA:85,0
DA:86,0
DA:87,0
LF:7
LH:0
BRDA:67,0,0,0
BRDA:67,0,1,0
BRDA:67,1,0,0
BRDA:67,1,1,0
BRDA:86,2,0,0
BRDA:86,2,1,0
BRF:6
BRH:0
end_of_record
TN:
SF:src\i18n\translations.ts
FN:422,(anonymous_0)
FNF:1
FNH:0
FNDA:0,(anonymous_0)
DA:8,0
DA:422,0
DA:424,0
DA:426,0
LF:4
LH:0
BRDA:424,0,0,0
BRDA:424,0,1,0
BRDA:426,1,0,0
BRDA:426,1,1,0
BRDA:426,1,2,0
BRF:5
BRH:0
end_of_record
TN:
SF:src\navigation\RootNavigator.tsx
FN:58,(anonymous_0)
FN:90,RootNavigator
FN:105,(anonymous_2)
FN:119,(anonymous_3)
FN:133,(anonymous_4)
FN:141,(anonymous_5)
FN:149,(anonymous_6)
FN:157,(anonymous_7)
FN:171,(anonymous_8)
FN:185,(anonymous_9)
FNF:10
FNH:0
FNDA:0,(anonymous_0)
FNDA:0,RootNavigator
FNDA:0,(anonymous_2)
FNDA:0,(anonymous_3)
FNDA:0,(anonymous_4)
FNDA:0,(anonymous_5)
FNDA:0,(anonymous_6)
FNDA:0,(anonymous_7)
FNDA:0,(anonymous_8)
FNDA:0,(anonymous_9)
DA:33,0
DA:40,0
DA:59,0
DA:91,0
DA:93,0
DA:106,0
DA:120,0
DA:134,0
DA:142,0
DA:150,0
DA:158,0
DA:172,0
DA:186,0
LF:13
LH:0
BRF:0
BRH:0
end_of_record
TN:
SF:src\navigation\linking.ts
FNF:0
FNH:0
DA:5,0
LF:1
LH:0
BRF:0
BRH:0
end_of_record
TN:
SF:src\screens\AboutScreen.tsx
FN:22,AboutScreen
FN:38,(anonymous_1)
FN:66,(anonymous_2)
FN:90,(anonymous_3)
FNF:4
FNH:0
FNDA:0,AboutScreen
FNDA:0,(anonymous_1)
FNDA:0,(anonymous_2)
FNDA:0,(anonymous_3)
DA:23,0
DA:24,0
DA:25,0
DA:27,0
DA:34,0
DA:38,0
DA:67,0
DA:91,0
DA:117,0
LF:9
LH:0
BRDA:91,0,0,0
BRDA:91,0,1,0
BRF:2
BRH:0
end_of_record
TN:
SF:src\screens\AuthScreen.tsx
FN:47,AuthScreen
FN:76,(anonymous_1)
FN:77,(anonymous_2)
FN:92,(anonymous_3)
FN:127,(anonymous_4)
FN:134,(anonymous_5)
FN:140,(anonymous_6)
FN:146,(anonymous_7)
FN:156,(anonymous_8)
FN:165,(anonymous_9)
FN:173,(anonymous_10)
FN:181,(anonymous_11)
FN:192,(anonymous_12)
FN:199,handleSubmit
FN:236,handleGuest
FN:242,handleBiometricAuth
FN:265,switchMode
FN:288,(anonymous_17)
FN:382,(anonymous_18)
FN:410,(anonymous_19)
FN:437,(anonymous_20)
FN:444,(anonymous_21)
FN:506,(anonymous_22)
FNF:23
FNH:0
FNDA:0,AuthScreen
FNDA:0,(anonymous_1)
FNDA:0,(anonymous_2)
FNDA:0,(anonymous_3)
FNDA:0,(anonymous_4)
FNDA:0,(anonymous_5)
FNDA:0,(anonymous_6)
FNDA:0,(anonymous_7)
FNDA:0,(anonymous_8)
FNDA:0,(anonymous_9)
FNDA:0,(anonymous_10)
FNDA:0,(anonymous_11)
FNDA:0,(anonymous_12)
FNDA:0,handleSubmit
FNDA:0,handleGuest
FNDA:0,handleBiometricAuth
FNDA:0,switchMode
FNDA:0,(anonymous_17)
FNDA:0,(anonymous_18)
FNDA:0,(anonymous_19)
FNDA:0,(anonymous_20)
FNDA:0,(anonymous_21)
FNDA:0,(anonymous_22)
DA:43,0
DA:48,0
DA:49,0
DA:50,0
DA:51,0
DA:52,0
DA:53,0
DA:54,0
DA:55,0
DA:56,0
DA:59,0
DA:60,0
DA:61,0
DA:62,0
DA:63,0
DA:64,0
DA:65,0
DA:68,0
DA:69,0
DA:72,0
DA:73,0
DA:74,0
DA:76,0
DA:77,0
DA:78,0
DA:79,0
DA:80,0
DA:81,0
DA:82,0
DA:83,0
DA:84,0
DA:85,0
DA:86,0
DA:92,0
DA:94,0
DA:95,0
DA:97,0
DA:98,0
DA:99,0
DA:100,0
DA:103,0
DA:127,0
DA:128,0
DA:129,0
DA:130,0
DA:131,0
DA:134,0
DA:135,0
DA:136,0
DA:137,0
DA:140,0
DA:141,0
DA:142,0
DA:143,0
DA:146,0
DA:147,0
DA:148,0
DA:149,0
DA:150,0
DA:151,0
DA:152,0
DA:153,0
DA:156,0
DA:157,0
DA:158,0
DA:159,0
DA:160,0
DA:161,0
DA:162,0
DA:165,0
DA:166,0
DA:167,0
DA:168,0
DA:169,0
DA:173,0
DA:174,0
DA:175,0
DA:176,0
DA:181,0
DA:182,0
DA:183,0
DA:184,0
DA:186,0
DA:187,0
DA:192,0
DA:193,0
DA:194,0
DA:195,0
DA:201,0
DA:202,0
DA:203,0
DA:205,0
DA:206,0
DA:207,0
DA:208,0
DA:209,0
DA:210,0
DA:212,0
DA:213,0
DA:214,0
DA:217,0
DA:218,0
DA:220,0
DA:221,0
DA:222,0
DA:224,0
DA:226,0
DA:227,0
DA:229,0
DA:230,0
DA:232,0
DA:237,0
DA:238,0
DA:239,0
DA:243,0
DA:244,0
DA:245,0
DA:251,0
DA:252,0
DA:254,0
DA:255,0
DA:257,0
DA:260,0
DA:261,0
DA:266,0
DA:267,0
DA:269,0
DA:270,0
DA:271,0
DA:272,0
DA:273,0
DA:274,0
DA:275,0
DA:278,0
DA:289,0
DA:290,0
DA:383,0
DA:384,0
DA:411,0
DA:412,0
DA:438,0
DA:439,0
DA:445,0
DA:446,0
DA:507,0
DA:508,0
DA:509,0
DA:510,0
DA:512,0
DA:513,0
DA:556,0
LF:151
LH:0
BRDA:80,0,0,0
BRDA:80,0,1,0
BRDA:80,1,0,0
BRDA:80,1,1,0
BRDA:83,2,0,0
BRDA:83,2,1,0
BRDA:85,3,0,0
BRDA:85,3,1,0
BRDA:97,4,0,0
BRDA:97,4,1,0
BRDA:128,5,0,0
BRDA:128,5,1,0
BRDA:130,6,0,0
BRDA:130,6,1,0
BRDA:135,7,0,0
BRDA:135,7,1,0
BRDA:136,8,0,0
BRDA:136,8,1,0
BRDA:141,9,0,0
BRDA:141,9,1,0
BRDA:142,10,0,0
BRDA:142,10,1,0
BRDA:148,11,0,0
BRDA:148,11,1,0
BRDA:149,12,0,0
BRDA:149,12,1,0
BRDA:150,13,0,0
BRDA:150,13,1,0
BRDA:150,14,0,0
BRDA:150,14,1,0
BRDA:151,15,0,0
BRDA:151,15,1,0
BRDA:152,16,0,0
BRDA:152,16,1,0
BRDA:157,17,0,0
BRDA:157,17,1,0
BRDA:158,18,0,0
BRDA:158,18,1,0
BRDA:159,19,0,0
BRDA:159,19,1,0
BRDA:160,20,0,0
BRDA:160,20,1,0
BRDA:161,21,0,0
BRDA:161,21,1,0
BRDA:166,22,0,0
BRDA:166,22,1,0
BRDA:167,23,0,0
BRDA:167,23,1,0
BRDA:168,24,0,0
BRDA:168,24,1,0
BRDA:175,25,0,0
BRDA:175,25,1,0
BRDA:183,26,0,0
BRDA:183,26,1,0
BRDA:186,27,0,0
BRDA:186,27,1,0
BRDA:194,28,0,0
BRDA:194,28,1,0
BRDA:203,29,0,0
BRDA:203,29,1,0
BRDA:212,30,0,0
BRDA:212,30,1,0
BRDA:212,31,0,0
BRDA:212,31,1,0
BRDA:212,31,2,0
BRDA:221,32,0,0
BRDA:221,32,1,0
BRDA:230,33,0,0
BRDA:230,33,1,0
BRDA:251,34,0,0
BRDA:251,34,1,0
BRDA:267,35,0,0
BRDA:267,35,1,0
BRDA:280,36,0,0
BRDA:280,36,1,0
BRDA:293,37,0,0
BRDA:293,37,1,0
BRDA:314,38,0,0
BRDA:314,38,1,0
BRDA:353,39,0,0
BRDA:353,39,1,0
BRDA:354,40,0,0
BRDA:354,40,1,0
BRDA:361,41,0,0
BRDA:361,41,1,0
BRDA:364,42,0,0
BRDA:364,42,1,0
BRDA:368,43,0,0
BRDA:368,43,1,0
BRDA:371,44,0,0
BRDA:371,44,1,0
BRDA:372,45,0,0
BRDA:372,45,1,0
BRDA:372,46,0,0
BRDA:372,46,1,0
BRDA:373,47,0,0
BRDA:373,47,1,0
BRDA:373,48,0,0
BRDA:373,48,1,0
BRDA:388,49,0,0
BRDA:388,49,1,0
BRDA:388,49,2,0
BRDA:388,49,3,0
BRDA:392,50,0,0
BRDA:392,50,1,0
BRDA:392,51,0,0
BRDA:392,51,1,0
BRDA:399,52,0,0
BRDA:399,52,1,0
BRDA:400,53,0,0
BRDA:400,53,1,0
BRDA:400,54,0,0
BRDA:400,54,1,0
BRDA:401,55,0,0
BRDA:401,55,1,0
BRDA:401,56,0,0
BRDA:401,56,1,0
BRDA:417,57,0,0
BRDA:417,57,1,0
BRDA:417,57,2,0
BRDA:417,57,3,0
BRDA:421,58,0,0
BRDA:421,58,1,0
BRDA:421,59,0,0
BRDA:421,59,1,0
BRDA:426,60,0,0
BRDA:426,60,1,0
BRDA:427,61,0,0
BRDA:427,61,1,0
BRDA:427,62,0,0
BRDA:427,62,1,0
BRDA:428,63,0,0
BRDA:428,63,1,0
BRDA:428,64,0,0
BRDA:428,64,1,0
BRDA:451,65,0,0
BRDA:451,65,1,0
BRDA:457,66,0,0
BRDA:457,66,1,0
BRDA:457,67,0,0
BRDA:457,67,1,0
BRDA:462,68,0,0
BRDA:462,68,1,0
BRDA:462,68,2,0
BRDA:477,69,0,0
BRDA:477,69,1,0
BRDA:487,70,0,0
BRDA:487,70,1,0
BRDA:489,71,0,0
BRDA:489,71,1,0
BRDA:512,72,0,0
BRDA:512,72,1,0
BRDA:522,73,0,0
BRDA:522,73,1,0
BRF:154
BRH:0
end_of_record
TN:
SF:src\screens\BiometricLockScreen.tsx
FN:10,BiometricLockScreen
FN:21,(anonymous_1)
FN:26,(anonymous_2)
FN:29,(anonymous_3)
FN:35,(anonymous_4)
FN:50,(anonymous_5)
FN:63,(anonymous_6)
FN:69,(anonymous_7)
FN:74,(anonymous_8)
FN:78,(anonymous_9)
FN:113,(anonymous_10)
FN:136,(anonymous_11)
FNF:12
FNH:0
FNDA:0,BiometricLockScreen
FNDA:0,(anonymous_1)
FNDA:0,(anonymous_2)
FNDA:0,(anonymous_3)
FNDA:0,(anonymous_4)
FNDA:0,(anonymous_5)
FNDA:0,(anonymous_6)
FNDA:0,(anonymous_7)
FNDA:0,(anonymous_8)
FNDA:0,(anonymous_9)
FNDA:0,(anonymous_10)
FNDA:0,(anonymous_11)
DA:11,0
DA:12,0
DA:13,0
DA:14,0
DA:17,0
DA:18,0
DA:19,0
DA:21,0
DA:22,0
DA:25,0
DA:26,0
DA:29,0
DA:30,0
DA:31,0
DA:35,0
DA:36,0
DA:37,0
DA:38,0
DA:39,0
DA:42,0
DA:43,0
DA:44,0
DA:46,0
DA:50,0
DA:51,0
DA:53,0
DA:54,0
DA:55,0
DA:56,0
DA:58,0
DA:59,0
DA:63,0
DA:64,0
DA:70,0
DA:74,0
DA:78,0
DA:79,0
DA:96,0
DA:113,0
DA:114,0
DA:115,0
DA:118,0
DA:120,0
DA:137,0
DA:138,0
DA:191,0
LF:46
LH:0
BRDA:30,0,0,0
BRDA:30,0,1,0
BRDA:37,1,0,0
BRDA:37,1,1,0
BRDA:43,2,0,0
BRDA:43,2,1,0
BRDA:44,3,0,0
BRDA:44,3,1,0
BRDA:54,4,0,0
BRDA:54,4,1,0
BRDA:118,5,0,0
BRDA:118,5,1,0
BRDA:125,6,0,0
BRDA:125,6,1,0
BRF:14
BRH:0
end_of_record
TN:
SF:src\screens\ChatScreen.tsx
FN:49,ChatScreen
FN:101,(anonymous_1)
FN:111,(anonymous_2)
FN:112,(anonymous_3)
FN:119,(anonymous_4)
FN:120,(anonymous_5)
FN:121,(anonymous_6)
FN:122,(anonymous_7)
FN:128,(anonymous_8)
FN:150,(anonymous_9)
FN:150,(anonymous_10)
FN:150,(anonymous_11)
FN:151,(anonymous_12)
FN:155,(anonymous_13)
FN:166,(anonymous_14)
FN:170,(anonymous_15)
FN:172,(anonymous_16)
FN:177,(anonymous_17)
FN:177,(anonymous_18)
FN:177,(anonymous_19)
FN:180,(anonymous_20)
FN:188,(anonymous_21)
FN:195,(anonymous_22)
FN:196,(anonymous_23)
FN:197,(anonymous_24)
FN:203,(anonymous_25)
FNF:26
FNH:0
FNDA:0,ChatScreen
FNDA:0,(anonymous_1)
FNDA:0,(anonymous_2)
FNDA:0,(anonymous_3)
FNDA:0,(anonymous_4)
FNDA:0,(anonymous_5)
FNDA:0,(anonymous_6)
FNDA:0,(anonymous_7)
FNDA:0,(anonymous_8)
FNDA:0,(anonymous_9)
FNDA:0,(anonymous_10)
FNDA:0,(anonymous_11)
FNDA:0,(anonymous_12)
FNDA:0,(anonymous_13)
FNDA:0,(anonymous_14)
FNDA:0,(anonymous_15)
FNDA:0,(anonymous_16)
FNDA:0,(anonymous_17)
FNDA:0,(anonymous_18)
FNDA:0,(anonymous_19)
FNDA:0,(anonymous_20)
FNDA:0,(anonymous_21)
FNDA:0,(anonymous_22)
FNDA:0,(anonymous_23)
FNDA:0,(anonymous_24)
FNDA:0,(anonymous_25)
DA:50,0
DA:51,0
DA:52,0
DA:55,0
DA:56,0
DA:57,0
DA:58,0
DA:59,0
DA:60,0
DA:61,0
DA:63,0
DA:64,0
DA:65,0
DA:85,0
DA:88,0
DA:90,0
DA:99,0
DA:101,0
DA:102,0
DA:103,0
DA:106,0
DA:111,0
DA:112,0
DA:119,0
DA:120,0
DA:129,0
DA:131,0
DA:150,0
DA:152,0
DA:153,0
DA:155,0
DA:166,0
DA:170,0
DA:172,0
DA:177,0
DA:180,0
DA:188,0
DA:195,0
DA:196,0
DA:197,0
DA:203,0
DA:218,0
LF:42
LH:0
BRDA:99,0,0,0
BRDA:99,0,1,0
BRDA:108,1,0,0
BRDA:108,1,1,0
BRDA:126,2,0,0
BRDA:126,2,1,0
BRDA:131,3,0,0
BRDA:131,3,1,0
BRDA:136,4,0,0
BRDA:136,4,1,0
BRDA:161,5,0,0
BRDA:161,5,1,0
BRDA:171,6,0,0
BRDA:171,6,1,0
BRF:14
BRH:0
end_of_record
TN:
SF:src\screens\EditProfileScreen.tsx
FN:33,EditProfileScreen
FN:55,(anonymous_1)
FN:59,(anonymous_2)
FN:83,(anonymous_3)
FN:103,(anonymous_4)
FN:137,(anonymous_5)
FN:150,(anonymous_6)
FN:162,(anonymous_7)
FN:175,(anonymous_8)
FN:238,(anonymous_9)
FNF:10
FNH:0
FNDA:0,EditProfileScreen
FNDA:0,(anonymous_1)
FNDA:0,(anonymous_2)
FNDA:0,(anonymous_3)
FNDA:0,(anonymous_4)
FNDA:0,(anonymous_5)
FNDA:0,(anonymous_6)
FNDA:0,(anonymous_7)
FNDA:0,(anonymous_8)
FNDA:0,(anonymous_9)
DA:34,0
DA:35,0
DA:36,0
DA:39,0
DA:40,0
DA:43,0
DA:44,0
DA:45,0
DA:46,0
DA:49,0
DA:50,0
DA:51,0
DA:53,0
DA:55,0
DA:56,0
DA:59,0
DA:60,0
DA:63,0
DA:65,0
DA:66,0
DA:67,0
DA:68,0
DA:69,0
DA:71,0
DA:72,0
DA:73,0
DA:74,0
DA:79,0
DA:80,0
DA:83,0
DA:84,0
DA:85,0
DA:86,0
DA:87,0
DA:90,0
DA:97,0
DA:98,0
DA:99,0
DA:103,0
DA:104,0
DA:105,0
DA:106,0
DA:109,0
DA:110,0
DA:112,0
DA:113,0
DA:119,0
DA:121,0
DA:122,0
DA:125,0
DA:133,0
DA:136,0
DA:137,0
DA:140,0
DA:141,0
DA:143,0
DA:147,0
DA:150,0
DA:162,0
DA:175,0
DA:238,0
DA:239,0
DA:261,0
LF:63
LH:0
BRDA:39,0,0,0
BRDA:39,0,1,0
BRDA:60,1,0,0
BRDA:60,1,1,0
BRDA:65,2,0,0
BRDA:65,2,1,0
BRDA:66,3,0,0
BRDA:66,3,1,0
BRDA:67,4,0,0
BRDA:67,4,1,0
BRDA:68,5,0,0
BRDA:68,5,1,0
BRDA:71,6,0,0
BRDA:71,6,1,0
BRDA:72,7,0,0
BRDA:72,7,1,0
BRDA:73,8,0,0
BRDA:73,8,1,0
BRDA:74,9,0,0
BRDA:74,9,1,0
BRDA:80,10,0,0
BRDA:80,10,1,0
BRDA:85,11,0,0
BRDA:85,11,1,0
BRDA:93,12,0,0
BRDA:93,12,1,0
BRDA:97,13,0,0
BRDA:97,13,1,0
BRDA:98,14,0,0
BRDA:98,14,1,0
BRDA:104,15,0,0
BRDA:104,15,1,0
BRDA:112,16,0,0
BRDA:112,16,1,0
BRDA:119,17,0,0
BRDA:119,17,1,0
BRDA:122,18,0,0
BRDA:122,18,1,0
BRDA:155,19,0,0
BRDA:155,19,1,0
BRDA:163,20,0,0
BRDA:163,20,1,0
BRDA:166,21,0,0
BRDA:166,21,1,0
BRDA:176,22,0,0
BRDA:176,22,1,0
BRDA:248,23,0,0
BRDA:248,23,1,0
BRDA:249,24,0,0
BRDA:249,24,1,0
BRF:50
BRH:0
end_of_record
TN:
SF:src\screens\MemoryScreen.tsx
FN:37,MemoryScreen
FN:45,(anonymous_1)
FN:51,(anonymous_2)
FN:65,(anonymous_3)
FN:70,(anonymous_4)
FN:70,(anonymous_5)
FN:78,(anonymous_6)
FN:88,(anonymous_7)
FN:105,(anonymous_8)
FN:118,(anonymous_9)
FN:131,(anonymous_10)
FN:165,(anonymous_11)
FNF:12
FNH:0
FNDA:0,MemoryScreen
FNDA:0,(anonymous_1)
FNDA:0,(anonymous_2)
FNDA:0,(anonymous_3)
FNDA:0,(anonymous_4)
FNDA:0,(anonymous_5)
FNDA:0,(anonymous_6)
FNDA:0,(anonymous_7)
FNDA:0,(anonymous_8)
FNDA:0,(anonymous_9)
FNDA:0,(anonymous_10)
FNDA:0,(anonymous_11)
DA:38,0
DA:39,0
DA:40,0
DA:41,0
DA:42,0
DA:43,0
DA:45,0
DA:46,0
DA:47,0
DA:51,0
DA:52,0
DA:53,0
DA:54,0
DA:55,0
DA:56,0
DA:58,0
DA:59,0
DA:61,0
DA:65,0
DA:66,0
DA:67,0
DA:68,0
DA:69,0
DA:70,0
DA:71,0
DA:73,0
DA:74,0
DA:78,0
DA:79,0
DA:80,0
DA:89,0
DA:90,0
DA:91,0
DA:92,0
DA:93,0
DA:95,0
DA:96,0
DA:105,0
DA:106,0
DA:118,0
DA:125,0
DA:131,0
DA:165,0
DA:174,0
LF:44
LH:0
BRDA:46,0,0,0
BRDA:46,0,1,0
BRDA:52,1,0,0
BRDA:52,1,1,0
BRDA:66,2,0,0
BRDA:66,2,1,0
BRDA:89,3,0,0
BRDA:89,3,1,0
BRDA:110,4,0,0
BRDA:110,4,1,0
BRDA:127,5,0,0
BRDA:127,5,1,0
BRDA:151,6,0,0
BRDA:151,6,1,0
BRDA:156,7,0,0
BRDA:156,7,1,0
BRF:16
BRH:0
end_of_record
TN:
SF:src\screens\OnboardingScreen.tsx
FN:65,AnimatedIllustration
FN:77,(anonymous_1)
FN:156,(anonymous_2)
FN:232,OnboardingScreen
FN:239,(anonymous_4)
FN:247,(anonymous_5)
FN:255,(anonymous_6)
FN:282,(anonymous_7)
FN:293,(anonymous_8)
FNF:9
FNH:0
FNDA:0,AnimatedIllustration
FNDA:0,(anonymous_1)
FNDA:0,(anonymous_2)
FNDA:0,OnboardingScreen
FNDA:0,(anonymous_4)
FNDA:0,(anonymous_5)
FNDA:0,(anonymous_6)
FNDA:0,(anonymous_7)
FNDA:0,(anonymous_8)
DA:26,0
DA:37,0
DA:66,0
DA:67,0
DA:70,0
DA:71,0
DA:72,0
DA:73,0
DA:74,0
DA:75,0
DA:77,0
DA:78,0
DA:80,0
DA:114,0
DA:132,0
DA:153,0
DA:154,0
DA:156,0
DA:157,0
DA:158,0
DA:162,0
DA:163,0
DA:164,0
DA:165,0
DA:166,0
DA:167,0
DA:171,0
DA:176,0
DA:233,0
DA:234,0
DA:235,0
DA:236,0
DA:237,0
DA:239,0
DA:240,0
DA:241,0
DA:245,0
DA:247,0
DA:248,0
DA:249,0
DA:251,0
DA:255,0
DA:256,0
DA:267,0
DA:282,0
DA:294,0
DA:295,0
DA:301,0
DA:307,0
DA:335,0
LF:50
LH:0
BRDA:67,0,0,0
BRDA:67,0,1,0
BRDA:78,1,0,0
BRDA:78,1,1,0
BRDA:226,2,0,0
BRDA:226,2,1,0
BRDA:240,3,0,0
BRDA:240,3,1,0
BRDA:241,4,0,0
BRDA:241,4,1,0
BRDA:248,5,0,0
BRDA:248,5,1,0
BRDA:324,6,0,0
BRDA:324,6,1,0
BRF:14
BRH:0
end_of_record
TN:
SF:src\screens\PrivacyPolicyScreen.tsx
FN:17,PrivacyPolicyScreen
FN:25,(anonymous_1)
FNF:2
FNH:0
FNDA:0,PrivacyPolicyScreen
FNDA:0,(anonymous_1)
DA:18,0
DA:19,0
DA:20,0
DA:22,0
DA:25,0
DA:67,0
LF:6
LH:0
BRF:0
BRH:0
end_of_record
TN:
SF:src\screens\ProfileScreen.tsx
FN:32,ProfileScreen
FN:43,(anonymous_1)
FN:50,(anonymous_2)
FN:68,(anonymous_3)
FN:115,(anonymous_4)
FN:130,(anonymous_5)
FN:188,(anonymous_6)
FN:198,(anonymous_7)
FN:268,(anonymous_8)
FN:277,(anonymous_9)
FN:282,(anonymous_10)
FN:304,(anonymous_11)
FN:310,(anonymous_12)
FN:316,(anonymous_13)
FN:334,(anonymous_14)
FN:344,(anonymous_15)
FN:360,(anonymous_16)
FN:363,(anonymous_17)
FN:395,(anonymous_18)
FN:420,(anonymous_19)
FN:430,(anonymous_20)
FN:455,(anonymous_21)
FNF:22
FNH:0
FNDA:0,ProfileScreen
FNDA:0,(anonymous_1)
FNDA:0,(anonymous_2)
FNDA:0,(anonymous_3)
FNDA:0,(anonymous_4)
FNDA:0,(anonymous_5)
FNDA:0,(anonymous_6)
FNDA:0,(anonymous_7)
FNDA:0,(anonymous_8)
FNDA:0,(anonymous_9)
FNDA:0,(anonymous_10)
FNDA:0,(anonymous_11)
FNDA:0,(anonymous_12)
FNDA:0,(anonymous_13)
FNDA:0,(anonymous_14)
FNDA:0,(anonymous_15)
FNDA:0,(anonymous_16)
FNDA:0,(anonymous_17)
FNDA:0,(anonymous_18)
FNDA:0,(anonymous_19)
FNDA:0,(anonymous_20)
FNDA:0,(anonymous_21)
DA:27,0
DA:28,0
DA:33,0
DA:34,0
DA:35,0
DA:36,0
DA:37,0
DA:38,0
DA:39,0
DA:40,0
DA:42,0
DA:44,0
DA:45,0
DA:50,0
DA:51,0
DA:52,0
DA:54,0
DA:57,0
DA:60,0
DA:61,0
DA:64,0
DA:65,0
DA:66,0
DA:68,0
DA:69,0
DA:70,0
DA:73,0
DA:74,0
DA:75,0
DA:76,0
DA:77,0
DA:78,0
DA:81,0
DA:82,0
DA:85,0
DA:86,0
DA:89,0
DA:90,0
DA:91,0
DA:92,0
DA:93,0
DA:96,0
DA:106,0
DA:108,0
DA:109,0
DA:110,0
DA:115,0
DA:116,0
DA:117,0
DA:118,0
DA:119,0
DA:120,0
DA:121,0
DA:124,0
DA:128,0
DA:130,0
DA:131,0
DA:137,0
DA:143,0
DA:146,0
DA:148,0
DA:150,0
DA:188,0
DA:198,0
DA:268,0
DA:278,0
DA:279,0
DA:282,0
DA:304,0
DA:310,0
DA:316,0
DA:335,0
DA:345,0
DA:361,0
DA:363,0
DA:396,0
DA:421,0
DA:430,0
DA:455,0
DA:456,0
DA:467,0
LF:81
LH:0
BRDA:44,0,0,0
BRDA:44,0,1,0
BRDA:51,1,0,0
BRDA:51,1,1,0
BRDA:61,2,0,0
BRDA:61,2,1,0
BRDA:61,2,2,0
BRDA:70,3,0,0
BRDA:70,3,1,0
BRDA:77,4,0,0
BRDA:77,4,1,0
BRDA:78,5,0,0
BRDA:78,5,1,0
BRDA:91,6,0,0
BRDA:91,6,1,0
BRDA:92,7,0,0
BRDA:92,7,1,0
BRDA:93,8,0,0
BRDA:93,8,1,0
BRDA:100,9,0,0
BRDA:100,9,1,0
BRDA:101,10,0,0
BRDA:101,10,1,0
BRDA:116,11,0,0
BRDA:116,11,1,0
BRDA:117,12,0,0
BRDA:117,12,1,0
BRDA:120,13,0,0
BRDA:120,13,1,0
BRDA:148,14,0,0
BRDA:148,14,1,0
BRDA:148,15,0,0
BRDA:148,15,1,0
BRDA:165,16,0,0
BRDA:165,16,1,0
BRDA:213,17,0,0
BRDA:213,17,1,0
BRDA:213,18,0,0
BRDA:213,18,1,0
BRDA:215,19,0,0
BRDA:215,19,1,0
BRDA:215,19,2,0
BRDA:240,20,0,0
BRDA:240,20,1,0
BRDA:261,21,0,0
BRDA:261,21,1,0
BRDA:267,22,0,0
BRDA:267,22,1,0
BRDA:282,23,0,0
BRDA:282,23,1,0
BRDA:283,24,0,0
BRDA:283,24,1,0
BRDA:283,25,0,0
BRDA:283,25,1,0
BRDA:286,26,0,0
BRDA:286,26,1,0
BRDA:286,27,0,0
BRDA:286,27,1,0
BRDA:288,28,0,0
BRDA:288,28,1,0
BRDA:290,29,0,0
BRDA:290,29,1,0
BRDA:305,30,0,0
BRDA:305,30,1,0
BRDA:307,31,0,0
BRDA:307,31,1,0
BRDA:307,32,0,0
BRDA:307,32,1,0
BRDA:311,33,0,0
BRDA:311,33,1,0
BRDA:313,34,0,0
BRDA:313,34,1,0
BRDA:313,35,0,0
BRDA:313,35,1,0
BRDA:317,36,0,0
BRDA:317,36,1,0
BRDA:319,37,0,0
BRDA:319,37,1,0
BRDA:319,38,0,0
BRDA:319,38,1,0
BRDA:324,39,0,0
BRDA:324,39,1,0
BRDA:332,40,0,0
BRDA:332,40,1,0
BRDA:332,41,0,0
BRDA:332,41,1,0
BRDA:359,42,0,0
BRDA:359,42,1,0
BRDA:364,43,0,0
BRDA:364,43,1,0
BRDA:364,44,0,0
BRDA:364,44,1,0
BRDA:370,45,0,0
BRDA:370,45,1,0
BRDA:379,46,0,0
BRDA:379,46,1,0
BRDA:379,47,0,0
BRDA:379,47,1,0
BRDA:388,48,0,0
BRDA:388,48,1,0
BRDA:394,49,0,0
BRDA:394,49,1,0
BRDA:396,50,0,0
BRDA:396,50,1,0
BRDA:396,51,0,0
BRDA:396,51,1,0
BRDA:409,52,0,0
BRDA:409,52,1,0
BRDA:417,53,0,0
BRDA:417,53,1,0
BRDA:421,54,0,0
BRDA:421,54,1,0
BRDA:422,55,0,0
BRDA:422,55,1,0
BRDA:424,56,0,0
BRDA:424,56,1,0
BRDA:426,57,0,0
BRDA:426,57,1,0
BRDA:456,58,0,0
BRDA:456,58,1,0
BRDA:456,59,0,0
BRDA:456,59,1,0
BRDA:457,60,0,0
BRDA:457,60,1,0
BRF:124
BRH:0
end_of_record
TN:
SF:src\screens\SettingsScreen.tsx
FN:34,SettingsScreen
FN:59,(anonymous_1)
FN:60,(anonymous_2)
FN:73,(anonymous_3)
FN:74,(anonymous_4)
FN:101,(anonymous_5)
FN:120,(anonymous_6)
FN:128,(anonymous_7)
FN:134,(anonymous_8)
FN:139,(anonymous_9)
FN:151,(anonymous_10)
FN:171,(anonymous_11)
FN:191,(anonymous_12)
FN:216,(anonymous_13)
FN:250,(anonymous_14)
FN:263,(anonymous_15)
FN:288,(anonymous_16)
FN:301,(anonymous_17)
FN:320,(anonymous_18)
FN:332,(anonymous_19)
FN:345,(anonymous_20)
FN:388,(anonymous_21)
FN:389,(anonymous_22)
FN:395,(anonymous_23)
FN:409,(anonymous_24)
FN:417,(anonymous_25)
FN:448,(anonymous_26)
FN:455,(anonymous_27)
FNF:28
FNH:0
FNDA:0,SettingsScreen
FNDA:0,(anonymous_1)
FNDA:0,(anonymous_2)
FNDA:0,(anonymous_3)
FNDA:0,(anonymous_4)
FNDA:0,(anonymous_5)
FNDA:0,(anonymous_6)
FNDA:0,(anonymous_7)
FNDA:0,(anonymous_8)
FNDA:0,(anonymous_9)
FNDA:0,(anonymous_10)
FNDA:0,(anonymous_11)
FNDA:0,(anonymous_12)
FNDA:0,(anonymous_13)
FNDA:0,(anonymous_14)
FNDA:0,(anonymous_15)
FNDA:0,(anonymous_16)
FNDA:0,(anonymous_17)
FNDA:0,(anonymous_18)
FNDA:0,(anonymous_19)
FNDA:0,(anonymous_20)
FNDA:0,(anonymous_21)
FNDA:0,(anonymous_22)
FNDA:0,(anonymous_23)
FNDA:0,(anonymous_24)
FNDA:0,(anonymous_25)
FNDA:0,(anonymous_26)
FNDA:0,(anonymous_27)
DA:35,0
DA:36,0
DA:37,0
DA:38,0
DA:39,0
DA:42,0
DA:43,0
DA:44,0
DA:45,0
DA:46,0
DA:47,0
DA:50,0
DA:51,0
DA:52,0
DA:55,0
DA:58,0
DA:60,0
DA:61,0
DA:62,0
DA:63,0
DA:64,0
DA:65,0
DA:66,0
DA:70,0
DA:73,0
DA:74,0
DA:75,0
DA:76,0
DA:78,0
DA:79,0
DA:81,0
DA:82,0
DA:84,0
DA:85,0
DA:87,0
DA:88,0
DA:91,0
DA:92,0
DA:93,0
DA:94,0
DA:95,0
DA:98,0
DA:101,0
DA:102,0
DA:104,0
DA:105,0
DA:107,0
DA:108,0
DA:112,0
DA:113,0
DA:115,0
DA:120,0
DA:128,0
DA:129,0
DA:130,0
DA:134,0
DA:135,0
DA:136,0
DA:139,0
DA:140,0
DA:141,0
DA:142,0
DA:143,0
DA:145,0
DA:149,0
DA:151,0
DA:152,0
DA:171,0
DA:172,0
DA:173,0
DA:175,0
DA:176,0
DA:178,0
DA:191,0
DA:216,0
DA:226,0
DA:251,0
DA:252,0
DA:263,0
DA:288,0
DA:301,0
DA:320,0
DA:332,0
DA:346,0
DA:347,0
DA:388,0
DA:389,0
DA:395,0
DA:409,0
DA:418,0
DA:419,0
DA:420,0
DA:421,0
DA:423,0
DA:448,0
DA:455,0
DA:461,0
LF:97
LH:0
BRDA:55,0,0,0
BRDA:55,0,1,0
BRDA:61,1,0,0
BRDA:61,1,1,0
BRDA:63,2,0,0
BRDA:63,2,1,0
BRDA:65,3,0,0
BRDA:65,3,1,0
BRDA:76,4,0,0
BRDA:76,4,1,0
BRDA:79,5,0,0
BRDA:79,5,1,0
BRDA:82,6,0,0
BRDA:82,6,1,0
BRDA:85,7,0,0
BRDA:85,7,1,0
BRDA:88,8,0,0
BRDA:88,8,1,0
BRDA:93,9,0,0
BRDA:93,9,1,0
BRDA:107,10,0,0
BRDA:107,10,1,0
BRDA:112,11,0,0
BRDA:112,11,1,0
BRDA:135,12,0,0
BRDA:135,12,1,0
BRDA:135,13,0,0
BRDA:135,13,1,0
BRDA:141,14,0,0
BRDA:141,14,1,0
BRDA:172,15,0,0
BRDA:172,15,1,0
BRDA:172,15,2,0
BRDA:175,16,0,0
BRDA:175,16,1,0
BRDA:175,17,0,0
BRDA:175,17,1,0
BRDA:180,18,0,0
BRDA:180,18,1,0
BRDA:185,19,0,0
BRDA:185,19,1,0
BRDA:194,20,0,0
BRDA:194,20,1,0
BRDA:205,21,0,0
BRDA:205,21,1,0
BRDA:252,22,0,0
BRDA:252,22,1,0
BRDA:262,23,0,0
BRDA:262,23,1,0
BRDA:262,24,0,0
BRDA:262,24,1,0
BRDA:347,25,0,0
BRDA:347,25,1,0
BRDA:356,26,0,0
BRDA:356,26,1,0
BRDA:365,27,0,0
BRDA:365,27,1,0
BRDA:388,28,0,0
BRDA:388,28,1,0
BRF:59
BRH:0
end_of_record
TN:
SF:src\screens\TermsScreen.tsx
FN:17,TermsScreen
FN:25,(anonymous_1)
FNF:2
FNH:0
FNDA:0,TermsScreen
FNDA:0,(anonymous_1)
DA:18,0
DA:19,0
DA:20,0
DA:22,0
DA:25,0
DA:67,0
LF:6
LH:0
BRF:0
BRH:0
end_of_record
TN:
SF:src\services\BiometricService.ts
FN:9,(anonymous_0)
FN:15,(anonymous_1)
FN:19,(anonymous_2)
FN:29,(anonymous_3)
FN:54,(anonymous_4)
FNF:5
FNH:0
FNDA:0,(anonymous_0)
FNDA:0,(anonymous_1)
FNDA:0,(anonymous_2)
FNDA:0,(anonymous_3)
FNDA:0,(anonymous_4)
DA:6,0
DA:10,0
DA:11,0
DA:12,0
DA:16,0
DA:20,0
DA:21,0
DA:22,0
DA:24,0
DA:25,0
DA:30,0
DA:31,0
DA:33,0
DA:34,0
DA:35,0
DA:36,0
DA:38,0
DA:41,0
DA:42,0
DA:43,0
DA:44,0
DA:46,0
DA:49,0
DA:50,0
DA:55,0
DA:56,0
DA:57,0
DA:59,0
DA:62,0
DA:69,0
DA:71,0
DA:72,0
LF:32
LH:0
BRDA:12,0,0,0
BRDA:12,0,1,0
BRDA:31,1,0,0
BRDA:31,1,1,0
BRDA:34,2,0,0
BRDA:34,2,1,0
BRDA:42,3,0,0
BRDA:42,3,1,0
BRDA:54,4,0,0
BRDA:57,5,0,0
BRDA:57,5,1,0
BRF:11
BRH:0
end_of_record
TN:
SF:src\services\ImageCacheService.ts
FN:10,(anonymous_0)
FN:12,(anonymous_1)
FN:19,(anonymous_2)
FN:32,(anonymous_3)
FN:60,(anonymous_4)
FNF:5
FNH:0
FNDA:0,(anonymous_0)
FNDA:0,(anonymous_1)
FNDA:0,(anonymous_2)
FNDA:0,(anonymous_3)
FNDA:0,(anonymous_4)
DA:4,0
DA:8,0
DA:13,0
DA:14,0
DA:16,0
DA:20,0
DA:21,0
DA:22,0
DA:23,0
DA:24,0
DA:26,0
DA:28,0
DA:33,0
DA:34,0
DA:36,0
DA:37,0
DA:38,0
DA:39,0
DA:41,0
DA:43,0
DA:44,0
DA:48,0
DA:49,0
DA:50,0
DA:52,0
DA:55,0
DA:56,0
DA:61,0
DA:62,0
DA:63,0
DA:64,0
DA:66,0
DA:71,0
LF:33
LH:0
BRDA:13,0,0,0
BRDA:13,0,1,0
BRDA:20,1,0,0
BRDA:20,1,1,0
BRDA:23,2,0,0
BRDA:23,2,1,0
BRDA:33,3,0,0
BRDA:33,3,1,0
BRDA:38,4,0,0
BRDA:38,4,1,0
BRDA:43,5,0,0
BRDA:43,5,1,0
BRDA:49,6,0,0
BRDA:49,6,1,0
BRF:14
BRH:0
end_of_record
TN:
SF:src\services\LanguageService.ts
FN:66,(anonymous_0)
FN:76,(anonymous_1)
FN:79,(anonymous_2)
FNF:3
FNH:0
FNDA:0,(anonymous_0)
FNDA:0,(anonymous_1)
FNDA:0,(anonymous_2)
DA:5,0
DA:7,0
DA:67,0
DA:68,0
DA:69,0
DA:71,0
DA:72,0
DA:77,0
DA:79,0
DA:80,0
DA:81,0
DA:82,0
DA:84,0
DA:86,0
DA:87,0
LF:15
LH:0
BRDA:69,0,0,0
BRDA:69,0,1,0
BRDA:79,1,0,0
BRDA:79,1,1,0
BRF:4
BRH:0
end_of_record
TN:
SF:src\services\NotificationManager.ts
FN:19,(anonymous_0)
FN:60,getSecondsUntilNextTrigger
FNF:2
FNH:0
FNDA:0,(anonymous_0)
FNDA:0,getSecondsUntilNextTrigger
DA:10,0
DA:11,0
DA:12,0
DA:14,0
DA:20,0
DA:22,0
DA:23,0
DA:26,0
DA:29,0
DA:31,0
DA:40,0
DA:46,0
DA:48,0
DA:52,0
DA:61,0
DA:62,0
DA:64,0
DA:66,0
DA:68,0
DA:71,0
DA:72,0
LF:21
LH:0
BRDA:23,0,0,0
BRDA:23,0,1,0
BRDA:29,1,0,0
BRDA:29,1,1,0
BRDA:66,2,0,0
BRDA:66,2,1,0
BRF:6
BRH:0
end_of_record
TN:
SF:src\services\NotificationService.ts
FN:7,(anonymous_0)
FN:21,registerForPushNotificationsAsync
FN:63,addNotificationListeners
FN:70,(anonymous_3)
FN:76,scheduleNotification
FN:91,cancelAllNotifications
FNF:6
FNH:0
FNDA:0,(anonymous_0)
FNDA:0,registerForPushNotificationsAsync
FNDA:0,addNotificationListeners
FNDA:0,(anonymous_3)
FNDA:0,scheduleNotification
FNDA:0,cancelAllNotifications
DA:6,0
DA:7,0
DA:24,0
DA:25,0
DA:33,0
DA:34,0
DA:35,0
DA:36,0
DA:37,0
DA:38,0
DA:40,0
DA:41,0
DA:42,0
DA:44,0
DA:45,0
DA:46,0
DA:47,0
DA:49,0
DA:52,0
DA:54,0
DA:57,0
DA:60,0
DA:67,0
DA:68,0
DA:70,0
DA:71,0
DA:72,0
DA:77,0
DA:92,0
LF:29
LH:0
BRDA:24,0,0,0
BRDA:24,0,1,0
BRDA:33,1,0,0
BRDA:33,1,1,0
BRDA:36,2,0,0
BRDA:36,2,1,0
BRDA:40,3,0,0
BRDA:40,3,1,0
BRDA:45,4,0,0
BRDA:45,4,1,0
BRDA:46,5,0,0
BRDA:46,5,1,0
BRF:12
BRH:0
end_of_record
TN:
SF:src\services\ProfileService.ts
FN:45,(anonymous_0)
FN:59,(anonymous_1)
FNF:2
FNH:0
FNDA:0,(anonymous_0)
FNDA:0,(anonymous_1)
DA:24,0
DA:44,0
DA:46,0
DA:47,0
DA:48,0
DA:49,0
DA:50,0
DA:52,0
DA:54,0
DA:55,0
DA:60,0
DA:61,0
DA:62,0
DA:63,0
DA:65,0
DA:66,0
LF:16
LH:0
BRDA:48,0,0,0
BRDA:48,0,1,0
BRF:2
BRH:0
end_of_record
TN:
SF:src\services\SpeechService.ts
FN:45,(anonymous_0)
FN:47,(anonymous_1)
FN:54,(anonymous_2)
FN:64,(anonymous_3)
FN:73,(anonymous_4)
FN:77,(anonymous_5)
FN:91,(anonymous_6)
FN:94,(anonymous_7)
FN:106,(anonymous_8)
FN:109,(anonymous_9)
FN:119,(anonymous_10)
FN:130,(anonymous_11)
FN:155,(anonymous_12)
FN:159,(anonymous_13)
FN:183,(anonymous_14)
FN:192,(anonymous_15)
FN:196,(anonymous_16)
FN:201,(anonymous_17)
FN:204,(anonymous_18)
FNF:19
FNH:0
FNDA:0,(anonymous_0)
FNDA:0,(anonymous_1)
FNDA:0,(anonymous_2)
FNDA:0,(anonymous_3)
FNDA:0,(anonymous_4)
FNDA:0,(anonymous_5)
FNDA:0,(anonymous_6)
FNDA:0,(anonymous_7)
FNDA:0,(anonymous_8)
FNDA:0,(anonymous_9)
FNDA:0,(anonymous_10)
FNDA:0,(anonymous_11)
FNDA:0,(anonymous_12)
FNDA:0,(anonymous_13)
FNDA:0,(anonymous_14)
FNDA:0,(anonymous_15)
FNDA:0,(anonymous_16)
FNDA:0,(anonymous_17)
FNDA:0,(anonymous_18)
DA:6,0
DA:35,0
DA:37,0
DA:41,0
DA:42,0
DA:43,0
DA:48,0
DA:49,0
DA:51,0
DA:55,0
DA:57,0
DA:58,0
DA:59,0
DA:64,0
DA:69,0
DA:74,0
DA:77,0
DA:78,0
DA:81,0
DA:82,0
DA:83,0
DA:86,0
DA:88,0
DA:91,0
DA:92,0
DA:93,0
DA:94,0
DA:95,0
DA:96,0
DA:99,0
DA:102,0
DA:106,0
DA:107,0
DA:108,0
DA:109,0
DA:112,0
DA:115,0
DA:119,0
DA:120,0
DA:121,0
DA:122,0
DA:126,0
DA:127,0
DA:138,0
DA:139,0
DA:143,0
DA:145,0
DA:146,0
DA:148,0
DA:150,0
DA:156,0
DA:157,0
DA:160,0
DA:161,0
DA:162,0
DA:167,0
DA:168,0
DA:174,0
DA:175,0
DA:177,0
DA:180,0
DA:184,0
DA:185,0
DA:189,0
DA:193,0
DA:197,0
DA:198,0
DA:202,0
DA:203,0
DA:204,0
DA:205,0
LF:71
LH:0
BRDA:48,0,0,0
BRDA:48,0,1,0
BRDA:55,1,0,0
BRDA:55,1,1,0
BRDA:81,2,0,0
BRDA:81,2,1,0
BRDA:88,3,0,0
BRDA:88,3,1,0
BRDA:92,4,0,0
BRDA:92,4,1,0
BRDA:93,5,0,0
BRDA:93,5,1,0
BRDA:94,6,0,0
BRDA:94,6,1,0
BRDA:96,7,0,0
BRDA:96,7,1,0
BRDA:99,8,0,0
BRDA:99,8,1,0
BRDA:107,9,0,0
BRDA:107,9,1,0
BRDA:108,10,0,0
BRDA:108,10,1,0
BRDA:109,11,0,0
BRDA:109,11,1,0
BRDA:112,12,0,0
BRDA:112,12,1,0
BRDA:120,13,0,0
BRDA:120,13,1,0
BRDA:132,14,0,0
BRDA:133,15,0,0
BRDA:134,16,0,0
BRDA:135,17,0,0
BRDA:138,18,0,0
BRDA:138,18,1,0
BRDA:151,19,0,0
BRDA:151,19,1,0
BRDA:157,20,0,0
BRDA:157,20,1,0
BRDA:162,21,0,0
BRDA:162,21,1,0
BRDA:167,22,0,0
BRDA:167,22,1,0
BRDA:174,23,0,0
BRDA:174,23,1,0
BRDA:175,24,0,0
BRDA:175,24,1,0
BRF:46
BRH:0
end_of_record
TN:
SF:src\services\StorageService.ts
FN:17,(anonymous_0)
FN:21,(anonymous_1)
FN:50,(anonymous_2)
FN:83,(anonymous_3)
FN:91,(anonymous_4)
FN:107,(anonymous_5)
FN:117,(anonymous_6)
FN:130,(anonymous_7)
FNF:8
FNH:0
FNDA:0,(anonymous_0)
FNDA:0,(anonymous_1)
FNDA:0,(anonymous_2)
FNDA:0,(anonymous_3)
FNDA:0,(anonymous_4)
FNDA:0,(anonymous_5)
FNDA:0,(anonymous_6)
FNDA:0,(anonymous_7)
DA:4,0
DA:15,0
DA:18,0
DA:22,0
DA:23,0
DA:24,0
DA:44,0
DA:46,0
DA:51,0
DA:52,0
DA:53,0
DA:58,0
DA:69,0
DA:72,0
DA:79,0
DA:84,0
DA:85,0
DA:86,0
DA:91,0
DA:102,0
DA:103,0
DA:108,0
DA:109,0
DA:110,0
DA:117,0
DA:125,0
DA:126,0
DA:131,0
DA:132,0
DA:133,0
DA:134,0
DA:136,0
LF:32
LH:0
BRDA:50,0,0,0
BRDA:51,1,0,0
BRDA:51,1,1,0
BRDA:64,2,0,0
BRDA:64,2,1,0
BRDA:65,3,0,0
BRDA:65,3,1,0
BRDA:66,4,0,0
BRDA:66,4,1,0
BRDA:67,5,0,0
BRDA:67,5,1,0
BRDA:83,6,0,0
BRDA:83,7,0,0
BRDA:83,8,0,0
BRDA:84,9,0,0
BRDA:84,9,1,0
BRDA:96,10,0,0
BRDA:96,10,1,0
BRDA:97,11,0,0
BRDA:97,11,1,0
BRDA:108,12,0,0
BRDA:108,12,1,0
BRDA:131,13,0,0
BRDA:131,13,1,0
BRF:24
BRH:0
end_of_record
TN:
SF:src\services\SuggestionService.ts
FN:6,(anonymous_0)
FNF:1
FNH:0
FNDA:0,(anonymous_0)
DA:6,0
DA:7,0
DA:10,0
DA:11,0
DA:18,0
DA:19,0
DA:26,0
DA:27,0
DA:34,0
DA:35,0
DA:42,0
DA:43,0
DA:51,0
LF:13
LH:0
BRDA:10,0,0,0
BRDA:10,0,1,0
BRDA:10,1,0,0
BRDA:10,1,1,0
BRDA:18,2,0,0
BRDA:18,2,1,0
BRDA:18,3,0,0
BRDA:18,3,1,0
BRDA:26,4,0,0
BRDA:26,4,1,0
BRDA:26,5,0,0
BRDA:26,5,1,0
BRDA:34,6,0,0
BRDA:34,6,1,0
BRDA:34,7,0,0
BRDA:34,7,1,0
BRDA:34,7,2,0
BRDA:42,8,0,0
BRDA:42,8,1,0
BRDA:42,9,0,0
BRDA:42,9,1,0
BRDA:42,9,2,0
BRF:22
BRH:0
end_of_record
TN:
SF:src\services\VoiceInputService.ts
FN:25,(anonymous_0)
FN:27,(anonymous_1)
FN:34,(anonymous_2)
FN:39,(anonymous_3)
FN:44,(anonymous_4)
FN:85,(anonymous_5)
FN:112,(anonymous_6)
FN:118,(anonymous_7)
FN:128,(anonymous_8)
FN:142,(anonymous_9)
FN:158,(anonymous_10)
FN:167,(anonymous_11)
FNF:12
FNH:0
FNDA:0,(anonymous_0)
FNDA:0,(anonymous_1)
FNDA:0,(anonymous_2)
FNDA:0,(anonymous_3)
FNDA:0,(anonymous_4)
FNDA:0,(anonymous_5)
FNDA:0,(anonymous_6)
FNDA:0,(anonymous_7)
FNDA:0,(anonymous_8)
FNDA:0,(anonymous_9)
FNDA:0,(anonymous_10)
FNDA:0,(anonymous_11)
DA:14,0
DA:15,0
DA:16,0
DA:17,0
DA:20,0
DA:21,0
DA:22,0
DA:23,0
DA:28,0
DA:29,0
DA:31,0
DA:35,0
DA:45,0
DA:46,0
DA:47,0
DA:50,0
DA:51,0
DA:52,0
DA:53,0
DA:56,0
DA:64,0
DA:68,0
DA:69,0
DA:70,0
DA:73,0
DA:75,0
DA:76,0
DA:79,0
DA:80,0
DA:81,0
DA:86,0
DA:87,0
DA:88,0
DA:89,0
DA:91,0
DA:93,0
DA:94,0
DA:95,0
DA:98,0
DA:102,0
DA:103,0
DA:106,0
DA:107,0
DA:108,0
DA:113,0
DA:116,0
DA:117,0
DA:118,0
DA:119,0
DA:120,0
DA:121,0
DA:122,0
DA:129,0
DA:130,0
DA:132,0
DA:133,0
DA:134,0
DA:136,0
DA:137,0
DA:138,0
DA:143,0
DA:145,0
DA:146,0
DA:147,0
DA:150,0
DA:151,0
DA:152,0
DA:153,0
DA:157,0
DA:158,0
DA:159,0
DA:160,0
DA:161,0
DA:168,0
DA:170,0
DA:175,0
DA:186,0
DA:187,0
DA:190,0
DA:191,0
DA:193,0
DA:194,0
LF:82
LH:0
BRDA:28,0,0,0
BRDA:28,0,1,0
BRDA:46,1,0,0
BRDA:46,1,1,0
BRDA:51,2,0,0
BRDA:51,2,1,0
BRDA:91,3,0,0
BRDA:91,3,1,0
BRDA:113,4,0,0
BRDA:113,4,1,0
BRDA:116,5,0,0
BRDA:116,5,1,0
BRDA:119,6,0,0
BRDA:119,6,1,0
BRDA:119,7,0,0
BRDA:119,7,1,0
BRDA:129,8,0,0
BRDA:129,8,1,0
BRDA:132,9,0,0
BRDA:132,9,1,0
BRDA:136,10,0,0
BRDA:136,10,1,0
BRDA:143,11,0,0
BRDA:143,11,1,0
BRDA:145,12,0,0
BRDA:145,12,1,0
BRDA:150,13,0,0
BRDA:150,13,1,0
BRDA:157,14,0,0
BRDA:157,14,1,0
BRDA:157,15,0,0
BRDA:157,15,1,0
BRDA:167,16,0,0
BRDA:186,17,0,0
BRDA:186,17,1,0
BRF:35
BRH:0
end_of_record
TN:
SF:src\services\api.ts
FN:22,getToken
FN:27,authFetch
FN:47,signup
FN:71,login
FN:95,logout
FN:100,getCurrentUser
FN:105,isAuthenticated
FN:120,updateUserProfile
FN:142,getChats
FN:152,createChat
FN:165,getChatMessages
FN:175,sendMessage
FN:188,deleteChat
FN:203,updateChatFolder
FN:224,getUserStats
FN:282,sendOrchestratedMessage
FN:355,sendOrchestratedMessageStream
FN:447,getOrchestratorStatus
FN:498,sendGuestMessage
FN:531,healthCheck
FN:552,queryLocalLLM
FN:580,getLocalLLMStatus
FN:590,advancedReasoning
FN:617,getReasoningMethods
FN:634,queryKnowledge
FN:657,searchKnowledge
FN:674,getKnowledgeStatus
FN:690,queryExpert
FN:717,listExperts
FN:727,webSearch
FN:744,getBrowserStatus
FN:755,analyzeImage
FN:803,getMemories
FN:821,deleteMemory
FN:838,clearMemory
FNF:35
FNH:0
FNDA:0,getToken
FNDA:0,authFetch
FNDA:0,signup
FNDA:0,login
FNDA:0,logout
FNDA:0,getCurrentUser
FNDA:0,isAuthenticated
FNDA:0,updateUserProfile
FNDA:0,getChats
FNDA:0,createChat
FNDA:0,getChatMessages
FNDA:0,sendMessage
FNDA:0,deleteChat
FNDA:0,updateChatFolder
FNDA:0,getUserStats
FNDA:0,sendOrchestratedMessage
FNDA:0,sendOrchestratedMessageStream
FNDA:0,getOrchestratorStatus
FNDA:0,sendGuestMessage
FNDA:0,healthCheck
FNDA:0,queryLocalLLM
FNDA:0,getLocalLLMStatus
FNDA:0,advancedReasoning
FNDA:0,getReasoningMethods
FNDA:0,queryKnowledge
FNDA:0,searchKnowledge
FNDA:0,getKnowledgeStatus
FNDA:0,queryExpert
FNDA:0,listExperts
FNDA:0,webSearch
FNDA:0,getBrowserStatus
FNDA:0,analyzeImage
FNDA:0,getMemories
FNDA:0,deleteMemory
FNDA:0,clearMemory
DA:14,0
DA:15,0
DA:18,0
DA:19,0
DA:23,0
DA:28,0
DA:30,0
DA:35,0
DA:36,0
DA:39,0
DA:48,0
DA:54,0
DA:55,0
DA:56,0
DA:59,0
DA:61,0
DA:62,0
DA:64,0
DA:65,0
DA:68,0
DA:72,0
DA:78,0
DA:79,0
DA:80,0
DA:83,0
DA:85,0
DA:86,0
DA:88,0
DA:89,0
DA:92,0
DA:96,0
DA:97,0
DA:101,0
DA:102,0
DA:106,0
DA:107,0
DA:121,0
DA:126,0
DA:130,0
DA:131,0
DA:134,0
DA:136,0
DA:137,0
DA:143,0
DA:145,0
DA:146,0
DA:149,0
DA:153,0
DA:158,0
DA:159,0
DA:162,0
DA:166,0
DA:168,0
DA:169,0
DA:172,0
DA:176,0
DA:181,0
DA:182,0
DA:185,0
DA:189,0
DA:193,0
DA:194,0
DA:197,0
DA:204,0
DA:209,0
DA:210,0
DA:213,0
DA:225,0
DA:226,0
DA:230,0
DA:231,0
DA:234,0
DA:237,0
DA:238,0
DA:290,0
DA:291,0
DA:292,0
DA:293,0
DA:294,0
DA:297,0
DA:309,0
DA:310,0
DA:313,0
DA:315,0
DA:334,0
DA:335,0
DA:367,0
DA:368,0
DA:369,0
DA:370,0
DA:371,0
DA:374,0
DA:389,0
DA:390,0
DA:393,0
DA:394,0
DA:395,0
DA:398,0
DA:399,0
DA:401,0
DA:402,0
DA:404,0
DA:406,0
DA:407,0
DA:410,0
DA:412,0
DA:413,0
DA:415,0
DA:416,0
DA:417,0
DA:419,0
DA:420,0
DA:421,0
DA:422,0
DA:423,0
DA:424,0
DA:428,0
DA:429,0
DA:432,0
DA:437,0
DA:438,0
DA:439,0
DA:448,0
DA:449,0
DA:450,0
DA:452,0
DA:453,0
DA:462,0
DA:499,0
DA:504,0
DA:505,0
DA:506,0
DA:507,0
DA:510,0
DA:512,0
DA:513,0
DA:515,0
DA:519,0
DA:520,0
DA:521,0
DA:522,0
DA:523,0
DA:525,0
DA:532,0
DA:533,0
DA:534,0
DA:536,0
DA:557,0
DA:569,0
DA:570,0
DA:571,0
DA:574,0
DA:581,0
DA:582,0
DA:595,0
DA:606,0
DA:607,0
DA:608,0
DA:611,0
DA:618,0
DA:619,0
DA:635,0
DA:646,0
DA:647,0
DA:648,0
DA:651,0
DA:658,0
DA:663,0
DA:664,0
DA:665,0
DA:668,0
DA:675,0
DA:676,0
DA:695,0
DA:706,0
DA:707,0
DA:708,0
DA:711,0
DA:718,0
DA:719,0
DA:728,0
DA:733,0
DA:734,0
DA:735,0
DA:738,0
DA:745,0
DA:746,0
DA:760,0
DA:762,0
DA:765,0
DA:769,0
DA:778,0
DA:779,0
DA:780,0
DA:783,0
DA:784,0
DA:790,0
DA:791,0
DA:805,0
DA:806,0
DA:807,0
DA:810,0
DA:811,0
DA:812,0
DA:813,0
DA:814,0
DA:816,0
DA:818,0
DA:822,0
DA:823,0
DA:826,0
DA:829,0
DA:830,0
DA:831,0
DA:833,0
DA:835,0
DA:839,0
DA:840,0
DA:843,0
DA:846,0
DA:847,0
DA:848,0
DA:850,0
DA:852,0
LF:224
LH:0
BRDA:14,0,0,0
BRDA:14,0,1,0
BRDA:27,1,0,0
BRDA:32,2,0,0
BRDA:32,2,1,0
BRDA:35,3,0,0
BRDA:35,3,1,0
BRDA:54,4,0,0
BRDA:54,4,1,0
BRDA:56,5,0,0
BRDA:56,5,1,0
BRDA:61,6,0,0
BRDA:61,6,1,0
BRDA:64,7,0,0
BRDA:64,7,1,0
BRDA:78,8,0,0
BRDA:78,8,1,0
BRDA:80,9,0,0
BRDA:80,9,1,0
BRDA:85,10,0,0
BRDA:85,10,1,0
BRDA:88,11,0,0
BRDA:88,11,1,0
BRDA:102,12,0,0
BRDA:102,12,1,0
BRDA:126,13,0,0
BRDA:126,13,1,0
BRDA:145,14,0,0
BRDA:145,14,1,0
BRDA:158,15,0,0
BRDA:158,15,1,0
BRDA:168,16,0,0
BRDA:168,16,1,0
BRDA:181,17,0,0
BRDA:181,17,1,0
BRDA:193,18,0,0
BRDA:193,18,1,0
BRDA:209,19,0,0
BRDA:209,19,1,0
BRDA:230,20,0,0
BRDA:230,20,1,0
BRDA:284,21,0,0
BRDA:285,22,0,0
BRDA:286,23,0,0
BRDA:287,24,0,0
BRDA:288,25,0,0
BRDA:292,26,0,0
BRDA:292,26,1,0
BRDA:309,27,0,0
BRDA:309,27,1,0
BRDA:319,28,0,0
BRDA:319,28,1,0
BRDA:322,29,0,0
BRDA:322,29,1,0
BRDA:323,30,0,0
BRDA:323,30,1,0
BRDA:327,31,0,0
BRDA:327,31,1,0
BRDA:328,32,0,0
BRDA:328,32,1,0
BRDA:330,33,0,0
BRDA:330,33,1,0
BRDA:331,34,0,0
BRDA:331,34,1,0
BRDA:346,35,0,0
BRDA:346,35,1,0
BRDA:361,36,0,0
BRDA:362,37,0,0
BRDA:363,38,0,0
BRDA:364,39,0,0
BRDA:365,40,0,0
BRDA:369,41,0,0
BRDA:369,41,1,0
BRDA:389,42,0,0
BRDA:389,42,1,0
BRDA:394,43,0,0
BRDA:394,43,1,0
BRDA:404,44,0,0
BRDA:404,44,1,0
BRDA:410,45,0,0
BRDA:410,45,1,0
BRDA:413,46,0,0
BRDA:413,46,1,0
BRDA:413,47,0,0
BRDA:413,47,1,0
BRDA:419,48,0,0
BRDA:419,48,1,0
BRDA:421,49,0,0
BRDA:421,49,1,0
BRDA:423,50,0,0
BRDA:423,50,1,0
BRDA:428,51,0,0
BRDA:428,51,1,0
BRDA:437,52,0,0
BRDA:437,52,1,0
BRDA:453,53,0,0
BRDA:453,53,1,0
BRDA:498,54,0,0
BRDA:505,55,0,0
BRDA:505,55,1,0
BRDA:512,56,0,0
BRDA:512,56,1,0
BRDA:515,57,0,0
BRDA:515,57,1,0
BRDA:520,58,0,0
BRDA:520,58,1,0
BRDA:522,59,0,0
BRDA:522,59,1,0
BRDA:554,60,0,0
BRDA:555,61,0,0
BRDA:562,62,0,0
BRDA:562,62,1,0
BRDA:563,63,0,0
BRDA:563,63,1,0
BRDA:564,64,0,0
BRDA:564,64,1,0
BRDA:565,65,0,0
BRDA:565,65,1,0
BRDA:569,66,0,0
BRDA:569,66,1,0
BRDA:571,67,0,0
BRDA:571,67,1,0
BRDA:592,68,0,0
BRDA:593,69,0,0
BRDA:606,70,0,0
BRDA:606,70,1,0
BRDA:608,71,0,0
BRDA:608,71,1,0
BRDA:634,72,0,0
BRDA:639,73,0,0
BRDA:639,73,1,0
BRDA:640,74,0,0
BRDA:640,74,1,0
BRDA:641,75,0,0
BRDA:641,75,1,0
BRDA:646,76,0,0
BRDA:646,76,1,0
BRDA:648,77,0,0
BRDA:648,77,1,0
BRDA:657,78,0,0
BRDA:663,79,0,0
BRDA:663,79,1,0
BRDA:665,80,0,0
BRDA:665,80,1,0
BRDA:692,81,0,0
BRDA:693,82,0,0
BRDA:700,83,0,0
BRDA:700,83,1,0
BRDA:701,84,0,0
BRDA:701,84,1,0
BRDA:702,85,0,0
BRDA:702,85,1,0
BRDA:706,86,0,0
BRDA:706,86,1,0
BRDA:708,87,0,0
BRDA:708,87,1,0
BRDA:727,88,0,0
BRDA:733,89,0,0
BRDA:733,89,1,0
BRDA:735,90,0,0
BRDA:735,90,1,0
BRDA:757,91,0,0
BRDA:758,92,0,0
BRDA:778,93,0,0
BRDA:778,93,1,0
BRDA:780,94,0,0
BRDA:780,94,1,0
BRDA:786,95,0,0
BRDA:786,95,1,0
BRDA:786,95,2,0
BRDA:794,96,0,0
BRDA:794,96,1,0
BRDA:803,97,0,0
BRDA:805,98,0,0
BRDA:805,98,1,0
BRDA:805,99,0,0
BRDA:805,99,1,0
BRDA:811,100,0,0
BRDA:811,100,1,0
BRDA:812,101,0,0
BRDA:812,101,1,0
BRDA:812,102,0,0
BRDA:812,102,1,0
BRDA:822,103,0,0
BRDA:822,103,1,0
BRDA:822,104,0,0
BRDA:822,104,1,0
BRDA:829,105,0,0
BRDA:829,105,1,0
BRDA:830,106,0,0
BRDA:830,106,1,0
BRDA:830,107,0,0
BRDA:830,107,1,0
BRDA:839,108,0,0
BRDA:839,108,1,0
BRDA:839,109,0,0
BRDA:839,109,1,0
BRDA:846,110,0,0
BRDA:846,110,1,0
BRDA:847,111,0,0
BRDA:847,111,1,0
BRDA:847,112,0,0
BRDA:847,112,1,0
BRF:203
BRH:0
end_of_record
TN:
SF:src\services\geminiVision.ts
FN:36,analyzeThaliImage
FN:74,(anonymous_1)
FNF:2
FNH:0
FNDA:0,analyzeThaliImage
FNDA:0,(anonymous_1)
DA:8,0
DA:37,0
DA:38,0
DA:40,0
DA:48,0
DA:51,0
DA:52,0
DA:53,0
DA:65,0
DA:66,0
DA:67,0
DA:70,0
DA:73,0
DA:74,0
DA:92,0
DA:93,0
LF:16
LH:0
BRDA:51,0,0,0
BRDA:51,0,1,0
BRDA:61,1,0,0
BRDA:61,1,1,0
BRDA:65,2,0,0
BRDA:65,2,1,0
BRDA:67,3,0,0
BRDA:67,3,1,0
BRDA:74,4,0,0
BRDA:74,4,1,0
BRDA:76,5,0,0
BRDA:76,5,1,0
BRDA:83,6,0,0
BRDA:83,6,1,0
BRDA:84,7,0,0
BRDA:84,7,1,0
BRDA:85,8,0,0
BRDA:85,8,1,0
BRDA:86,9,0,0
BRDA:86,9,1,0
BRDA:87,10,0,0
BRDA:87,10,1,0
BRDA:101,11,0,0
BRDA:101,11,1,0
BRF:24
BRH:0
end_of_record
TN:
SF:src\services\voiceService.js
FN:12,(anonymous_0)
FN:29,(anonymous_1)
FN:34,(anonymous_2)
FN:40,(anonymous_3)
FN:46,(anonymous_4)
FN:51,(anonymous_5)
FN:54,(anonymous_6)
FN:59,(anonymous_7)
FN:95,(anonymous_8)
FN:96,(anonymous_9)
FN:98,(anonymous_10)
FN:105,(anonymous_11)
FN:113,(anonymous_12)
FN:149,(anonymous_13)
FN:187,(anonymous_14)
FN:192,(anonymous_15)
FNF:16
FNH:0
FNDA:0,(anonymous_0)
FNDA:0,(anonymous_1)
FNDA:0,(anonymous_2)
FNDA:0,(anonymous_3)
FNDA:0,(anonymous_4)
FNDA:0,(anonymous_5)
FNDA:0,(anonymous_6)
FNDA:0,(anonymous_7)
FNDA:0,(anonymous_8)
FNDA:0,(anonymous_9)
FNDA:0,(anonymous_10)
FNDA:0,(anonymous_11)
FNDA:0,(anonymous_12)
FNDA:0,(anonymous_13)
FNDA:0,(anonymous_14)
FNDA:0,(anonymous_15)
DA:8,0
DA:9,0
DA:13,0
DA:14,0
DA:15,0
DA:16,0
DA:24,0
DA:25,0
DA:30,0
DA:35,0
DA:37,0
DA:38,0
DA:40,0
DA:41,0
DA:42,0
DA:43,0
DA:46,0
DA:47,0
DA:48,0
DA:49,0
DA:51,0
DA:54,0
DA:55,0
DA:56,0
DA:59,0
DA:61,0
DA:62,0
DA:63,0
DA:65,0
DA:67,0
DA:69,0
DA:70,0
DA:72,0
DA:73,0
DA:75,0
DA:76,0
DA:77,0
DA:79,0
DA:80,0
DA:81,0
DA:83,0
DA:84,0
DA:89,0
DA:90,0
DA:96,0
DA:97,0
DA:98,0
DA:99,0
DA:100,0
DA:106,0
DA:107,0
DA:108,0
DA:114,0
DA:115,0
DA:116,0
DA:119,0
DA:121,0
DA:122,0
DA:123,0
DA:124,0
DA:128,0
DA:135,0
DA:138,0
DA:139,0
DA:140,0
DA:142,0
DA:143,0
DA:144,0
DA:150,0
DA:152,0
DA:153,0
DA:154,0
DA:155,0
DA:158,0
DA:163,0
DA:164,0
DA:165,0
DA:166,0
DA:170,0
DA:171,0
DA:174,0
DA:177,0
DA:181,0
DA:182,0
DA:188,0
DA:190,0
DA:192,0
DA:193,0
DA:194,0
DA:195,0
DA:196,0
DA:197,0
DA:201,0
DA:202,0
DA:203,0
DA:208,0
DA:209,0
DA:210,0
DA:212,0
DA:218,0
LF:100
LH:0
BRDA:8,0,0,0
BRDA:8,0,1,0
BRDA:8,0,2,0
BRDA:35,1,0,0
BRDA:35,1,1,0
BRDA:35,2,0,0
BRDA:35,2,1,0
BRDA:61,3,0,0
BRDA:61,3,1,0
BRDA:67,4,0,0
BRDA:67,4,1,0
BRDA:67,4,2,0
BRDA:67,4,3,0
BRDA:67,4,4,0
BRDA:106,5,0,0
BRDA:106,5,1,0
BRDA:114,6,0,0
BRDA:114,6,1,0
BRDA:122,7,0,0
BRDA:122,7,1,0
BRDA:150,8,0,0
BRDA:150,8,1,0
BRDA:188,9,0,0
BRDA:188,9,1,0
BRF:24
BRH:0
end_of_record
TN:
SF:src\types\chat.ts
FNF:0
FNH:0
LF:0
LH:0
BRF:0
BRH:0
end_of_record
TN:
SF:src\types\syntax-highlighter.d.ts
FNF:0
FNH:0
LF:0
LH:0
BRF:0
BRH:0
end_of_record
TN:
SF:src\utils\PerformanceMonitor.ts
FN:3,(anonymous_0)
FN:6,(anonymous_1)
FN:15,(anonymous_2)
FN:21,(anonymous_3)
FNF:4
FNH:0
FNDA:0,(anonymous_0)
FNDA:0,(anonymous_1)
FNDA:0,(anonymous_2)
FNDA:0,(anonymous_3)
DA:3,0
DA:4,0
DA:6,0
DA:7,0
DA:8,0
DA:13,0
DA:16,0
DA:17,0
DA:22,0
DA:23,0
DA:24,0
DA:25,0
LF:12
LH:0
BRDA:16,0,0,0
BRDA:16,0,1,0
BRDA:22,1,0,0
BRDA:22,1,1,0
BRDA:22,2,0,0
BRDA:22,2,1,0
BRF:6
BRH:0
end_of_record
TN:
SF:src\utils\errorLogger.ts
FN:15,logError
FN:32,logEvent
FNF:2
FNH:0
FNDA:0,logError
FNDA:0,logEvent
DA:16,0
DA:25,0
DA:33,0
DA:41,0
LF:4
LH:0
BRDA:15,0,0,0
BRDA:20,1,0,0
BRDA:20,1,1,0
BRDA:21,2,0,0
BRDA:21,2,1,0
BRDA:32,3,0,0
BRF:6
BRH:0
end_of_record
